

********************************************
 Dump Paramter 
********************************************
 Project          : ckt72_w_kk
 Custom Directory : ckt72_w_kk
 SECRO AC         : yes
 NAND Page Size   : 4K
 BUILD_UBOOT      : no


********************************************
 Create Folder 
********************************************
Image Dir 'out/target/product/ckt72_w_kk'


********************************************
 SecRo Post Processing 
********************************************
[Dependency] /home/epicuser/lkdcompilation_ckt72_w_kk-mt6572/mediatek/build/tools/SecRo/secro_post.pl
[Dependency] /home/epicuser/lkdcompilation_ckt72_w_kk-mt6572/mediatek/build/tools/pack_dep_gen.pm
[Dependency] /home/epicuser/lkdcompilation_ckt72_w_kk-mt6572/mediatek/custom/common/secro/SECRO_DEFAULT_LOCK_CFG.ini
[Dependency] /home/epicuser/lkdcompilation_ckt72_w_kk-mt6572/mediatek/custom/common/secro/AND_SECURE_RO
[Dependency] /home/epicuser/lkdcompilation_ckt72_w_kk-mt6572/mediatek/custom/ckt72_w_kk/secro/AC_REGION
[Dependency] /home/epicuser/lkdcompilation_ckt72_w_kk-mt6572/mediatek/custom/common/secro/SECURE_RO
[Dependency] /home/epicuser/lkdcompilation_ckt72_w_kk-mt6572/mediatek/custom/common/secro/SECURE_RO
[Dependency] /home/epicuser/lkdcompilation_ckt72_w_kk-mt6572/mediatek/custom/common/secro/SECURE_RO
[Dependency] /home/epicuser/lkdcompilation_ckt72_w_kk-mt6572/mediatek/custom/common/secro/SECURE_RO
[Dependency] /home/epicuser/lkdcompilation_ckt72_w_kk-mt6572/mediatek/custom/common/secro/SECURE_RO
[Dependency] /home/epicuser/lkdcompilation_ckt72_w_kk-mt6572/mediatek/custom/common/secro/SECURE_RO
[Dependency] /home/epicuser/lkdcompilation_ckt72_w_kk-mt6572/mediatek/custom/common/secro/SECURE_RO
[Dependency] /home/epicuser/lkdcompilation_ckt72_w_kk-mt6572/mediatek/custom/common/secro/SECURE_RO
[Dependency] /home/epicuser/lkdcompilation_ckt72_w_kk-mt6572/mediatek/custom/common/secro/SECURE_RO
[Dependency] /home/epicuser/lkdcompilation_ckt72_w_kk-mt6572/mediatek/custom/common/secro/SECURE_RO
******************************************************
*********************** SETTINGS *********************
******************************************************
 Project           =  ckt72_w_kk
 Custom Dir  =  ckt72_w_kk
 MTK_ENABLE_MD1 = yes
 MTK_ENABLE_MD2 = no
 MTK_PLATFORM = MT6572
 MTK_ROOT_CUSTOM_OUT = out/target/product/ckt72_w_kk/obj/CUSTGEN/custom
this modem does not has modem specific SECRO image, use prj SECRO
this modem2 does not has modem2 specific SECRO image, use prj SECRO
 ac_region = mediatek/custom/ckt72_w_kk/secro/AC_REGION
does not has AP specific AC_REGION_RO image, use common AC_REGION_RO
 and_secro = mediatek/custom/common/secro/AND_SECURE_RO
does not has MODEM specific SECURE_RO image, use common SECURE_RO
 md_secro = mediatek/custom/common/secro/SECURE_RO
does not has MODEM specific SECURE_RO image, use common SECURE_RO_sys2
 md2_secro = mediatek/custom/common/secro/SECURE_RO_sys2
[Dependency] /home/epicuser/lkdcompilation_ckt72_w_kk-mt6572/mediatek/custom/ckt72_w_kk/security/sml_auth/SML_ENCODE_KEY.ini
[Dependency] /home/epicuser/lkdcompilation_ckt72_w_kk-mt6572/mediatek/build/tools/SecRo/SECRO_POST
MTK_SEC_SECRO_AC_SUPPORT = yes

=========================================
[Android SECRO Post Processing Tool V5]

Built at Sat Jun 8 23:16:55 CST 2013
=========================================

[AC Region] fill secro image (world phone support)... 
[INI] SECRO_CFG = 'mediatek/custom/common/secro/SECRO_DEFAULT_LOCK_CFG.ini'
[INI] AND_SECRO = 'mediatek/custom/common/secro/AND_SECURE_RO'
[INI] AC_REGION = 'mediatek/custom/ckt72_w_kk/secro/AC_REGION'
[INI] SECRO[0] = 'mediatek/custom/common/secro/SECURE_RO'
[INI] SECRO[1] = 'mediatek/custom/common/secro/SECURE_RO'
[INI] SECRO[2] = 'mediatek/custom/common/secro/SECURE_RO'
[INI] SECRO[3] = 'mediatek/custom/common/secro/SECURE_RO'
[INI] SECRO[4] = 'mediatek/custom/common/secro/SECURE_RO'
[INI] SECRO[5] = 'mediatek/custom/common/secro/SECURE_RO'
[INI] SECRO[6] = 'mediatek/custom/common/secro/SECURE_RO'
[INI] SECRO[7] = 'mediatek/custom/common/secro/SECURE_RO'
[INI] SECRO[8] = 'mediatek/custom/common/secro/SECURE_RO'
[INI] SECRO[9] = 'mediatek/custom/common/secro/SECURE_RO'
[AC Region] mediatek/custom/ckt72_w_kk/security/sml_auth/SML_ENCODE_KEY.ini Found
[AC Region] import CUSTOM_AES_128 (SO)
[AC Region] 0x41,0x33,0x31,0x32
[AC Region] 'mediatek/custom/ckt72_w_kk/secro/AC_REGION' file size (11264) bytes 
[AC Region] Found
[AC Region] AC ID = 'AND_AC_REGION'
0x41,0x33,0x31,0x32,
[AC Region] read config file mediatek/custom/common/secro/SECRO_DEFAULT_LOCK_CFG.ini
[AC Region] 'mediatek/custom/common/secro/AND_SECURE_RO' file size (128) bytes 
[AC Region] 'mediatek/custom/common/secro/SECURE_RO' file size (416) bytes 
[AC Region] 'mediatek/custom/common/secro/SECURE_RO' file size (416) bytes 
0x79,0x6c,0x73,0x75,
[AC Region] Hash Length    = '0x2be0'
0x41,0x4e,0x44,0x5f,0x41,0x43,0x5f,0x52,0x45,0x47,0x49,0x4f,0x4e,0x0,0x0,0x0,
[AC Region] Hash :0x78,0x71,0x2b,0x67,0xac,0xf6,0x95,0x78,0x4c,0xf4,0xc2,0x44,0xb9,0xdc,0x92,0xbd,
[AC Region] Header ID         = 'AND_AC_REGION'
[AC Region] Region length     = '0x2bc0'
[AC Region] Region offset     = '0x40'
[AC Region] Hash length       = '0x14'
[AC Region] Hash offset       = '0x2be0'
[AC Region] AND SECRO offset  = '0x40'
[AC Region] AND SECRO length  = '0x80'
[AC Region] MD SECRO offset   = '0xbe0'
[AC Region] MD SECRO length   = '0x1a0'
[AC Region] MD2 SECRO offset   = '0x1be0'
[AC Region] MD2 SECRO length   = '0x1a0'
[AC Region] World phone suport, md count is 10
[MODEM] Modem img[0] = 'mediatek/custom/common/secro/SECURE_RO'
[MODEM] Modem info[0] = 'SECURE_RO'
[MODEM] 'mediatek/custom/common/secro/SECURE_RO' file size (416) bytes 
[MODEM] Hash Length = '0x2be0'
[MODEM] MD[0] Hash :0x7c,0xf2,0x6c,0x4,0x30,0x2,0x81,0xc9,0x6b,0xfe,0x84,0xc1,0xd7,0x1d,0xb6,0xa,
[AC Region] fill md[0]='mediatek/custom/common/secro/SECURE_RO' done
[MODEM] Modem img[1] = 'mediatek/custom/common/secro/SECURE_RO'
[MODEM] Modem info[1] = 'SECURE_RO'
[MODEM] 'mediatek/custom/common/secro/SECURE_RO' file size (416) bytes 
[MODEM] Hash Length = '0x2be0'
[MODEM] MD[1] Hash :0xc7,0x44,0x8b,0xc9,0x30,0x6d,0x83,0xd5,0x36,0xa5,0xe5,0x8c,0x11,0x45,0xe9,0x6c,
[AC Region] fill md[1]='mediatek/custom/common/secro/SECURE_RO' done
[MODEM] Modem img[2] = 'mediatek/custom/common/secro/SECURE_RO'
[MODEM] Modem info[2] = 'SECURE_RO'
[MODEM] 'mediatek/custom/common/secro/SECURE_RO' file size (416) bytes 
[MODEM] Hash Length = '0x2be0'
[MODEM] MD[2] Hash :0x22,0x9d,0xd1,0x6e,0xa1,0x84,0xf,0x3e,0x8a,0x8c,0x7d,0x4c,0xc5,0xc3,0x62,0x5b,
[AC Region] fill md[2]='mediatek/custom/common/secro/SECURE_RO' done
[MODEM] Modem img[3] = 'mediatek/custom/common/secro/SECURE_RO'
[MODEM] Modem info[3] = 'SECURE_RO'
[MODEM] 'mediatek/custom/common/secro/SECURE_RO' file size (416) bytes 
[MODEM] Hash Length = '0x2be0'
[MODEM] MD[3] Hash :0x8f,0xe3,0xbd,0x4f,0x36,0xd4,0xa,0x58,0x2e,0xd6,0x1c,0xe,0x57,0x76,0xe9,0x29,
[AC Region] fill md[3]='mediatek/custom/common/secro/SECURE_RO' done
[MODEM] Modem img[4] = 'mediatek/custom/common/secro/SECURE_RO'
[MODEM] Modem info[4] = 'SECURE_RO'
[MODEM] 'mediatek/custom/common/secro/SECURE_RO' file size (416) bytes 
[MODEM] Hash Length = '0x2be0'
[MODEM] MD[4] Hash :0x13,0x4b,0x18,0xe0,0xa3,0xb6,0x90,0xeb,0x7f,0x1b,0x20,0x2a,0x21,0x51,0x3d,0x7f,
[AC Region] fill md[4]='mediatek/custom/common/secro/SECURE_RO' done
[MODEM] Modem img[5] = 'mediatek/custom/common/secro/SECURE_RO'
[MODEM] Modem info[5] = 'SECURE_RO'
[MODEM] 'mediatek/custom/common/secro/SECURE_RO' file size (416) bytes 
[MODEM] Hash Length = '0x2be0'
[MODEM] MD[5] Hash :0x63,0xcc,0xa0,0x92,0x83,0xa8,0x53,0xac,0x0,0xa5,0xdb,0x5f,0x32,0x2a,0x3b,0x2f,
[AC Region] fill md[5]='mediatek/custom/common/secro/SECURE_RO' done
[MODEM] Modem img[6] = 'mediatek/custom/common/secro/SECURE_RO'
[MODEM] Modem info[6] = 'SECURE_RO'
[MODEM] 'mediatek/custom/common/secro/SECURE_RO' file size (416) bytes 
[MODEM] Hash Length = '0x2be0'
[MODEM] MD[6] Hash :0x4c,0xf5,0x4e,0x87,0xfa,0x47,0x36,0xea,0x2,0xd3,0x37,0x6,0x5b,0x55,0x63,0x6e,
[AC Region] fill md[6]='mediatek/custom/common/secro/SECURE_RO' done
[MODEM] Modem img[7] = 'mediatek/custom/common/secro/SECURE_RO'
[MODEM] Modem info[7] = 'SECURE_RO'
[MODEM] 'mediatek/custom/common/secro/SECURE_RO' file size (416) bytes 
[MODEM] Hash Length = '0x2be0'
[MODEM] MD[7] Hash :0x41,0x7d,0x4c,0xc4,0x74,0x56,0x50,0x7e,0xe3,0x53,0xec,0x89,0x5f,0xba,0x5,0x88,
[AC Region] fill md[7]='mediatek/custom/common/secro/SECURE_RO' done
[MODEM] Modem img[8] = 'mediatek/custom/common/secro/SECURE_RO'
[MODEM] Modem info[8] = 'SECURE_RO'
[MODEM] 'mediatek/custom/common/secro/SECURE_RO' file size (416) bytes 
[MODEM] Hash Length = '0x2be0'
[MODEM] MD[8] Hash :0x68,0x3f,0xea,0x60,0x21,0x8,0x9c,0x9c,0x62,0x5d,0x9d,0xed,0x81,0xb2,0xbd,0x75,
[AC Region] fill md[8]='mediatek/custom/common/secro/SECURE_RO' done
[MODEM] Modem img[9] = 'mediatek/custom/common/secro/SECURE_RO'
[MODEM] Modem info[9] = 'SECURE_RO'
[MODEM] 'mediatek/custom/common/secro/SECURE_RO' file size (416) bytes 
[MODEM] Hash Length = '0x2be0'
[MODEM] MD[9] Hash :0x37,0x13,0x27,0xfd,0xae,0x9d,0x50,0x81,0xc1,0xe3,0x3a,0x31,0x37,0xb5,0xeb,0x70,
[AC Region] fill md[9]='mediatek/custom/common/secro/SECURE_RO' done
[AC Region] write 'out/target/product/ckt72_w_kk/secro.img' done
[AC Region] fill secro image done
[Dependency] /home/epicuser/lkdcompilation_ckt72_w_kk-mt6572/mediatek/build/tools/SecRo/secro_post.pl
[Dependency] /home/epicuser/lkdcompilation_ckt72_w_kk-mt6572/mediatek/build/tools/pack_dep_gen.pm
[Dependency] /home/epicuser/lkdcompilation_ckt72_w_kk-mt6572/mediatek/custom/common/secro/SECRO_FACTORY_LOCK_CFG.ini
[Dependency] /home/epicuser/lkdcompilation_ckt72_w_kk-mt6572/mediatek/custom/common/secro/AND_SECURE_RO
[Dependency] /home/epicuser/lkdcompilation_ckt72_w_kk-mt6572/mediatek/custom/ckt72_w_kk/secro/AC_REGION
[Dependency] /home/epicuser/lkdcompilation_ckt72_w_kk-mt6572/mediatek/custom/common/secro/SECURE_RO
[Dependency] /home/epicuser/lkdcompilation_ckt72_w_kk-mt6572/mediatek/custom/common/secro/SECURE_RO
[Dependency] /home/epicuser/lkdcompilation_ckt72_w_kk-mt6572/mediatek/custom/common/secro/SECURE_RO
[Dependency] /home/epicuser/lkdcompilation_ckt72_w_kk-mt6572/mediatek/custom/common/secro/SECURE_RO
[Dependency] /home/epicuser/lkdcompilation_ckt72_w_kk-mt6572/mediatek/custom/common/secro/SECURE_RO
[Dependency] /home/epicuser/lkdcompilation_ckt72_w_kk-mt6572/mediatek/custom/common/secro/SECURE_RO
[Dependency] /home/epicuser/lkdcompilation_ckt72_w_kk-mt6572/mediatek/custom/common/secro/SECURE_RO
[Dependency] /home/epicuser/lkdcompilation_ckt72_w_kk-mt6572/mediatek/custom/common/secro/SECURE_RO
[Dependency] /home/epicuser/lkdcompilation_ckt72_w_kk-mt6572/mediatek/custom/common/secro/SECURE_RO
[Dependency] /home/epicuser/lkdcompilation_ckt72_w_kk-mt6572/mediatek/custom/common/secro/SECURE_RO
******************************************************
*********************** SETTINGS *********************
******************************************************
 Project           =  ckt72_w_kk
 Custom Dir  =  ckt72_w_kk
 MTK_ENABLE_MD1 = yes
 MTK_ENABLE_MD2 = no
 MTK_PLATFORM = MT6572
 MTK_ROOT_CUSTOM_OUT = out/target/product/ckt72_w_kk/obj/CUSTGEN/custom
this modem does not has modem specific SECRO image, use prj SECRO
this modem2 does not has modem2 specific SECRO image, use prj SECRO
 ac_region = mediatek/custom/ckt72_w_kk/secro/AC_REGION
does not has AP specific AC_REGION_RO image, use common AC_REGION_RO
 and_secro = mediatek/custom/common/secro/AND_SECURE_RO
does not has MODEM specific SECURE_RO image, use common SECURE_RO
 md_secro = mediatek/custom/common/secro/SECURE_RO
does not has MODEM specific SECURE_RO image, use common SECURE_RO_sys2
 md2_secro = mediatek/custom/common/secro/SECURE_RO_sys2
[Dependency] /home/epicuser/lkdcompilation_ckt72_w_kk-mt6572/mediatek/custom/ckt72_w_kk/security/sml_auth/SML_ENCODE_KEY.ini
[Dependency] /home/epicuser/lkdcompilation_ckt72_w_kk-mt6572/mediatek/build/tools/SecRo/SECRO_POST
MTK_SEC_SECRO_AC_SUPPORT = yes

=========================================
[Android SECRO Post Processing Tool V5]

Built at Sat Jun 8 23:16:55 CST 2013
=========================================

[AC Region] fill secro image (world phone support)... 
[INI] SECRO_CFG = 'mediatek/custom/common/secro/SECRO_FACTORY_LOCK_CFG.ini'
[INI] AND_SECRO = 'mediatek/custom/common/secro/AND_SECURE_RO'
[INI] AC_REGION = 'mediatek/custom/ckt72_w_kk/secro/AC_REGION'
[INI] SECRO[0] = 'mediatek/custom/common/secro/SECURE_RO'
[INI] SECRO[1] = 'mediatek/custom/common/secro/SECURE_RO'
[INI] SECRO[2] = 'mediatek/custom/common/secro/SECURE_RO'
[INI] SECRO[3] = 'mediatek/custom/common/secro/SECURE_RO'
[INI] SECRO[4] = 'mediatek/custom/common/secro/SECURE_RO'
[INI] SECRO[5] = 'mediatek/custom/common/secro/SECURE_RO'
[INI] SECRO[6] = 'mediatek/custom/common/secro/SECURE_RO'
[INI] SECRO[7] = 'mediatek/custom/common/secro/SECURE_RO'
[INI] SECRO[8] = 'mediatek/custom/common/secro/SECURE_RO'
[INI] SECRO[9] = 'mediatek/custom/common/secro/SECURE_RO'
[AC Region] mediatek/custom/ckt72_w_kk/security/sml_auth/SML_ENCODE_KEY.ini Found
[AC Region] import CUSTOM_AES_128 (SO)
[AC Region] 0x41,0x33,0x31,0x32
[AC Region] 'mediatek/custom/ckt72_w_kk/secro/AC_REGION' file size (11264) bytes 
[AC Region] Found
[AC Region] AC ID = 'AND_AC_REGION'
0x41,0x33,0x31,0x32,
[AC Region] read config file mediatek/custom/common/secro/SECRO_FACTORY_LOCK_CFG.ini
[AC Region] 'mediatek/custom/common/secro/AND_SECURE_RO' file size (128) bytes 
[AC Region] 'mediatek/custom/common/secro/SECURE_RO' file size (416) bytes 
[AC Region] 'mediatek/custom/common/secro/SECURE_RO' file size (416) bytes 
0x79,0x6c,0x73,0x75,
[AC Region] Hash Length    = '0x2be0'
0x41,0x4e,0x44,0x5f,0x41,0x43,0x5f,0x52,0x45,0x47,0x49,0x4f,0x4e,0x0,0x0,0x0,
[AC Region] Hash :0x98,0x1c,0xdf,0xc9,0xec,0xa,0x7f,0x5a,0xa9,0xfa,0xa3,0x54,0xc6,0xb9,0x89,0xff,
[AC Region] Header ID         = 'AND_AC_REGION'
[AC Region] Region length     = '0x2bc0'
[AC Region] Region offset     = '0x40'
[AC Region] Hash length       = '0x14'
[AC Region] Hash offset       = '0x2be0'
[AC Region] AND SECRO offset  = '0x40'
[AC Region] AND SECRO length  = '0x80'
[AC Region] MD SECRO offset   = '0xbe0'
[AC Region] MD SECRO length   = '0x1a0'
[AC Region] MD2 SECRO offset   = '0x1be0'
[AC Region] MD2 SECRO length   = '0x1a0'
[AC Region] World phone suport, md count is 10
[MODEM] Modem img[0] = 'mediatek/custom/common/secro/SECURE_RO'
[MODEM] Modem info[0] = 'SECURE_RO'
[MODEM] 'mediatek/custom/common/secro/SECURE_RO' file size (416) bytes 
[MODEM] Hash Length = '0x2be0'
[MODEM] MD[0] Hash :0x7c,0xf2,0x6c,0x4,0x30,0x2,0x81,0xc9,0x6b,0xfe,0x84,0xc1,0xd7,0x1d,0xb6,0xa,
[AC Region] fill md[0]='mediatek/custom/common/secro/SECURE_RO' done
[MODEM] Modem img[1] = 'mediatek/custom/common/secro/SECURE_RO'
[MODEM] Modem info[1] = 'SECURE_RO'
[MODEM] 'mediatek/custom/common/secro/SECURE_RO' file size (416) bytes 
[MODEM] Hash Length = '0x2be0'
[MODEM] MD[1] Hash :0xc7,0x44,0x8b,0xc9,0x30,0x6d,0x83,0xd5,0x36,0xa5,0xe5,0x8c,0x11,0x45,0xe9,0x6c,
[AC Region] fill md[1]='mediatek/custom/common/secro/SECURE_RO' done
[MODEM] Modem img[2] = 'mediatek/custom/common/secro/SECURE_RO'
[MODEM] Modem info[2] = 'SECURE_RO'
[MODEM] 'mediatek/custom/common/secro/SECURE_RO' file size (416) bytes 
[MODEM] Hash Length = '0x2be0'
[MODEM] MD[2] Hash :0x22,0x9d,0xd1,0x6e,0xa1,0x84,0xf,0x3e,0x8a,0x8c,0x7d,0x4c,0xc5,0xc3,0x62,0x5b,
[AC Region] fill md[2]='mediatek/custom/common/secro/SECURE_RO' done
[MODEM] Modem img[3] = 'mediatek/custom/common/secro/SECURE_RO'
[MODEM] Modem info[3] = 'SECURE_RO'
[MODEM] 'mediatek/custom/common/secro/SECURE_RO' file size (416) bytes 
[MODEM] Hash Length = '0x2be0'
[MODEM] MD[3] Hash :0x8f,0xe3,0xbd,0x4f,0x36,0xd4,0xa,0x58,0x2e,0xd6,0x1c,0xe,0x57,0x76,0xe9,0x29,
[AC Region] fill md[3]='mediatek/custom/common/secro/SECURE_RO' done
[MODEM] Modem img[4] = 'mediatek/custom/common/secro/SECURE_RO'
[MODEM] Modem info[4] = 'SECURE_RO'
[MODEM] 'mediatek/custom/common/secro/SECURE_RO' file size (416) bytes 
[MODEM] Hash Length = '0x2be0'
[MODEM] MD[4] Hash :0x13,0x4b,0x18,0xe0,0xa3,0xb6,0x90,0xeb,0x7f,0x1b,0x20,0x2a,0x21,0x51,0x3d,0x7f,
[AC Region] fill md[4]='mediatek/custom/common/secro/SECURE_RO' done
[MODEM] Modem img[5] = 'mediatek/custom/common/secro/SECURE_RO'
[MODEM] Modem info[5] = 'SECURE_RO'
[MODEM] 'mediatek/custom/common/secro/SECURE_RO' file size (416) bytes 
[MODEM] Hash Length = '0x2be0'
[MODEM] MD[5] Hash :0x63,0xcc,0xa0,0x92,0x83,0xa8,0x53,0xac,0x0,0xa5,0xdb,0x5f,0x32,0x2a,0x3b,0x2f,
[AC Region] fill md[5]='mediatek/custom/common/secro/SECURE_RO' done
[MODEM] Modem img[6] = 'mediatek/custom/common/secro/SECURE_RO'
[MODEM] Modem info[6] = 'SECURE_RO'
[MODEM] 'mediatek/custom/common/secro/SECURE_RO' file size (416) bytes 
[MODEM] Hash Length = '0x2be0'
[MODEM] MD[6] Hash :0x4c,0xf5,0x4e,0x87,0xfa,0x47,0x36,0xea,0x2,0xd3,0x37,0x6,0x5b,0x55,0x63,0x6e,
[AC Region] fill md[6]='mediatek/custom/common/secro/SECURE_RO' done
[MODEM] Modem img[7] = 'mediatek/custom/common/secro/SECURE_RO'
[MODEM] Modem info[7] = 'SECURE_RO'
[MODEM] 'mediatek/custom/common/secro/SECURE_RO' file size (416) bytes 
[MODEM] Hash Length = '0x2be0'
[MODEM] MD[7] Hash :0x41,0x7d,0x4c,0xc4,0x74,0x56,0x50,0x7e,0xe3,0x53,0xec,0x89,0x5f,0xba,0x5,0x88,
[AC Region] fill md[7]='mediatek/custom/common/secro/SECURE_RO' done
[MODEM] Modem img[8] = 'mediatek/custom/common/secro/SECURE_RO'
[MODEM] Modem info[8] = 'SECURE_RO'
[MODEM] 'mediatek/custom/common/secro/SECURE_RO' file size (416) bytes 
[MODEM] Hash Length = '0x2be0'
[MODEM] MD[8] Hash :0x68,0x3f,0xea,0x60,0x21,0x8,0x9c,0x9c,0x62,0x5d,0x9d,0xed,0x81,0xb2,0xbd,0x75,
[AC Region] fill md[8]='mediatek/custom/common/secro/SECURE_RO' done
[MODEM] Modem img[9] = 'mediatek/custom/common/secro/SECURE_RO'
[MODEM] Modem info[9] = 'SECURE_RO'
[MODEM] 'mediatek/custom/common/secro/SECURE_RO' file size (416) bytes 
[MODEM] Hash Length = '0x2be0'
[MODEM] MD[9] Hash :0x37,0x13,0x27,0xfd,0xae,0x9d,0x50,0x81,0xc1,0xe3,0x3a,0x31,0x37,0xb5,0xeb,0x70,
[AC Region] fill md[9]='mediatek/custom/common/secro/SECURE_RO' done
[AC Region] write 'out/target/product/ckt72_w_kk/sro-lock.img' done
[AC Region] fill secro image done
[Dependency] /home/epicuser/lkdcompilation_ckt72_w_kk-mt6572/mediatek/build/tools/SecRo/secro_post.pl
[Dependency] /home/epicuser/lkdcompilation_ckt72_w_kk-mt6572/mediatek/build/tools/pack_dep_gen.pm
[Dependency] /home/epicuser/lkdcompilation_ckt72_w_kk-mt6572/mediatek/custom/common/secro/SECRO_UNLOCK_CFG.ini
[Dependency] /home/epicuser/lkdcompilation_ckt72_w_kk-mt6572/mediatek/custom/common/secro/AND_SECURE_RO
[Dependency] /home/epicuser/lkdcompilation_ckt72_w_kk-mt6572/mediatek/custom/ckt72_w_kk/secro/AC_REGION
[Dependency] /home/epicuser/lkdcompilation_ckt72_w_kk-mt6572/mediatek/custom/common/secro/SECURE_RO
[Dependency] /home/epicuser/lkdcompilation_ckt72_w_kk-mt6572/mediatek/custom/common/secro/SECURE_RO
[Dependency] /home/epicuser/lkdcompilation_ckt72_w_kk-mt6572/mediatek/custom/common/secro/SECURE_RO
[Dependency] /home/epicuser/lkdcompilation_ckt72_w_kk-mt6572/mediatek/custom/common/secro/SECURE_RO
[Dependency] /home/epicuser/lkdcompilation_ckt72_w_kk-mt6572/mediatek/custom/common/secro/SECURE_RO
[Dependency] /home/epicuser/lkdcompilation_ckt72_w_kk-mt6572/mediatek/custom/common/secro/SECURE_RO
[Dependency] /home/epicuser/lkdcompilation_ckt72_w_kk-mt6572/mediatek/custom/common/secro/SECURE_RO
[Dependency] /home/epicuser/lkdcompilation_ckt72_w_kk-mt6572/mediatek/custom/common/secro/SECURE_RO
[Dependency] /home/epicuser/lkdcompilation_ckt72_w_kk-mt6572/mediatek/custom/common/secro/SECURE_RO
[Dependency] /home/epicuser/lkdcompilation_ckt72_w_kk-mt6572/mediatek/custom/common/secro/SECURE_RO
******************************************************
*********************** SETTINGS *********************
******************************************************
 Project           =  ckt72_w_kk
 Custom Dir  =  ckt72_w_kk
 MTK_ENABLE_MD1 = yes
 MTK_ENABLE_MD2 = no
 MTK_PLATFORM = MT6572
 MTK_ROOT_CUSTOM_OUT = out/target/product/ckt72_w_kk/obj/CUSTGEN/custom
this modem does not has modem specific SECRO image, use prj SECRO
this modem2 does not has modem2 specific SECRO image, use prj SECRO
 ac_region = mediatek/custom/ckt72_w_kk/secro/AC_REGION
does not has AP specific AC_REGION_RO image, use common AC_REGION_RO
 and_secro = mediatek/custom/common/secro/AND_SECURE_RO
does not has MODEM specific SECURE_RO image, use common SECURE_RO
 md_secro = mediatek/custom/common/secro/SECURE_RO
does not has MODEM specific SECURE_RO image, use common SECURE_RO_sys2
 md2_secro = mediatek/custom/common/secro/SECURE_RO_sys2
[Dependency] /home/epicuser/lkdcompilation_ckt72_w_kk-mt6572/mediatek/custom/ckt72_w_kk/security/sml_auth/SML_ENCODE_KEY.ini
[Dependency] /home/epicuser/lkdcompilation_ckt72_w_kk-mt6572/mediatek/build/tools/SecRo/SECRO_POST
MTK_SEC_SECRO_AC_SUPPORT = yes

=========================================
[Android SECRO Post Processing Tool V5]

Built at Sat Jun 8 23:16:55 CST 2013
=========================================

[AC Region] fill secro image (world phone support)... 
[INI] SECRO_CFG = 'mediatek/custom/common/secro/SECRO_UNLOCK_CFG.ini'
[INI] AND_SECRO = 'mediatek/custom/common/secro/AND_SECURE_RO'
[INI] AC_REGION = 'mediatek/custom/ckt72_w_kk/secro/AC_REGION'
[INI] SECRO[0] = 'mediatek/custom/common/secro/SECURE_RO'
[INI] SECRO[1] = 'mediatek/custom/common/secro/SECURE_RO'
[INI] SECRO[2] = 'mediatek/custom/common/secro/SECURE_RO'
[INI] SECRO[3] = 'mediatek/custom/common/secro/SECURE_RO'
[INI] SECRO[4] = 'mediatek/custom/common/secro/SECURE_RO'
[INI] SECRO[5] = 'mediatek/custom/common/secro/SECURE_RO'
[INI] SECRO[6] = 'mediatek/custom/common/secro/SECURE_RO'
[INI] SECRO[7] = 'mediatek/custom/common/secro/SECURE_RO'
[INI] SECRO[8] = 'mediatek/custom/common/secro/SECURE_RO'
[INI] SECRO[9] = 'mediatek/custom/common/secro/SECURE_RO'
[AC Region] mediatek/custom/ckt72_w_kk/security/sml_auth/SML_ENCODE_KEY.ini Found
[AC Region] import CUSTOM_AES_128 (SO)
[AC Region] 0x41,0x33,0x31,0x32
[AC Region] 'mediatek/custom/ckt72_w_kk/secro/AC_REGION' file size (11264) bytes 
[AC Region] Found
[AC Region] AC ID = 'AND_AC_REGION'
0x41,0x33,0x31,0x32,
[AC Region] read config file mediatek/custom/common/secro/SECRO_UNLOCK_CFG.ini
[AC Region] 'mediatek/custom/common/secro/AND_SECURE_RO' file size (128) bytes 
[AC Region] 'mediatek/custom/common/secro/SECURE_RO' file size (416) bytes 
[AC Region] 'mediatek/custom/common/secro/SECURE_RO' file size (416) bytes 
0x79,0x6c,0x73,0x75,
[AC Region] Hash Length    = '0x2be0'
0x41,0x4e,0x44,0x5f,0x41,0x43,0x5f,0x52,0x45,0x47,0x49,0x4f,0x4e,0x0,0x0,0x0,
[AC Region] Hash :0x71,0x29,0xd0,0x8,0xbf,0x2,0xa2,0x15,0x1c,0x26,0x84,0x9c,0x6f,0x64,0x91,0xea,
[AC Region] Header ID         = 'AND_AC_REGION'
[AC Region] Region length     = '0x2bc0'
[AC Region] Region offset     = '0x40'
[AC Region] Hash length       = '0x14'
[AC Region] Hash offset       = '0x2be0'
[AC Region] AND SECRO offset  = '0x40'
[AC Region] AND SECRO length  = '0x80'
[AC Region] MD SECRO offset   = '0xbe0'
[AC Region] MD SECRO length   = '0x1a0'
[AC Region] MD2 SECRO offset   = '0x1be0'
[AC Region] MD2 SECRO length   = '0x1a0'
[AC Region] World phone suport, md count is 10
[MODEM] Modem img[0] = 'mediatek/custom/common/secro/SECURE_RO'
[MODEM] Modem info[0] = 'SECURE_RO'
[MODEM] 'mediatek/custom/common/secro/SECURE_RO' file size (416) bytes 
[MODEM] Hash Length = '0x2be0'
[MODEM] MD[0] Hash :0x7c,0xf2,0x6c,0x4,0x30,0x2,0x81,0xc9,0x6b,0xfe,0x84,0xc1,0xd7,0x1d,0xb6,0xa,
[AC Region] fill md[0]='mediatek/custom/common/secro/SECURE_RO' done
[MODEM] Modem img[1] = 'mediatek/custom/common/secro/SECURE_RO'
[MODEM] Modem info[1] = 'SECURE_RO'
[MODEM] 'mediatek/custom/common/secro/SECURE_RO' file size (416) bytes 
[MODEM] Hash Length = '0x2be0'
[MODEM] MD[1] Hash :0xc7,0x44,0x8b,0xc9,0x30,0x6d,0x83,0xd5,0x36,0xa5,0xe5,0x8c,0x11,0x45,0xe9,0x6c,
[AC Region] fill md[1]='mediatek/custom/common/secro/SECURE_RO' done
[MODEM] Modem img[2] = 'mediatek/custom/common/secro/SECURE_RO'
[MODEM] Modem info[2] = 'SECURE_RO'
[MODEM] 'mediatek/custom/common/secro/SECURE_RO' file size (416) bytes 
[MODEM] Hash Length = '0x2be0'
[MODEM] MD[2] Hash :0x22,0x9d,0xd1,0x6e,0xa1,0x84,0xf,0x3e,0x8a,0x8c,0x7d,0x4c,0xc5,0xc3,0x62,0x5b,
[AC Region] fill md[2]='mediatek/custom/common/secro/SECURE_RO' done
[MODEM] Modem img[3] = 'mediatek/custom/common/secro/SECURE_RO'
[MODEM] Modem info[3] = 'SECURE_RO'
[MODEM] 'mediatek/custom/common/secro/SECURE_RO' file size (416) bytes 
[MODEM] Hash Length = '0x2be0'
[MODEM] MD[3] Hash :0x8f,0xe3,0xbd,0x4f,0x36,0xd4,0xa,0x58,0x2e,0xd6,0x1c,0xe,0x57,0x76,0xe9,0x29,
[AC Region] fill md[3]='mediatek/custom/common/secro/SECURE_RO' done
[MODEM] Modem img[4] = 'mediatek/custom/common/secro/SECURE_RO'
[MODEM] Modem info[4] = 'SECURE_RO'
[MODEM] 'mediatek/custom/common/secro/SECURE_RO' file size (416) bytes 
[MODEM] Hash Length = '0x2be0'
[MODEM] MD[4] Hash :0x13,0x4b,0x18,0xe0,0xa3,0xb6,0x90,0xeb,0x7f,0x1b,0x20,0x2a,0x21,0x51,0x3d,0x7f,
[AC Region] fill md[4]='mediatek/custom/common/secro/SECURE_RO' done
[MODEM] Modem img[5] = 'mediatek/custom/common/secro/SECURE_RO'
[MODEM] Modem info[5] = 'SECURE_RO'
[MODEM] 'mediatek/custom/common/secro/SECURE_RO' file size (416) bytes 
[MODEM] Hash Length = '0x2be0'
[MODEM] MD[5] Hash :0x63,0xcc,0xa0,0x92,0x83,0xa8,0x53,0xac,0x0,0xa5,0xdb,0x5f,0x32,0x2a,0x3b,0x2f,
[AC Region] fill md[5]='mediatek/custom/common/secro/SECURE_RO' done
[MODEM] Modem img[6] = 'mediatek/custom/common/secro/SECURE_RO'
[MODEM] Modem info[6] = 'SECURE_RO'
[MODEM] 'mediatek/custom/common/secro/SECURE_RO' file size (416) bytes 
[MODEM] Hash Length = '0x2be0'
[MODEM] MD[6] Hash :0x4c,0xf5,0x4e,0x87,0xfa,0x47,0x36,0xea,0x2,0xd3,0x37,0x6,0x5b,0x55,0x63,0x6e,
[AC Region] fill md[6]='mediatek/custom/common/secro/SECURE_RO' done
[MODEM] Modem img[7] = 'mediatek/custom/common/secro/SECURE_RO'
[MODEM] Modem info[7] = 'SECURE_RO'
[MODEM] 'mediatek/custom/common/secro/SECURE_RO' file size (416) bytes 
[MODEM] Hash Length = '0x2be0'
[MODEM] MD[7] Hash :0x41,0x7d,0x4c,0xc4,0x74,0x56,0x50,0x7e,0xe3,0x53,0xec,0x89,0x5f,0xba,0x5,0x88,
[AC Region] fill md[7]='mediatek/custom/common/secro/SECURE_RO' done
[MODEM] Modem img[8] = 'mediatek/custom/common/secro/SECURE_RO'
[MODEM] Modem info[8] = 'SECURE_RO'
[MODEM] 'mediatek/custom/common/secro/SECURE_RO' file size (416) bytes 
[MODEM] Hash Length = '0x2be0'
[MODEM] MD[8] Hash :0x68,0x3f,0xea,0x60,0x21,0x8,0x9c,0x9c,0x62,0x5d,0x9d,0xed,0x81,0xb2,0xbd,0x75,
[AC Region] fill md[8]='mediatek/custom/common/secro/SECURE_RO' done
[MODEM] Modem img[9] = 'mediatek/custom/common/secro/SECURE_RO'
[MODEM] Modem info[9] = 'SECURE_RO'
[MODEM] 'mediatek/custom/common/secro/SECURE_RO' file size (416) bytes 
[MODEM] Hash Length = '0x2be0'
[MODEM] MD[9] Hash :0x37,0x13,0x27,0xfd,0xae,0x9d,0x50,0x81,0xc1,0xe3,0x3a,0x31,0x37,0xb5,0xeb,0x70,
[AC Region] fill md[9]='mediatek/custom/common/secro/SECURE_RO' done
[AC Region] write 'out/target/product/ckt72_w_kk/sro-unlock.img' done
[AC Region] fill secro image done


********************************************
 Sign Common Images 
********************************************
Sign Image 'out/target/product/ckt72_w_kk/boot.img' with cfg 'mediatek/custom/ckt72_w_kk/security/image_auth/IMG_AUTH_CFG.ini'...
[Dependency] mediatek/build/tools/SignTool/SignTool.sh

=========================================
[Android SignTool v4.0 (FB)]

Built at Mon Nov 11 12:04:42 CST 2013
=========================================

[SignTool] sign image (normal)... 
[SignLib] import CUSTOM_RSA_N
[SignLib] import CUSTOM_RSA_D
[SignLib] import CUSTOM_RSA_E
[AUTHEN] rsa.N length = 1024 bytes
[AUTHEN] rsa.E length = 20 bytes
[SignLib] empty customer name 'NULL'
[SignLib] VERIFY_COUNT=1
[SignLib] VERIFY_OFFSET[0]=0
[SignLib] VERIFY_LENGTH[0]=10240
[SignLib] CHUNK_SIZE=1048576
[SignLib] size of 'out/target/product/ckt72_w_kk/boot.img' is '0x47b000'
[SignUtil] sec_hdr->img_len = 4698112
[0] min_pos is 0
p_ext_cfg->verify_offset[0] is 0
[0] region_end is 10240
[0] next region start is 4698112
[SignUtil] Sign region (0->10239) ok(v3)
[SignLib] hdr.magic_num     = 0x53535353
[SignLib] hdr.cust_name     = 
[SignLib] hdr.img_ver       = 1 (0x1)
[SignLib] hdr.img_len       = 4698112 (0x47b000)
[SignLib] hdr.img_off       = 64 (0x40)
[SignLib] hdr.s_off         = 2054781561 (0x7a797a79)
[SignLib] hdr.s_len         = 2054781561 (0x7a797a79)
[SignLib] hdr.sig_off       = 4698176 (0x47b040)
[SignLib] hdr.sig_len       = 148 (0x94)
[AUTHEN] RSA padding : RAW 
[AUTHEN] sign image ... pass

[AUTHEN] output signature: 
 ------------------------------------
0x5f,0xc8,0x71,0x73,0x44,0xc3,0xfb,0x0c,0x09,0xc1,0x94,0x0d,0x6d,0xd6,0x04,0x50,0xa0,0x01,0x53,0x52,0x31,0xcc,0xef,0x0b,0xfd,0x83,0x24,0xd6,0xb9,0x47,0x19,0x94,0xbc,0x43,0xee,0xa4,0x14,0xe8,0x5f,0xfe,0xc5,0x78,0xcb,0x1c,0x9f,0x40,0x17,0xed,0x9d,0x77,0x1d,0xc5,0xc4,0xaa,0x4f,0xbb,0x6c,0x8c,0xe0,0x9e,0x52,0xf6,0xdc,0xad,0x6e,0x32,0x99,0x40,0x94,0x0c,0x00,0x9a,0x82,0x78,0xb4,0xaa,0x13,0xe6,0xb7,0x69,0xe8,0xf4,0xe6,0xb2,0xa0,0x60,0x21,0x16,0xcc,0x43,0x91,0x66,0x40,0x73,0x6d,0x2f,0xa6,0xcf,0x81,0x08,0xa6,0x8f,0x1a,0x73,0xbb,0x22,0x44,0x99,0xe5,0x65,0x9d,0x52,0xba,0x81,0xe9,0x7b,0x2f,0x4a,0x13,0xc4,0x0a,0xd4,0x67,0x3d,0xc3,0x04,0xfd,0xa8

[AUTHEN] verify signature... pass
[SignLib] Hash value : 
0xa0,0x20,0x16,0xdc,0x8,0xe0,0x21,0x6c,0xc7,0xfc,0xc9,0x92,0x4f,0xb3,0x8a,0x8a,0x76,0xc6,0x96,0x3d,

SIGN PASS !!!!!!!!!!!!!!!!!!!!!!!!!!!!!!!!!!!!!!!!!!!(Normal IMG)

=========================================
[Android SignTool v4.0 (FB)]

Built at Mon Nov 11 12:04:42 CST 2013
=========================================

[SignTool] sign image (fb signature)...
[SignLib] import CUSTOM_RSA_N
[SignLib] import CUSTOM_RSA_D
[SignLib] import CUSTOM_RSA_E
[AUTHEN] rsa.N length = 1024 bytes
[AUTHEN] rsa.E length = 20 bytes
signed already (0x53535353)
[SignLib] Signed file path is 'out/target/product/ckt72_w_kk/signed_bin/boot-sign.img'
[SignLib] FB SIG path is 'out/target/product/ckt72_w_kk/signed_bin/boot-sign.img.sig'
[SignLib] empty customer name 'NULL'
[SignLib] VERIFY_COUNT=1
[SignLib] VERIFY_OFFSET[0]=0
[SignLib] VERIFY_LENGTH[0]=10240
[SignLib] CHUNK_SIZE=1048576
[SignLib] size of 'out/target/product/ckt72_w_kk/boot.img' is '0x47b000'
[SignLib] size of 'out/target/product/ckt72_w_kk/signed_bin/boot-sign.img' is '0x47b120'
[SignLib] sec.magic_num              = 0x46424642
[SignLib] sec.cust_name              = 
[SignLib] sec.img_ver                = 1 (0x1)
[SignLib] sec.img_len                = 4698400 (0x47b120)
[SignLib] fb_hdr.magic_num     = 1178748482 (0x46424642)
[SignLib] fb_hdr.hdr_ver       = 1 (0x1)
[SignLib] fb_hdr.hash_count    = 1 (0x1)
[SignLib] fb_hdr.chunk_size    = 16777216 (0x1000000)
[SignLib] fb_hdr.part_name     = 'boot' 
[SignLib] fb_hdr.orig_img_size = 4698112 (0x47b000)
[SignLib] chunk[0], read size 4698400 (0x47b120) 
[AUTHEN] RSA padding : RAW 
[AUTHEN] sign image ... pass

[AUTHEN] output signature: 
 ------------------------------------
0x33,0xe9,0x96,0xff,0x54,0xf8,0x3b,0x39,0x6a,0x83,0xe9,0xe0,0x00,0xed,0x5c,0xed,0xee,0xfb,0xa3,0x21,0x68,0x26,0xd9,0x8f,0x73,0x30,0x1e,0x83,0x27,0x9f,0x93,0xa5,0x3a,0x54,0xef,0xce,0x32,0x00,0xcc,0x93,0x72,0x69,0x00,0x48,0x66,0xb2,0x95,0x9c,0x2e,0x00,0xae,0x1f,0x65,0xd5,0xdf,0xce,0x47,0x5c,0xa2,0x6d,0xea,0x01,0x5b,0x0c,0x88,0x6e,0xdd,0x58,0xc5,0x49,0xcc,0xe8,0xd7,0x47,0xe8,0x73,0xe0,0x19,0xb6,0x89,0xc1,0x0d,0xca,0x3c,0xbf,0xe3,0xcd,0x47,0x09,0x3f,0x7a,0x24,0x21,0x45,0x0f,0x7d,0x45,0xac,0xff,0x6b,0x44,0x6b,0xf1,0xde,0x18,0x24,0xd6,0xa4,0x9e,0xbf,0x19,0x6d,0xa0,0x8c,0x01,0x58,0xef,0x99,0x01,0x47,0xc1,0x6c,0xce,0x9d,0x66,0xf3,0xec,0x5a

[AUTHEN] verify signature... pass
SIGN PASS !!!!!!!!!!!!!!!!!!!!!!!!!!!!!!!!!!!!!!!!!!!(FB SIG)
Sign Image 'out/target/product/ckt72_w_kk/logo.bin' with cfg 'mediatek/custom/ckt72_w_kk/security/image_auth/IMG_AUTH_CFG.ini'...
[Dependency] mediatek/build/tools/SignTool/SignTool.sh

=========================================
[Android SignTool v4.0 (FB)]

Built at Mon Nov 11 12:04:42 CST 2013
=========================================

[SignTool] sign image (normal)... 
[SignLib] import CUSTOM_RSA_N
[SignLib] import CUSTOM_RSA_D
[SignLib] import CUSTOM_RSA_E
[AUTHEN] rsa.N length = 1024 bytes
[AUTHEN] rsa.E length = 20 bytes
[SignLib] empty customer name 'NULL'
[SignLib] VERIFY_COUNT=1
[SignLib] VERIFY_OFFSET[0]=0
[SignLib] VERIFY_LENGTH[0]=10240
[SignLib] CHUNK_SIZE=1048576
[SignLib] size of 'out/target/product/ckt72_w_kk/logo.bin' is '0x37985'
[SignUtil] sec_hdr->img_len = 227717
[0] min_pos is 0
p_ext_cfg->verify_offset[0] is 0
[0] region_end is 10240
[0] next region start is 227717
[SignUtil] Sign region (0->10239) ok(v3)
[SignLib] hdr.magic_num     = 0x53535353
[SignLib] hdr.cust_name     = 
[SignLib] hdr.img_ver       = 1 (0x1)
[SignLib] hdr.img_len       = 227717 (0x37985)
[SignLib] hdr.img_off       = 64 (0x40)
[SignLib] hdr.s_off         = 2054781561 (0x7a797a79)
[SignLib] hdr.s_len         = 2054781561 (0x7a797a79)
[SignLib] hdr.sig_off       = 227781 (0x379c5)
[SignLib] hdr.sig_len       = 148 (0x94)
[AUTHEN] RSA padding : RAW 
[AUTHEN] sign image ... pass

[AUTHEN] output signature: 
 ------------------------------------
0x7b,0x80,0xc0,0x56,0xe6,0x12,0x4d,0xda,0x9d,0x53,0xab,0x31,0x2e,0xc4,0x21,0x5b,0x3c,0x59,0x2e,0x83,0xdf,0x4e,0xaa,0x4b,0xd4,0x4d,0xe9,0x51,0xb7,0xae,0xda,0x05,0xff,0x89,0x49,0x22,0x41,0xc5,0x1d,0x59,0x0e,0x30,0xcf,0xb6,0x73,0x34,0xfa,0x58,0xa0,0xb1,0x52,0xac,0x91,0x73,0x26,0xd3,0x90,0xe5,0x3d,0xf5,0xcc,0xfa,0xa0,0xbd,0x7f,0x44,0xb0,0x97,0x49,0x78,0x2c,0xa3,0xce,0x99,0xfa,0x31,0xfe,0xc4,0x7f,0x78,0x88,0x9a,0x41,0x90,0x58,0x5e,0xe7,0x81,0x91,0x21,0x53,0x1a,0x2e,0x88,0xb6,0x97,0xde,0x75,0x3f,0x5b,0x1d,0x57,0x67,0x70,0x20,0x04,0x10,0x71,0x14,0x71,0x61,0x9d,0x41,0x55,0x12,0x8e,0xe5,0xc2,0xc4,0xf1,0x99,0x28,0x41,0xfb,0x80,0x98,0x38,0x15

[AUTHEN] verify signature... pass
[SignLib] Hash value : 
0x82,0x98,0xdf,0x77,0x3c,0xff,0xb,0x5e,0x72,0x9f,0xaa,0x4e,0xeb,0x12,0xe0,0xb,0xd5,0x63,0xf7,0x97,

SIGN PASS !!!!!!!!!!!!!!!!!!!!!!!!!!!!!!!!!!!!!!!!!!!(Normal IMG)

=========================================
[Android SignTool v4.0 (FB)]

Built at Mon Nov 11 12:04:42 CST 2013
=========================================

[SignTool] sign image (fb signature)...
[SignLib] import CUSTOM_RSA_N
[SignLib] import CUSTOM_RSA_D
[SignLib] import CUSTOM_RSA_E
[AUTHEN] rsa.N length = 1024 bytes
[AUTHEN] rsa.E length = 20 bytes
signed already (0x53535353)
[SignLib] Signed file path is 'out/target/product/ckt72_w_kk/signed_bin/logo-sign.bin'
[SignLib] FB SIG path is 'out/target/product/ckt72_w_kk/signed_bin/logo-sign.bin.sig'
[SignLib] empty customer name 'NULL'
[SignLib] VERIFY_COUNT=1
[SignLib] VERIFY_OFFSET[0]=0
[SignLib] VERIFY_LENGTH[0]=10240
[SignLib] CHUNK_SIZE=1048576
[SignLib] size of 'out/target/product/ckt72_w_kk/logo.bin' is '0x37985'
[SignLib] size of 'out/target/product/ckt72_w_kk/signed_bin/logo-sign.bin' is '0x37aa5'
[SignLib] sec.magic_num              = 0x46424642
[SignLib] sec.cust_name              = 
[SignLib] sec.img_ver                = 1 (0x1)
[SignLib] sec.img_len                = 228005 (0x37aa5)
[SignLib] fb_hdr.magic_num     = 1178748482 (0x46424642)
[SignLib] fb_hdr.hdr_ver       = 1 (0x1)
[SignLib] fb_hdr.hash_count    = 1 (0x1)
[SignLib] fb_hdr.chunk_size    = 16777216 (0x1000000)
[SignLib] fb_hdr.part_name     = 'logo' 
[SignLib] fb_hdr.orig_img_size = 227717 (0x37985)
[SignLib] chunk[0], read size 228005 (0x37aa5) 
[AUTHEN] RSA padding : RAW 
[AUTHEN] sign image ... pass

[AUTHEN] output signature: 
 ------------------------------------
0x31,0xa8,0x27,0xff,0x2b,0xdf,0x59,0xcb,0xe2,0xa7,0x67,0x22,0xc7,0x93,0xf6,0xef,0xdb,0x99,0xd4,0x6b,0x57,0x23,0xdf,0xfb,0xf5,0xce,0x07,0x6a,0x67,0x8d,0xe9,0x32,0xa1,0xe2,0x20,0x55,0x9e,0xaf,0x77,0x98,0x6e,0x14,0x32,0xa9,0x68,0x67,0x18,0xda,0x4c,0x67,0xd9,0x98,0x6f,0x33,0xcf,0x72,0xfd,0x07,0x2a,0xa0,0x68,0xe3,0xbf,0xeb,0xc2,0x21,0xf6,0x8c,0x9d,0x0b,0x57,0x37,0x00,0xb1,0xb9,0x88,0xe9,0xda,0x2d,0xb8,0x59,0x65,0x7f,0x72,0xdc,0x27,0xb2,0x93,0x8b,0x9e,0xa6,0xe2,0x19,0xac,0xca,0xde,0x02,0xad,0x19,0xe1,0x26,0xa4,0xf6,0xbe,0x01,0x9f,0xf1,0x44,0x33,0xe1,0x1b,0x49,0xc3,0xcf,0x3d,0xe1,0x13,0x4d,0xe4,0xc1,0xde,0xd3,0x86,0xc2,0x5d,0xe9,0x16,0xc1

[AUTHEN] verify signature... pass
SIGN PASS !!!!!!!!!!!!!!!!!!!!!!!!!!!!!!!!!!!!!!!!!!!(FB SIG)
Sign Image 'out/target/product/ckt72_w_kk/recovery.img' with cfg 'mediatek/custom/ckt72_w_kk/security/image_auth/IMG_AUTH_CFG.ini'...
[Dependency] mediatek/build/tools/SignTool/SignTool.sh

=========================================
[Android SignTool v4.0 (FB)]

Built at Mon Nov 11 12:04:42 CST 2013
=========================================

[SignTool] sign image (normal)... 
[SignLib] import CUSTOM_RSA_N
[SignLib] import CUSTOM_RSA_D
[SignLib] import CUSTOM_RSA_E
[AUTHEN] rsa.N length = 1024 bytes
[AUTHEN] rsa.E length = 20 bytes
[SignLib] empty customer name 'NULL'
[SignLib] VERIFY_COUNT=1
[SignLib] VERIFY_OFFSET[0]=0
[SignLib] VERIFY_LENGTH[0]=10240
[SignLib] CHUNK_SIZE=1048576
[SignLib] size of 'out/target/product/ckt72_w_kk/recovery.img' is '0x21000'
[SignUtil] sec_hdr->img_len = 135168
[0] min_pos is 0
p_ext_cfg->verify_offset[0] is 0
[0] region_end is 10240
[0] next region start is 135168
[SignUtil] Sign region (0->10239) ok(v3)
[SignLib] hdr.magic_num     = 0x53535353
[SignLib] hdr.cust_name     = 
[SignLib] hdr.img_ver       = 1 (0x1)
[SignLib] hdr.img_len       = 135168 (0x21000)
[SignLib] hdr.img_off       = 64 (0x40)
[SignLib] hdr.s_off         = 2054781561 (0x7a797a79)
[SignLib] hdr.s_len         = 2054781561 (0x7a797a79)
[SignLib] hdr.sig_off       = 135232 (0x21040)
[SignLib] hdr.sig_len       = 148 (0x94)
[AUTHEN] RSA padding : RAW 
[AUTHEN] sign image ... pass

[AUTHEN] output signature: 
 ------------------------------------
0x28,0x8a,0xb3,0x10,0x7d,0xc7,0xfe,0x62,0xf6,0x56,0xbd,0xf0,0x9b,0x77,0xcd,0x64,0x51,0xf5,0xfc,0xb4,0x50,0x6f,0x53,0x01,0x24,0x2d,0xff,0x41,0x8e,0x7f,0x3c,0x6a,0xb3,0x59,0x4e,0x69,0x04,0xc8,0x74,0xc7,0x61,0xbf,0x67,0xff,0x6c,0x7e,0xd7,0xb2,0x17,0xc3,0x5f,0x79,0xae,0x99,0x78,0x5d,0x31,0x25,0x67,0xfa,0x50,0x82,0x42,0x4b,0x02,0x36,0xad,0x71,0x70,0x8e,0x83,0x2a,0x0e,0xf2,0xcd,0xc5,0xd7,0xa3,0x9c,0x6a,0x96,0x28,0xec,0x62,0xce,0xa3,0x1b,0x64,0xca,0x93,0xe4,0xa5,0x96,0x65,0x85,0x6f,0x22,0xca,0x9c,0xb4,0x70,0x8a,0x52,0xf0,0xec,0x1d,0xf6,0x8d,0xb6,0xbe,0x4d,0x72,0x98,0xa4,0x4b,0xf8,0x46,0x33,0xbe,0x0a,0x0e,0x58,0x1e,0xa6,0x1e,0x31,0x35,0x41

[AUTHEN] verify signature... pass
[SignLib] Hash value : 
0xd5,0xbe,0x46,0x5e,0x93,0x7c,0x21,0x23,0x77,0xb1,0x21,0xcb,0xa2,0x37,0x67,0x78,0x11,0x54,0x96,0xfb,

SIGN PASS !!!!!!!!!!!!!!!!!!!!!!!!!!!!!!!!!!!!!!!!!!!(Normal IMG)

=========================================
[Android SignTool v4.0 (FB)]

Built at Mon Nov 11 12:04:42 CST 2013
=========================================

[SignTool] sign image (fb signature)...
[SignLib] import CUSTOM_RSA_N
[SignLib] import CUSTOM_RSA_D
[SignLib] import CUSTOM_RSA_E
[AUTHEN] rsa.N length = 1024 bytes
[AUTHEN] rsa.E length = 20 bytes
signed already (0x53535353)
[SignLib] Signed file path is 'out/target/product/ckt72_w_kk/signed_bin/recovery-sign.img'
[SignLib] FB SIG path is 'out/target/product/ckt72_w_kk/signed_bin/recovery-sign.img.sig'
[SignLib] empty customer name 'NULL'
[SignLib] VERIFY_COUNT=1
[SignLib] VERIFY_OFFSET[0]=0
[SignLib] VERIFY_LENGTH[0]=10240
[SignLib] CHUNK_SIZE=1048576
[SignLib] size of 'out/target/product/ckt72_w_kk/recovery.img' is '0x21000'
[SignLib] size of 'out/target/product/ckt72_w_kk/signed_bin/recovery-sign.img' is '0x21120'
[SignLib] sec.magic_num              = 0x46424642
[SignLib] sec.cust_name              = 
[SignLib] sec.img_ver                = 1 (0x1)
[SignLib] sec.img_len                = 135456 (0x21120)
[SignLib] fb_hdr.magic_num     = 1178748482 (0x46424642)
[SignLib] fb_hdr.hdr_ver       = 1 (0x1)
[SignLib] fb_hdr.hash_count    = 1 (0x1)
[SignLib] fb_hdr.chunk_size    = 16777216 (0x1000000)
[SignLib] fb_hdr.part_name     = 'recovery' 
[SignLib] fb_hdr.orig_img_size = 135168 (0x21000)
[SignLib] chunk[0], read size 135456 (0x21120) 
[AUTHEN] RSA padding : RAW 
[AUTHEN] sign image ... pass

[AUTHEN] output signature: 
 ------------------------------------
0x4e,0x54,0xbd,0x83,0x7f,0xd9,0x8e,0x81,0x13,0x66,0x8b,0x00,0x89,0xba,0xc9,0x98,0xc7,0x30,0xe7,0x70,0x5f,0x1c,0xaf,0xf9,0x0b,0x7f,0x9c,0xab,0x0e,0x00,0x86,0xc0,0x30,0x76,0x93,0xdf,0xe9,0x5d,0x43,0x86,0x27,0x8d,0xdf,0xbe,0xf5,0xc8,0xd2,0xcf,0x3b,0x23,0xf1,0xa4,0x4d,0x4c,0xba,0x8c,0x1a,0xd4,0x7b,0x5f,0x9b,0x79,0xcb,0xb2,0xe0,0xbd,0x95,0x26,0x8e,0x61,0x21,0xe8,0x15,0xaa,0x6c,0x80,0x45,0x8c,0xab,0x73,0xb9,0xce,0x71,0xe3,0xf8,0x35,0xc3,0x67,0x94,0x3c,0x4b,0x8a,0x70,0xa4,0xb2,0xd4,0x1e,0xf3,0x75,0x95,0x1e,0xd3,0xc5,0x62,0x31,0x7b,0xf8,0xb8,0x91,0x7b,0x8c,0xb8,0x3a,0x3f,0x1d,0xdf,0x4e,0x17,0xc4,0xc0,0x99,0xad,0x7c,0x27,0xc5,0x5f,0x0c,0x21

[AUTHEN] verify signature... pass
SIGN PASS !!!!!!!!!!!!!!!!!!!!!!!!!!!!!!!!!!!!!!!!!!!(FB SIG)
Sign Image 'out/target/product/ckt72_w_kk/secro.img' with cfg 'mediatek/custom/ckt72_w_kk/security/image_auth/secro.img.ini'...
[Dependency] mediatek/build/tools/SignTool/SignTool.sh

=========================================
[Android SignTool v4.0 (FB)]

Built at Mon Nov 11 12:04:42 CST 2013
=========================================

[SignTool] sign image (normal)... 
[SignLib] import CUSTOM_RSA_N
[SignLib] import CUSTOM_RSA_D
[SignLib] import CUSTOM_RSA_E
[AUTHEN] rsa.N length = 1024 bytes
[AUTHEN] rsa.E length = 20 bytes
[SignLib] empty customer name 'NULL'
[SignLib] VERIFY_COUNT=1
[SignLib] VERIFY_OFFSET[0]=0
[SignLib] VERIFY_LENGTH[0]=0
[SignLib] CHUNK_SIZE=1048576
[SignLib] size of 'out/target/product/ckt72_w_kk/secro.img' is '0x21000'
[SignUtil] sec_hdr->img_len = 135168
[SignUtil] The sign length is zero, and sign offset is : 0 (0x0)
[SignUtil] Set the sign length to rest whole image length : 135168 (0x21000)
[0] min_pos is 0
p_ext_cfg->verify_offset[0] is 0
[0] region_end is 135168
[0] next region start is 135168
[SignUtil] Sign region (0->135167) ok(v3)
[SignLib] hdr.magic_num     = 0x53535353
[SignLib] hdr.cust_name     = 
[SignLib] hdr.img_ver       = 1 (0x1)
[SignLib] hdr.img_len       = 135168 (0x21000)
[SignLib] hdr.img_off       = 64 (0x40)
[SignLib] hdr.s_off         = 2054781561 (0x7a797a79)
[SignLib] hdr.s_len         = 2054781561 (0x7a797a79)
[SignLib] hdr.sig_off       = 135232 (0x21040)
[SignLib] hdr.sig_len       = 148 (0x94)
[AUTHEN] RSA padding : RAW 
[AUTHEN] sign image ... pass

[AUTHEN] output signature: 
 ------------------------------------
0x5f,0xc8,0x41,0x1f,0xd9,0xf3,0x47,0x0d,0x03,0x73,0xf4,0xf1,0x84,0x7e,0xf1,0xa8,0x5c,0x78,0xa7,0x11,0x51,0x87,0xc5,0x43,0x17,0x68,0x82,0x54,0x0b,0xc4,0xee,0xaf,0xe5,0x40,0x6c,0x19,0x5a,0x25,0xc2,0x87,0x4b,0x06,0x5c,0x7e,0x73,0x45,0x92,0x0b,0x11,0xf3,0xb1,0xb2,0xb4,0x87,0x19,0xb6,0x1e,0x19,0x18,0xb8,0xf7,0x13,0x1d,0xf2,0x36,0xc0,0x91,0x2a,0xab,0x76,0x2d,0x1c,0xdf,0x0b,0xec,0x79,0x41,0xa3,0x16,0xbc,0xc8,0x22,0x65,0x99,0x83,0x1d,0x21,0x4e,0x8d,0xfc,0xe1,0xe3,0x7a,0x67,0x9b,0xd9,0xf2,0x94,0x4f,0x56,0xfa,0xf3,0x24,0x24,0x94,0x48,0x77,0x6f,0x47,0x67,0x5c,0xaf,0x7a,0x04,0x9e,0x52,0x36,0x0f,0xf3,0x9a,0xe2,0x45,0x39,0xd9,0xbc,0x60,0x13,0x54

[AUTHEN] verify signature... pass
[SignLib] Hash value : 
0x77,0xf7,0x5d,0x60,0x58,0x7d,0xc0,0x8b,0x56,0xed,0x70,0xd6,0x38,0x8b,0x4,0xaa,0xdc,0xbc,0xb6,0xbc,

SIGN PASS !!!!!!!!!!!!!!!!!!!!!!!!!!!!!!!!!!!!!!!!!!!(Normal IMG)

=========================================
[Android SignTool v4.0 (FB)]

Built at Mon Nov 11 12:04:42 CST 2013
=========================================

[SignTool] sign image (fb signature)...
[SignLib] import CUSTOM_RSA_N
[SignLib] import CUSTOM_RSA_D
[SignLib] import CUSTOM_RSA_E
[AUTHEN] rsa.N length = 1024 bytes
[AUTHEN] rsa.E length = 20 bytes
signed already (0x53535353)
[SignLib] Signed file path is 'out/target/product/ckt72_w_kk/signed_bin/secro-sign.img'
[SignLib] FB SIG path is 'out/target/product/ckt72_w_kk/signed_bin/secro-sign.img.sig'
[SignLib] empty customer name 'NULL'
[SignLib] VERIFY_COUNT=1
[SignLib] VERIFY_OFFSET[0]=0
[SignLib] VERIFY_LENGTH[0]=0
[SignLib] CHUNK_SIZE=1048576
[SignLib] size of 'out/target/product/ckt72_w_kk/secro.img' is '0x21000'
[SignLib] size of 'out/target/product/ckt72_w_kk/signed_bin/secro-sign.img' is '0x21120'
[SignLib] sec.magic_num              = 0x46424642
[SignLib] sec.cust_name              = 
[SignLib] sec.img_ver                = 1 (0x1)
[SignLib] sec.img_len                = 135456 (0x21120)
[SignLib] fb_hdr.magic_num     = 1178748482 (0x46424642)
[SignLib] fb_hdr.hdr_ver       = 1 (0x1)
[SignLib] fb_hdr.hash_count    = 1 (0x1)
[SignLib] fb_hdr.chunk_size    = 16777216 (0x1000000)
[SignLib] fb_hdr.part_name     = 'secro' 
[SignLib] fb_hdr.orig_img_size = 135168 (0x21000)
[SignLib] chunk[0], read size 135456 (0x21120) 
[AUTHEN] RSA padding : RAW 
[AUTHEN] sign image ... pass

[AUTHEN] output signature: 
 ------------------------------------
0xaf,0xd6,0xbd,0xca,0x99,0x31,0x19,0x3c,0x3a,0xa8,0xf8,0x2b,0xcf,0xa4,0xcc,0xb3,0x68,0x6e,0x5e,0x64,0x3a,0x03,0xde,0xe6,0x71,0xc6,0x6d,0x9b,0xa9,0x6e,0x94,0x31,0x42,0xb0,0xdb,0xac,0xd2,0x23,0xa8,0x91,0xcf,0xed,0x7e,0xa0,0x8b,0xf5,0xcb,0x70,0xe4,0x4e,0xbf,0xaa,0x98,0x0c,0x50,0xae,0xa1,0x2c,0xb4,0x81,0x8b,0x44,0x11,0xf1,0xb7,0x59,0x72,0x25,0x6f,0xf6,0xdd,0x40,0x9d,0x22,0xd4,0xc9,0x0f,0x73,0x6c,0x9e,0xc9,0xfc,0x88,0x55,0x80,0x43,0x14,0xe6,0x32,0x7f,0x88,0x62,0x27,0xd8,0xeb,0xf9,0x3b,0x47,0xbc,0x4e,0x8e,0x08,0x81,0xfe,0x75,0x3c,0x39,0xfe,0x60,0xe6,0xe6,0xcc,0xc0,0x34,0xd4,0x98,0x60,0x1e,0x84,0x71,0xaa,0x46,0x35,0x7b,0xce,0xef,0x4e,0x94

[AUTHEN] verify signature... pass
SIGN PASS !!!!!!!!!!!!!!!!!!!!!!!!!!!!!!!!!!!!!!!!!!!(FB SIG)
Sign Image 'out/target/product/ckt72_w_kk/system.img' with cfg 'mediatek/custom/ckt72_w_kk/security/image_auth/IMG_AUTH_CFG.ini'...
[Dependency] mediatek/build/tools/SignTool/SignTool.sh

=========================================
[Android SignTool v4.0 (FB)]

Built at Mon Nov 11 12:04:42 CST 2013
=========================================

[SignTool] sign image (normal)... 
[SignLib] import CUSTOM_RSA_N
[SignLib] import CUSTOM_RSA_D
[SignLib] import CUSTOM_RSA_E
[AUTHEN] rsa.N length = 1024 bytes
[AUTHEN] rsa.E length = 20 bytes
[SignLib] empty customer name 'NULL'
[SignLib] VERIFY_COUNT=1
[SignLib] VERIFY_OFFSET[0]=0
[SignLib] VERIFY_LENGTH[0]=10240
[SignLib] CHUNK_SIZE=1048576
[SignLib] size of 'out/target/product/ckt72_w_kk/system.img' is '0x21000'
[SignUtil] sec_hdr->img_len = 135168
[0] min_pos is 0
p_ext_cfg->verify_offset[0] is 0
[0] region_end is 10240
[0] next region start is 135168
[SignUtil] Sign region (0->10239) ok(v3)
[SignLib] hdr.magic_num     = 0x53535353
[SignLib] hdr.cust_name     = 
[SignLib] hdr.img_ver       = 1 (0x1)
[SignLib] hdr.img_len       = 135168 (0x21000)
[SignLib] hdr.img_off       = 64 (0x40)
[SignLib] hdr.s_off         = 2054781561 (0x7a797a79)
[SignLib] hdr.s_len         = 2054781561 (0x7a797a79)
[SignLib] hdr.sig_off       = 135232 (0x21040)
[SignLib] hdr.sig_len       = 148 (0x94)
[AUTHEN] RSA padding : RAW 
[AUTHEN] sign image ... pass

[AUTHEN] output signature: 
 ------------------------------------
0x28,0x8a,0xb3,0x10,0x7d,0xc7,0xfe,0x62,0xf6,0x56,0xbd,0xf0,0x9b,0x77,0xcd,0x64,0x51,0xf5,0xfc,0xb4,0x50,0x6f,0x53,0x01,0x24,0x2d,0xff,0x41,0x8e,0x7f,0x3c,0x6a,0xb3,0x59,0x4e,0x69,0x04,0xc8,0x74,0xc7,0x61,0xbf,0x67,0xff,0x6c,0x7e,0xd7,0xb2,0x17,0xc3,0x5f,0x79,0xae,0x99,0x78,0x5d,0x31,0x25,0x67,0xfa,0x50,0x82,0x42,0x4b,0x02,0x36,0xad,0x71,0x70,0x8e,0x83,0x2a,0x0e,0xf2,0xcd,0xc5,0xd7,0xa3,0x9c,0x6a,0x96,0x28,0xec,0x62,0xce,0xa3,0x1b,0x64,0xca,0x93,0xe4,0xa5,0x96,0x65,0x85,0x6f,0x22,0xca,0x9c,0xb4,0x70,0x8a,0x52,0xf0,0xec,0x1d,0xf6,0x8d,0xb6,0xbe,0x4d,0x72,0x98,0xa4,0x4b,0xf8,0x46,0x33,0xbe,0x0a,0x0e,0x58,0x1e,0xa6,0x1e,0x31,0x35,0x41

[AUTHEN] verify signature... pass
[SignLib] Hash value : 
0xd5,0xbe,0x46,0x5e,0x93,0x7c,0x21,0x23,0x77,0xb1,0x21,0xcb,0xa2,0x37,0x67,0x78,0x11,0x54,0x96,0xfb,

SIGN PASS !!!!!!!!!!!!!!!!!!!!!!!!!!!!!!!!!!!!!!!!!!!(Normal IMG)

=========================================
[Android SignTool v4.0 (FB)]

Built at Mon Nov 11 12:04:42 CST 2013
=========================================

[SignTool] sign image (fb signature)...
[SignLib] import CUSTOM_RSA_N
[SignLib] import CUSTOM_RSA_D
[SignLib] import CUSTOM_RSA_E
[AUTHEN] rsa.N length = 1024 bytes
[AUTHEN] rsa.E length = 20 bytes
signed already (0x53535353)
[SignLib] Signed file path is 'out/target/product/ckt72_w_kk/signed_bin/system-sign.img'
[SignLib] FB SIG path is 'out/target/product/ckt72_w_kk/signed_bin/system-sign.img.sig'
[SignLib] empty customer name 'NULL'
[SignLib] VERIFY_COUNT=1
[SignLib] VERIFY_OFFSET[0]=0
[SignLib] VERIFY_LENGTH[0]=10240
[SignLib] CHUNK_SIZE=1048576
[SignLib] size of 'out/target/product/ckt72_w_kk/system.img' is '0x21000'
[SignLib] size of 'out/target/product/ckt72_w_kk/signed_bin/system-sign.img' is '0x21120'
[SignLib] sec.magic_num              = 0x46424642
[SignLib] sec.cust_name              = 
[SignLib] sec.img_ver                = 1 (0x1)
[SignLib] sec.img_len                = 135456 (0x21120)
[SignLib] fb_hdr.magic_num     = 1178748482 (0x46424642)
[SignLib] fb_hdr.hdr_ver       = 1 (0x1)
[SignLib] fb_hdr.hash_count    = 1 (0x1)
[SignLib] fb_hdr.chunk_size    = 16777216 (0x1000000)
[SignLib] fb_hdr.part_name     = 'system' 
[SignLib] fb_hdr.orig_img_size = 135168 (0x21000)
[SignLib] chunk[0], read size 135456 (0x21120) 
[AUTHEN] RSA padding : RAW 
[AUTHEN] sign image ... pass

[AUTHEN] output signature: 
 ------------------------------------
0x21,0xac,0xcc,0x3a,0x7a,0xf3,0xe1,0xb9,0xec,0x3c,0xc8,0x89,0x88,0xd2,0xfc,0xe7,0xc9,0x4b,0xba,0xd5,0xf7,0x73,0x36,0x4f,0xf7,0x3a,0x81,0xcb,0x49,0x24,0xff,0xb7,0xb8,0x78,0x25,0x45,0xee,0xe0,0x25,0xae,0x4a,0x0c,0x7a,0xb6,0xeb,0xf0,0x32,0xac,0xbd,0x32,0x49,0x6d,0xc1,0x5d,0xe3,0x55,0x88,0xd0,0x2b,0xf2,0xb5,0x43,0x58,0x57,0x69,0x7d,0x22,0xae,0x58,0x3e,0x9b,0x8c,0xee,0x78,0xc2,0x41,0x10,0x93,0x0c,0x0e,0xfd,0x2b,0xa5,0x13,0x7d,0x09,0x93,0x7e,0x45,0x3a,0x99,0xcb,0x3a,0x13,0xe4,0x4d,0xc8,0x29,0x9d,0x2c,0x1a,0xb5,0xfe,0x81,0x87,0xb9,0xef,0x35,0x92,0x9e,0x44,0x26,0x5c,0x18,0xe9,0xa9,0x2d,0x54,0xc7,0xa2,0x18,0x17,0x00,0x78,0x17,0xfd,0x36,0x80

[AUTHEN] verify signature... pass
SIGN PASS !!!!!!!!!!!!!!!!!!!!!!!!!!!!!!!!!!!!!!!!!!!(FB SIG)
Sign Image 'out/target/product/ckt72_w_kk/userdata.img' with cfg 'mediatek/custom/ckt72_w_kk/security/image_auth/IMG_AUTH_CFG.ini'...
[Dependency] mediatek/build/tools/SignTool/SignTool.sh
[Dependency] mediatek/build/tools/SignTool/simg2img

=========================================
[Android SignTool v4.0 (FB)]

Built at Mon Nov 11 12:04:42 CST 2013
=========================================

[SignTool] sign image (normal)... 
[SignLib] import CUSTOM_RSA_N
[SignLib] import CUSTOM_RSA_D
[SignLib] import CUSTOM_RSA_E
[AUTHEN] rsa.N length = 1024 bytes
[AUTHEN] rsa.E length = 20 bytes
[SignLib] empty customer name 'NULL'
[SignLib] VERIFY_COUNT=1
[SignLib] VERIFY_OFFSET[0]=0
[SignLib] VERIFY_LENGTH[0]=10240
[SignLib] CHUNK_SIZE=1048576
[SignLib] size of 'UN_SPARSE_TEMP_IMG' is '0x57700000'
[SignUtil] sec_hdr->img_len = 1466957824
[0] min_pos is 0
p_ext_cfg->verify_offset[0] is 0
[0] region_end is 10240
[0] next region start is 1466957824
[SignUtil] Sign region (0->10239) ok(v3)
[SignLib] hdr.magic_num     = 0x53535353
[SignLib] hdr.cust_name     = 
[SignLib] hdr.img_ver       = 1 (0x1)
[SignLib] hdr.img_len       = 1466957824 (0x57700000)
[SignLib] hdr.img_off       = 64 (0x40)
[SignLib] hdr.s_off         = 2054781561 (0x7a797a79)
[SignLib] hdr.s_len         = 2054781561 (0x7a797a79)
[SignLib] hdr.sig_off       = 1466957888 (0x57700040)
[SignLib] hdr.sig_len       = 148 (0x94)
[AUTHEN] RSA padding : RAW 
[AUTHEN] sign image ... pass

[AUTHEN] output signature: 
 ------------------------------------
0x82,0x77,0x54,0x46,0x7d,0x5f,0x26,0x5d,0x1a,0x67,0xdb,0x0e,0x54,0xfd,0xcb,0x48,0x04,0x8b,0xef,0x01,0xea,0x5b,0xa6,0xac,0x3d,0xa9,0x7a,0xd8,0xdf,0x26,0x29,0x2f,0x02,0xe4,0x90,0xf3,0x4e,0x3c,0x32,0xde,0x8d,0x51,0xe1,0xad,0xc6,0xf1,0x8e,0x5a,0xf7,0xfd,0xbf,0x3f,0x7b,0x2d,0x17,0xb6,0x26,0x7c,0x86,0xf8,0x3d,0x08,0xa8,0x38,0x7b,0x37,0xa0,0xfa,0xfe,0x5f,0x34,0x8f,0xc5,0x58,0x25,0x92,0x4f,0x3d,0x4e,0xbd,0x28,0x2a,0xda,0x5d,0xe4,0x59,0x6a,0x00,0x21,0xcf,0xd4,0x13,0x34,0xb9,0xc6,0xe9,0xa1,0x0e,0xd1,0xf4,0xd9,0x3f,0x96,0x36,0x4f,0xba,0xbb,0xe5,0x5b,0x1e,0x78,0xf3,0x08,0xa6,0x3e,0xa8,0x62,0x4f,0x9c,0xa6,0x5b,0x72,0x83,0x29,0x76,0x84,0xe5,0xbc

[AUTHEN] verify signature... pass
[SignLib] Hash value : 
0x4f,0xcc,0xe0,0xf,0x3b,0x83,0xcc,0xa7,0x9c,0x19,0x53,0x18,0x80,0x61,0xa8,0x45,0x5e,0xa5,0x78,0x1c,

SIGN PASS !!!!!!!!!!!!!!!!!!!!!!!!!!!!!!!!!!!!!!!!!!!(Sparse S1 IMG)

=========================================
[Android SignTool v4.0 (FB)]

Built at Mon Nov 11 12:04:42 CST 2013
=========================================

[SignTool] sign image (sparse)... 
[SignLib] import CUSTOM_RSA_N
[SignLib] import CUSTOM_RSA_D
[SignLib] import CUSTOM_RSA_E
[AUTHEN] rsa.N length = 1024 bytes
[AUTHEN] rsa.E length = 20 bytes
[SignLib] empty customer name 'NULL'
[SignLib] VERIFY_COUNT=1
[SignLib] VERIFY_OFFSET[0]=0
[SignLib] VERIFY_LENGTH[0]=10240
[SignLib] CHUNK_SIZE=1048576
[SignLib] size of 'out/target/product/ckt72_w_kk/userdata.img' is '0x18ca2a4'
[SignUtil] sec_hdr->img_len = 25993892
[0] min_pos is 0
p_ext_cfg->verify_offset[0] is 0
[0] region_end is 10240
[0] next region start is 25993892
[SignUtil] Sign region (0->10239) ok(v3)
[SignLib] hdr.magic_num     = 0x53535353
[SignLib] hdr.cust_name     = 
[SignLib] hdr.img_ver       = 1 (0x1)
[SignLib] hdr.img_len       = 25993892 (0x18ca2a4)
[SignLib] hdr.img_off       = 64 (0x40)
[SignLib] hdr.s_off         = 2054781561 (0x7a797a79)
[SignLib] hdr.s_len         = 2054781561 (0x7a797a79)
[SignLib] hdr.sig_off       = 25993956 (0x18ca2e4)
[SignLib] hdr.sig_len       = 148 (0x94)
[SignLib] sparse ext header is existed (len=288)
[AUTHEN] RSA padding : RAW 
[AUTHEN] sign image ... pass

[AUTHEN] output signature: 
 ------------------------------------
0x4b,0x98,0x76,0x19,0x60,0x8e,0xe4,0xbc,0x44,0x29,0x8b,0xdc,0x39,0x3b,0x26,0x69,0xce,0xe3,0x68,0x7a,0xca,0x54,0x32,0xad,0xb7,0xa7,0x9b,0x56,0xae,0x1f,0xb4,0x40,0x7b,0xd4,0x00,0x06,0x34,0x4b,0x4f,0xb9,0x73,0xeb,0x3c,0xcb,0x95,0xc9,0x5c,0x88,0xaf,0xde,0x0c,0x30,0xd3,0x9b,0x86,0xfc,0xa2,0xec,0xfd,0xd1,0x91,0x1d,0xb5,0x46,0x7c,0x4e,0x22,0x96,0x71,0xe2,0x30,0x4b,0xe6,0xcf,0x5b,0x85,0xd4,0x28,0xb4,0x6f,0x62,0xef,0x7b,0x1e,0xcb,0xbc,0x1b,0x6e,0x59,0xe2,0x54,0x09,0xac,0xca,0x4c,0x3d,0xb2,0x81,0xbf,0x18,0xc4,0x60,0x2e,0xd0,0xd4,0x1a,0x21,0x64,0x7f,0xa1,0x37,0xd3,0xe7,0xcd,0x4a,0x04,0xc2,0x64,0x2d,0x1c,0xca,0x6b,0x00,0x42,0xd8,0xe4,0x3b,0x32

[AUTHEN] verify signature... pass
[SignLib] Hash value : 
0xb4,0xee,0x38,0xc0,0xd,0x3a,0xb0,0xa3,0xe7,0x4d,0xf,0xfc,0x38,0x3f,0x34,0xf1,0xfc,0x5e,0xdd,0x3e,

SIGN PASS !!!!!!!!!!!!!!!!!!!!!!!!!!!!!!!!!!!!!!!!!!!(Sparse S2 IMG)

=========================================
[Android SignTool v4.0 (FB)]

Built at Mon Nov 11 12:04:42 CST 2013
=========================================

[SignTool] sign image (fb signature)...
[SignLib] import CUSTOM_RSA_N
[SignLib] import CUSTOM_RSA_D
[SignLib] import CUSTOM_RSA_E
[AUTHEN] rsa.N length = 1024 bytes
[AUTHEN] rsa.E length = 20 bytes
signed already (0x53535353)
[SignLib] Signed file path is 'out/target/product/ckt72_w_kk/signed_bin/userdata-sign.img'
[SignLib] FB SIG path is 'out/target/product/ckt72_w_kk/signed_bin/userdata-sign.img.sig'
[SignLib] empty customer name 'NULL'
[SignLib] VERIFY_COUNT=1
[SignLib] VERIFY_OFFSET[0]=0
[SignLib] VERIFY_LENGTH[0]=10240
[SignLib] CHUNK_SIZE=1048576
[SignLib] size of 'out/target/product/ckt72_w_kk/userdata.img' is '0x18ca2a4'
[SignLib] size of 'out/target/product/ckt72_w_kk/signed_bin/userdata-sign.img' is '0x18ca4fc'
[SignLib] sec.magic_num              = 0x46424642
[SignLib] sec.cust_name              = 
[SignLib] sec.img_ver                = 1 (0x1)
[SignLib] sec.img_len                = 25994492 (0x18ca4fc)
[SignLib] fb_hdr.magic_num     = 1178748482 (0x46424642)
[SignLib] fb_hdr.hdr_ver       = 1 (0x1)
[SignLib] fb_hdr.hash_count    = 2 (0x2)
[SignLib] fb_hdr.chunk_size    = 16777216 (0x1000000)
[SignLib] fb_hdr.part_name     = 'userdata' 
[SignLib] fb_hdr.orig_img_size = 25993892 (0x18ca2a4)
[SignLib] chunk[0], read size 16760832 (0xffc000) 
[SignLib] chunk[1], read size 9233660 (0x8ce4fc) 
[AUTHEN] RSA padding : RAW 
[AUTHEN] sign image ... pass

[AUTHEN] output signature: 
 ------------------------------------
0x3a,0x65,0xe9,0x07,0x54,0xa1,0xbc,0x75,0x58,0x49,0xf3,0xe0,0x02,0xf4,0x4b,0xf0,0x3f,0x0f,0xa4,0x9b,0x3a,0x72,0x7d,0xdc,0x4a,0x17,0x0c,0xbe,0x4e,0x7e,0xec,0x88,0x7e,0xbf,0xec,0x4a,0x81,0x4c,0x42,0x93,0x28,0x29,0xab,0x13,0xaa,0xc4,0x1a,0x04,0x3d,0x5e,0x17,0x33,0x42,0xe0,0xab,0x5e,0xa7,0xd9,0x6e,0x9c,0x6b,0x9b,0xdd,0xa5,0x77,0xaa,0x0f,0x9c,0xc6,0xe3,0x25,0xe4,0x9e,0x7e,0xcc,0xf2,0xe7,0x64,0x22,0x9d,0xd7,0x79,0x0c,0xef,0x93,0xd5,0xe2,0x17,0xb5,0x7f,0x24,0x45,0x95,0x52,0xfa,0xcb,0x89,0x0f,0x64,0xf2,0x8b,0xf5,0x85,0x28,0x62,0x8e,0xab,0x5d,0x6a,0xdd,0x94,0xdc,0x71,0x62,0xa7,0x44,0xf6,0x0e,0xe0,0xbd,0xcd,0x06,0x8a,0x54,0xaf,0x61,0xe7,0x8f

[AUTHEN] verify signature... pass
SIGN PASS !!!!!!!!!!!!!!!!!!!!!!!!!!!!!!!!!!!!!!!!!!!(FB SIG)
Sign Image 'out/target/product/ckt72_w_kk/lk.bin' with cfg 'mediatek/custom/ckt72_w_kk/security/image_auth/IMG_AUTH_CFG.ini'...
[Dependency] mediatek/build/tools/SignTool/SignTool.sh

=========================================
[Android SignTool v4.0 (FB)]

Built at Mon Nov 11 12:04:42 CST 2013
=========================================

[SignTool] sign image (normal)... 
[SignLib] import CUSTOM_RSA_N
[SignLib] import CUSTOM_RSA_D
[SignLib] import CUSTOM_RSA_E
[AUTHEN] rsa.N length = 1024 bytes
[AUTHEN] rsa.E length = 20 bytes
[SignLib] empty customer name 'NULL'
[SignLib] VERIFY_COUNT=1
[SignLib] VERIFY_OFFSET[0]=0
[SignLib] VERIFY_LENGTH[0]=10240
[SignLib] CHUNK_SIZE=1048576
[SignLib] size of 'out/target/product/ckt72_w_kk/lk.bin' is '0x45d18'
[SignUtil] sec_hdr->img_len = 285976
[0] min_pos is 0
p_ext_cfg->verify_offset[0] is 0
[0] region_end is 10240
[0] next region start is 285976
[SignUtil] Sign region (0->10239) ok(v3)
[SignLib] hdr.magic_num     = 0x53535353
[SignLib] hdr.cust_name     = 
[SignLib] hdr.img_ver       = 1 (0x1)
[SignLib] hdr.img_len       = 285976 (0x45d18)
[SignLib] hdr.img_off       = 64 (0x40)
[SignLib] hdr.s_off         = 2054781561 (0x7a797a79)
[SignLib] hdr.s_len         = 2054781561 (0x7a797a79)
[SignLib] hdr.sig_off       = 286040 (0x45d58)
[SignLib] hdr.sig_len       = 148 (0x94)
[AUTHEN] RSA padding : RAW 
[AUTHEN] sign image ... pass

[AUTHEN] output signature: 
 ------------------------------------
0x0d,0x83,0x64,0xca,0xdf,0x20,0x06,0x0d,0x56,0x6d,0xc7,0xf2,0xc4,0x63,0xfc,0x3e,0x8c,0x1f,0x5c,0x69,0xda,0x01,0xe1,0xe0,0x56,0x8d,0x61,0x07,0x12,0x76,0xde,0x57,0xcd,0xd3,0x26,0x58,0xcc,0xe9,0xe0,0x27,0x41,0x29,0x02,0x35,0xd8,0x7c,0xbd,0x96,0x0e,0xeb,0x66,0xa3,0x5b,0xb8,0x9b,0x67,0x61,0x2c,0x77,0x6a,0xcc,0xe9,0xe4,0x0f,0x54,0xbe,0xe7,0xaf,0x71,0x88,0xdb,0xc8,0x42,0xae,0xbd,0x83,0xdf,0x47,0x82,0x17,0x35,0xc2,0x67,0x4a,0xd9,0x4e,0x92,0xed,0x2f,0xd5,0x2f,0xc2,0xc6,0x4c,0xf5,0x97,0x96,0x2e,0x77,0x67,0x12,0xd5,0x47,0x53,0x29,0x62,0xb3,0x97,0x77,0x2b,0xb5,0x43,0xd0,0x79,0xc1,0x66,0xc9,0xf0,0xd9,0xf0,0x1b,0x24,0xfb,0x84,0x00,0x67,0xcc,0x19

[AUTHEN] verify signature... pass
[SignLib] Hash value : 
0xf2,0x1d,0xf2,0xf9,0x29,0x13,0x2f,0x8a,0x56,0xee,0x1b,0xb,0xab,0x80,0xa3,0x64,0xb1,0x29,0x17,0xe7,

SIGN PASS !!!!!!!!!!!!!!!!!!!!!!!!!!!!!!!!!!!!!!!!!!!(Normal IMG)

=========================================
[Android SignTool v4.0 (FB)]

Built at Mon Nov 11 12:04:42 CST 2013
=========================================

[SignTool] sign image (fb signature)...
[SignLib] import CUSTOM_RSA_N
[SignLib] import CUSTOM_RSA_D
[SignLib] import CUSTOM_RSA_E
[AUTHEN] rsa.N length = 1024 bytes
[AUTHEN] rsa.E length = 20 bytes
signed already (0x53535353)
[SignLib] Signed file path is 'out/target/product/ckt72_w_kk/signed_bin/lk-sign.bin'
[SignLib] FB SIG path is 'out/target/product/ckt72_w_kk/signed_bin/lk-sign.bin.sig'
[SignLib] empty customer name 'NULL'
[SignLib] VERIFY_COUNT=1
[SignLib] VERIFY_OFFSET[0]=0
[SignLib] VERIFY_LENGTH[0]=10240
[SignLib] CHUNK_SIZE=1048576
[SignLib] size of 'out/target/product/ckt72_w_kk/lk.bin' is '0x45d18'
[SignLib] size of 'out/target/product/ckt72_w_kk/signed_bin/lk-sign.bin' is '0x45e38'
[SignLib] sec.magic_num              = 0x46424642
[SignLib] sec.cust_name              = 
[SignLib] sec.img_ver                = 1 (0x1)
[SignLib] sec.img_len                = 286264 (0x45e38)
[SignLib] fb_hdr.magic_num     = 1178748482 (0x46424642)
[SignLib] fb_hdr.hdr_ver       = 1 (0x1)
[SignLib] fb_hdr.hash_count    = 1 (0x1)
[SignLib] fb_hdr.chunk_size    = 16777216 (0x1000000)
[SignLib] fb_hdr.part_name     = 'lk' 
[SignLib] fb_hdr.orig_img_size = 285976 (0x45d18)
[SignLib] chunk[0], read size 286264 (0x45e38) 
[AUTHEN] RSA padding : RAW 
[AUTHEN] sign image ... pass

[AUTHEN] output signature: 
 ------------------------------------
0x3d,0x5f,0xbf,0x51,0x59,0xf5,0x4b,0xd7,0xda,0xf2,0x84,0x45,0xfe,0x0b,0x91,0xa8,0x19,0x16,0x06,0x77,0xfd,0xa6,0x3f,0x0c,0xfe,0x59,0x27,0xb6,0x74,0xc5,0x7a,0x02,0x41,0x53,0xb9,0x6c,0x0c,0x9d,0xe9,0x4a,0xd2,0xe0,0xde,0xa8,0x9c,0x44,0x93,0x65,0xeb,0xe8,0x6e,0xa1,0xda,0xbe,0x8f,0x83,0xe7,0x31,0x26,0xd0,0xe0,0x96,0x42,0x29,0xfa,0xff,0x76,0x1f,0xf3,0x17,0x8d,0x69,0xac,0x98,0x79,0x16,0x11,0x30,0x65,0xcf,0xbb,0xc1,0x91,0x87,0x05,0xc9,0x42,0x8b,0x82,0x81,0x15,0x60,0x0e,0x92,0x8b,0x82,0x8a,0x17,0x50,0xe0,0x69,0xb7,0x26,0x84,0x7e,0xb4,0x7a,0x57,0xa0,0x27,0xd7,0xc3,0xfe,0x23,0xac,0xc7,0x80,0x9e,0x8d,0xbf,0xa0,0x61,0x96,0x43,0xa5,0x79,0x78,0xbf

[AUTHEN] verify signature... pass
SIGN PASS !!!!!!!!!!!!!!!!!!!!!!!!!!!!!!!!!!!!!!!!!!!(FB SIG)


********************************************
 Sign EMMC Images 
********************************************
Sign Image 'out/target/product/ckt72_w_kk/MBR' with cfg 'mediatek/custom/ckt72_w_kk/security/image_auth/IMG_AUTH_CFG.ini'...
[Dependency] mediatek/build/tools/SignTool/SignTool.sh

=========================================
[Android SignTool v4.0 (FB)]

Built at Mon Nov 11 12:04:42 CST 2013
=========================================

[SignTool] sign image (normal)... 
[SignLib] import CUSTOM_RSA_N
[SignLib] import CUSTOM_RSA_D
[SignLib] import CUSTOM_RSA_E
[AUTHEN] rsa.N length = 1024 bytes
[AUTHEN] rsa.E length = 20 bytes
[SignLib] empty customer name 'NULL'
[SignLib] VERIFY_COUNT=1
[SignLib] VERIFY_OFFSET[0]=0
[SignLib] VERIFY_LENGTH[0]=10240
[SignLib] CHUNK_SIZE=1048576
[SignLib] size of 'out/target/product/ckt72_w_kk/MBR' is '0x200'
[SignUtil] sec_hdr->img_len = 512
[SignUtil] The last region's original length is 10240 (0x2800)
[SignUtil] Adjust last region's original length to 512 (0x200)
[0] min_pos is 0
p_ext_cfg->verify_offset[0] is 0
[0] region_end is 512
[0] next region start is 512
[SignUtil] Sign region (0->511) ok(v3)
[SignLib] hdr.magic_num     = 0x53535353
[SignLib] hdr.cust_name     = 
[SignLib] hdr.img_ver       = 1 (0x1)
[SignLib] hdr.img_len       = 512 (0x200)
[SignLib] hdr.img_off       = 64 (0x40)
[SignLib] hdr.s_off         = 2054781561 (0x7a797a79)
[SignLib] hdr.s_len         = 2054781561 (0x7a797a79)
[SignLib] hdr.sig_off       = 576 (0x240)
[SignLib] hdr.sig_len       = 148 (0x94)
[AUTHEN] RSA padding : RAW 
[AUTHEN] sign image ... pass

[AUTHEN] output signature: 
 ------------------------------------
0xc1,0x16,0x32,0x9f,0x56,0x5b,0x51,0x30,0x40,0xac,0xd7,0x5c,0x37,0x25,0xb7,0x7c,0x06,0x43,0x67,0x3d,0x3b,0xd8,0xf8,0x30,0x01,0xbc,0x3b,0xc7,0xcc,0xde,0x8b,0x6c,0x70,0x46,0x9a,0x36,0x7e,0x31,0xf1,0x21,0x82,0x23,0x1a,0xc3,0x1d,0x0a,0x7f,0x62,0xa9,0x4d,0x2e,0x92,0x06,0x6a,0x45,0x65,0x66,0x72,0xa9,0x11,0xf1,0x90,0xbb,0x4b,0x0f,0x22,0x4d,0x97,0x3b,0x88,0x7d,0xb8,0x7c,0xd2,0xa8,0x34,0x12,0x9d,0x9e,0xcb,0xdd,0x60,0xff,0xef,0x79,0xe7,0xc3,0x40,0x4e,0x1c,0x35,0x96,0x27,0xb9,0x18,0x03,0xc0,0xc6,0xa7,0x47,0x5c,0x2b,0x86,0xf2,0xf8,0xa7,0xd5,0xe0,0x41,0x4c,0x20,0xc3,0x93,0xc8,0x36,0xdc,0x80,0x31,0x20,0x53,0xc5,0xc0,0x4d,0x62,0x39,0xd6,0xec,0x17

[AUTHEN] verify signature... pass
[SignLib] Hash value : 
0xa6,0xe1,0xa3,0x3,0xa1,0x6b,0x8,0xde,0xd4,0xcc,0xc8,0xd8,0x8d,0xc9,0x59,0x81,0x79,0x5a,0xbb,0x46,

SIGN PASS !!!!!!!!!!!!!!!!!!!!!!!!!!!!!!!!!!!!!!!!!!!(Normal IMG)

=========================================
[Android SignTool v4.0 (FB)]

Built at Mon Nov 11 12:04:42 CST 2013
=========================================

[SignTool] sign image (fb signature)...
[SignLib] import CUSTOM_RSA_N
[SignLib] import CUSTOM_RSA_D
[SignLib] import CUSTOM_RSA_E
[AUTHEN] rsa.N length = 1024 bytes
[AUTHEN] rsa.E length = 20 bytes
signed already (0x53535353)
[SignLib] Signed file path is 'out/target/product/ckt72_w_kk/signed_bin/MBR-sign'
[SignLib] FB SIG path is 'out/target/product/ckt72_w_kk/signed_bin/MBR-sign.sig'
[SignLib] empty customer name 'NULL'
[SignLib] VERIFY_COUNT=1
[SignLib] VERIFY_OFFSET[0]=0
[SignLib] VERIFY_LENGTH[0]=10240
[SignLib] CHUNK_SIZE=1048576
[SignLib] size of 'out/target/product/ckt72_w_kk/MBR' is '0x200'
[SignLib] size of 'out/target/product/ckt72_w_kk/signed_bin/MBR-sign' is '0x320'
[SignLib] sec.magic_num              = 0x46424642
[SignLib] sec.cust_name              = 
[SignLib] sec.img_ver                = 1 (0x1)
[SignLib] sec.img_len                = 800 (0x320)
[SignLib] fb_hdr.magic_num     = 1178748482 (0x46424642)
[SignLib] fb_hdr.hdr_ver       = 1 (0x1)
[SignLib] fb_hdr.hash_count    = 1 (0x1)
[SignLib] fb_hdr.chunk_size    = 16777216 (0x1000000)
[SignLib] fb_hdr.part_name     = 'MBR' 
[SignLib] fb_hdr.orig_img_size = 512 (0x200)
[SignLib] chunk[0], read size 800 (0x320) 
[AUTHEN] RSA padding : RAW 
[AUTHEN] sign image ... pass

[AUTHEN] output signature: 
 ------------------------------------
0x28,0x45,0x31,0x8e,0x0b,0xc2,0xa6,0xc4,0xd9,0x92,0xb2,0xb1,0x9b,0xe4,0xe0,0x1b,0x22,0x1a,0xf2,0x23,0x47,0xb2,0x73,0xa3,0x6a,0x9e,0xc4,0xce,0x8e,0x11,0x73,0x52,0xfb,0xa2,0x4f,0x87,0xf7,0x17,0x33,0x73,0xac,0xf2,0xd3,0x99,0x2b,0xd4,0x32,0xff,0xdd,0x73,0x1a,0x4f,0x64,0xc4,0xc9,0xba,0x45,0x1c,0x58,0x01,0x02,0x66,0x0a,0xec,0x54,0x93,0x63,0xe9,0x72,0x8b,0x1e,0xeb,0x77,0x14,0x39,0x87,0x2e,0x6e,0x43,0xa7,0x80,0xe5,0xc2,0xd3,0x73,0xd5,0x75,0xbf,0x49,0x27,0xc1,0xe5,0xa2,0xee,0xe9,0xcc,0xb8,0xe7,0xe4,0x29,0xe8,0x7d,0x74,0xcd,0xf5,0x26,0x96,0x50,0x6c,0x34,0x1d,0x2b,0xc5,0x1e,0xd9,0x33,0x7c,0xfa,0x13,0x35,0x2d,0x80,0x1f,0xa0,0x4b,0x9c,0xfa,0xfa

[AUTHEN] verify signature... pass
SIGN PASS !!!!!!!!!!!!!!!!!!!!!!!!!!!!!!!!!!!!!!!!!!!(FB SIG)
Sign Image 'out/target/product/ckt72_w_kk/EBR1' with cfg 'mediatek/custom/ckt72_w_kk/security/image_auth/IMG_AUTH_CFG.ini'...
[Dependency] mediatek/build/tools/SignTool/SignTool.sh

=========================================
[Android SignTool v4.0 (FB)]

Built at Mon Nov 11 12:04:42 CST 2013
=========================================

[SignTool] sign image (normal)... 
[SignLib] import CUSTOM_RSA_N
[SignLib] import CUSTOM_RSA_D
[SignLib] import CUSTOM_RSA_E
[AUTHEN] rsa.N length = 1024 bytes
[AUTHEN] rsa.E length = 20 bytes
[SignLib] empty customer name 'NULL'
[SignLib] VERIFY_COUNT=1
[SignLib] VERIFY_OFFSET[0]=0
[SignLib] VERIFY_LENGTH[0]=10240
[SignLib] CHUNK_SIZE=1048576
[SignLib] size of 'out/target/product/ckt72_w_kk/EBR1' is '0x200'
[SignUtil] sec_hdr->img_len = 512
[SignUtil] The last region's original length is 10240 (0x2800)
[SignUtil] Adjust last region's original length to 512 (0x200)
[0] min_pos is 0
p_ext_cfg->verify_offset[0] is 0
[0] region_end is 512
[0] next region start is 512
[SignUtil] Sign region (0->511) ok(v3)
[SignLib] hdr.magic_num     = 0x53535353
[SignLib] hdr.cust_name     = 
[SignLib] hdr.img_ver       = 1 (0x1)
[SignLib] hdr.img_len       = 512 (0x200)
[SignLib] hdr.img_off       = 64 (0x40)
[SignLib] hdr.s_off         = 2054781561 (0x7a797a79)
[SignLib] hdr.s_len         = 2054781561 (0x7a797a79)
[SignLib] hdr.sig_off       = 576 (0x240)
[SignLib] hdr.sig_len       = 148 (0x94)
[AUTHEN] RSA padding : RAW 
[AUTHEN] sign image ... pass

[AUTHEN] output signature: 
 ------------------------------------
0x15,0xab,0x43,0x5d,0x16,0x40,0x9b,0x9f,0x96,0xbe,0x65,0x48,0xda,0xd9,0x3c,0xf1,0xc1,0x87,0x02,0x94,0x6a,0x90,0x71,0x4a,0x26,0x47,0xb8,0xfd,0x31,0x0a,0x8b,0xfb,0x62,0xe2,0xca,0xea,0xb8,0xca,0x1f,0xb6,0x02,0x5e,0x9e,0xc7,0xb2,0xc9,0x63,0x58,0x06,0x98,0x18,0x09,0x79,0x71,0x7d,0x8e,0x75,0xa1,0x03,0xb7,0xc2,0x11,0x88,0x87,0x5f,0x6f,0x07,0x9f,0x5c,0xba,0x92,0xab,0x52,0x2a,0x32,0x5e,0x53,0x0f,0x4f,0xeb,0x6b,0xac,0xa2,0xa8,0x84,0x60,0x6a,0xe3,0x65,0x4c,0x47,0xf2,0xce,0x78,0x24,0x98,0xde,0x8d,0xf7,0xcf,0x9a,0x47,0x7d,0x4c,0x59,0x5e,0x79,0x71,0x5b,0xe6,0xa1,0xba,0x75,0xab,0x95,0x47,0x60,0x2f,0x8f,0x51,0x0e,0xa4,0x25,0xdf,0xdf,0x32,0x34,0x0b

[AUTHEN] verify signature... pass
[SignLib] Hash value : 
0x3,0xa9,0xdc,0xf6,0x2e,0x8,0xe1,0x73,0xaf,0x62,0xdc,0x1f,0xa3,0x33,0x76,0xd0,0x3c,0xe5,0xb1,0xfd,

SIGN PASS !!!!!!!!!!!!!!!!!!!!!!!!!!!!!!!!!!!!!!!!!!!(Normal IMG)

=========================================
[Android SignTool v4.0 (FB)]

Built at Mon Nov 11 12:04:42 CST 2013
=========================================

[SignTool] sign image (fb signature)...
[SignLib] import CUSTOM_RSA_N
[SignLib] import CUSTOM_RSA_D
[SignLib] import CUSTOM_RSA_E
[AUTHEN] rsa.N length = 1024 bytes
[AUTHEN] rsa.E length = 20 bytes
signed already (0x53535353)
[SignLib] Signed file path is 'out/target/product/ckt72_w_kk/signed_bin/EBR1-sign'
[SignLib] FB SIG path is 'out/target/product/ckt72_w_kk/signed_bin/EBR1-sign.sig'
[SignLib] empty customer name 'NULL'
[SignLib] VERIFY_COUNT=1
[SignLib] VERIFY_OFFSET[0]=0
[SignLib] VERIFY_LENGTH[0]=10240
[SignLib] CHUNK_SIZE=1048576
[SignLib] size of 'out/target/product/ckt72_w_kk/EBR1' is '0x200'
[SignLib] size of 'out/target/product/ckt72_w_kk/signed_bin/EBR1-sign' is '0x320'
[SignLib] sec.magic_num              = 0x46424642
[SignLib] sec.cust_name              = 
[SignLib] sec.img_ver                = 1 (0x1)
[SignLib] sec.img_len                = 800 (0x320)
[SignLib] fb_hdr.magic_num     = 1178748482 (0x46424642)
[SignLib] fb_hdr.hdr_ver       = 1 (0x1)
[SignLib] fb_hdr.hash_count    = 1 (0x1)
[SignLib] fb_hdr.chunk_size    = 16777216 (0x1000000)
[SignLib] fb_hdr.part_name     = 'EBR1' 
[SignLib] fb_hdr.orig_img_size = 512 (0x200)
[SignLib] chunk[0], read size 800 (0x320) 
[AUTHEN] RSA padding : RAW 
[AUTHEN] sign image ... pass

[AUTHEN] output signature: 
 ------------------------------------
0x9a,0xcb,0xbc,0x19,0xaa,0x00,0x79,0x81,0x79,0x33,0x6f,0x3f,0xd9,0x7d,0xa1,0x04,0xd9,0x9f,0x85,0x67,0xeb,0x8a,0x74,0x33,0xdd,0x81,0x6f,0x6d,0x9a,0x2e,0x17,0x04,0x4e,0x7f,0x9f,0xab,0xb4,0xe7,0x18,0x95,0xe4,0x06,0xd5,0xc8,0xbc,0xb5,0x75,0xff,0x93,0x77,0x05,0x88,0x7d,0x22,0x36,0x7f,0x3c,0xc2,0x4e,0x34,0xc5,0x13,0x91,0x92,0x45,0xe4,0xc7,0x73,0xa1,0xab,0x30,0x71,0xef,0xf9,0x63,0xbe,0xa6,0x23,0xe0,0x4f,0x0d,0x4b,0xee,0xda,0xb0,0xf5,0x5a,0x6a,0x2a,0x51,0x53,0x84,0x67,0xd0,0x4e,0x5a,0x5a,0x6a,0x46,0xed,0x0d,0x49,0xd3,0x1b,0x69,0x67,0xef,0xda,0x18,0x16,0x85,0x71,0xe8,0x96,0x4a,0x74,0xd1,0x74,0x8b,0x34,0x3c,0x29,0x9a,0xfe,0x74,0x8d,0xe8,0xaf

[AUTHEN] verify signature... pass
SIGN PASS !!!!!!!!!!!!!!!!!!!!!!!!!!!!!!!!!!!!!!!!!!!(FB SIG)
Sign Image 'out/target/product/ckt72_w_kk/cache.img' with cfg 'mediatek/custom/ckt72_w_kk/security/image_auth/IMG_AUTH_CFG.ini'...
[Dependency] mediatek/build/tools/SignTool/SignTool.sh
[Dependency] mediatek/build/tools/SignTool/simg2img

=========================================
[Android SignTool v4.0 (FB)]

Built at Mon Nov 11 12:04:42 CST 2013
=========================================

[SignTool] sign image (normal)... 
[SignLib] import CUSTOM_RSA_N
[SignLib] import CUSTOM_RSA_D
[SignLib] import CUSTOM_RSA_E
[AUTHEN] rsa.N length = 1024 bytes
[AUTHEN] rsa.E length = 20 bytes
[SignLib] empty customer name 'NULL'
[SignLib] VERIFY_COUNT=1
[SignLib] VERIFY_OFFSET[0]=0
[SignLib] VERIFY_LENGTH[0]=10240
[SignLib] CHUNK_SIZE=1048576
[SignLib] size of 'UN_SPARSE_TEMP_IMG' is '0x10000000'
[SignUtil] sec_hdr->img_len = 268435456
[0] min_pos is 0
p_ext_cfg->verify_offset[0] is 0
[0] region_end is 10240
[0] next region start is 268435456
[SignUtil] Sign region (0->10239) ok(v3)
[SignLib] hdr.magic_num     = 0x53535353
[SignLib] hdr.cust_name     = 
[SignLib] hdr.img_ver       = 1 (0x1)
[SignLib] hdr.img_len       = 268435456 (0x10000000)
[SignLib] hdr.img_off       = 64 (0x40)
[SignLib] hdr.s_off         = 2054781561 (0x7a797a79)
[SignLib] hdr.s_len         = 2054781561 (0x7a797a79)
[SignLib] hdr.sig_off       = 268435520 (0x10000040)
[SignLib] hdr.sig_len       = 148 (0x94)
[AUTHEN] RSA padding : RAW 
[AUTHEN] sign image ... pass

[AUTHEN] output signature: 
 ------------------------------------
0xb4,0x9b,0x64,0x25,0x6a,0x72,0x4e,0x1a,0x8e,0x4c,0x4a,0x14,0x2e,0x6a,0xbf,0x9b,0xaa,0xba,0x55,0x37,0x9e,0xc4,0x8e,0xc6,0xf9,0xb5,0x1b,0x3c,0x45,0x84,0x8e,0x75,0x23,0x81,0x85,0x68,0x15,0x37,0x76,0xcb,0x25,0xee,0xf7,0x4e,0x74,0x0f,0x10,0x4d,0xfd,0x3c,0x70,0x60,0xbc,0x85,0x77,0xf9,0x56,0x75,0x92,0x8f,0x56,0x30,0x91,0x6a,0x65,0x1f,0xb6,0x8e,0xf0,0xca,0x6b,0xad,0x43,0xc9,0x7c,0x13,0x53,0xae,0x37,0xa5,0xf7,0xe2,0x91,0x28,0x48,0x24,0xc3,0x58,0xbe,0xac,0xb9,0xff,0x18,0x2d,0xba,0x91,0xd9,0x70,0x51,0xb8,0xf1,0x0f,0x72,0xa3,0x32,0x4b,0x70,0xbf,0xd2,0xbf,0x88,0x48,0x1f,0x19,0x81,0x47,0xd5,0xce,0xf6,0x54,0x12,0x2d,0xc8,0x4f,0xe2,0xc1,0x46,0x7c

[AUTHEN] verify signature... pass
[SignLib] Hash value : 
0xfc,0x77,0x3d,0x88,0xf6,0x49,0x2b,0x4e,0xd4,0xb1,0x6c,0x84,0xd5,0xd2,0x98,0x32,0x16,0x62,0x31,0x7,

SIGN PASS !!!!!!!!!!!!!!!!!!!!!!!!!!!!!!!!!!!!!!!!!!!(Sparse S1 IMG)

=========================================
[Android SignTool v4.0 (FB)]

Built at Mon Nov 11 12:04:42 CST 2013
=========================================

[SignTool] sign image (sparse)... 
[SignLib] import CUSTOM_RSA_N
[SignLib] import CUSTOM_RSA_D
[SignLib] import CUSTOM_RSA_E
[AUTHEN] rsa.N length = 1024 bytes
[AUTHEN] rsa.E length = 20 bytes
[SignLib] empty customer name 'NULL'
[SignLib] VERIFY_COUNT=1
[SignLib] VERIFY_OFFSET[0]=0
[SignLib] VERIFY_LENGTH[0]=10240
[SignLib] CHUNK_SIZE=1048576
[SignLib] size of 'out/target/product/ckt72_w_kk/cache.img' is '0x61a0d0'
[SignUtil] sec_hdr->img_len = 6398160
[0] min_pos is 0
p_ext_cfg->verify_offset[0] is 0
[0] region_end is 10240
[0] next region start is 6398160
[SignUtil] Sign region (0->10239) ok(v3)
[SignLib] hdr.magic_num     = 0x53535353
[SignLib] hdr.cust_name     = 
[SignLib] hdr.img_ver       = 1 (0x1)
[SignLib] hdr.img_len       = 6398160 (0x61a0d0)
[SignLib] hdr.img_off       = 64 (0x40)
[SignLib] hdr.s_off         = 2054781561 (0x7a797a79)
[SignLib] hdr.s_len         = 2054781561 (0x7a797a79)
[SignLib] hdr.sig_off       = 6398224 (0x61a110)
[SignLib] hdr.sig_len       = 148 (0x94)
[SignLib] sparse ext header is existed (len=288)
[AUTHEN] RSA padding : RAW 
[AUTHEN] sign image ... pass

[AUTHEN] output signature: 
 ------------------------------------
0xa4,0xb2,0xd9,0x02,0x50,0x2a,0x17,0xc0,0x31,0x8b,0x8b,0x07,0x3c,0xc0,0x88,0x84,0x0e,0x11,0x40,0x6d,0x29,0x71,0x0d,0x11,0x49,0xea,0x20,0x5d,0x6a,0x67,0x85,0x97,0x6f,0xb5,0xf5,0x36,0x0d,0x39,0x63,0x35,0x15,0xa9,0x22,0x33,0x55,0x3e,0x93,0x99,0xb4,0xbb,0x00,0x25,0xbf,0x9c,0x95,0xb2,0x43,0x96,0x1b,0x4b,0x79,0x23,0xbb,0xf1,0xf1,0x5a,0x4b,0x22,0x4e,0xaf,0x27,0x77,0x61,0xc5,0x8d,0x67,0xb5,0x42,0xe0,0xeb,0x59,0xa0,0x60,0xe5,0x2e,0xf6,0x8d,0xb6,0x92,0x3e,0xff,0x5b,0xd9,0xf5,0x84,0x0c,0x7a,0x31,0xa1,0x9c,0x5a,0xdd,0xd8,0xcf,0x49,0xf0,0xb2,0xd0,0xbc,0xa3,0x1f,0x16,0x56,0xb9,0x7f,0xce,0xef,0x0f,0x08,0x1e,0x4e,0x21,0x3e,0x8a,0xc3,0xde,0x00,0x7e

[AUTHEN] verify signature... pass
[SignLib] Hash value : 
0xd,0x1b,0x4d,0x8b,0x9e,0x75,0xb7,0xfa,0x23,0x48,0xb8,0x72,0x7c,0xf4,0x98,0x8b,0x9f,0x49,0x3c,0x44,

SIGN PASS !!!!!!!!!!!!!!!!!!!!!!!!!!!!!!!!!!!!!!!!!!!(Sparse S2 IMG)

=========================================
[Android SignTool v4.0 (FB)]

Built at Mon Nov 11 12:04:42 CST 2013
=========================================

[SignTool] sign image (fb signature)...
[SignLib] import CUSTOM_RSA_N
[SignLib] import CUSTOM_RSA_D
[SignLib] import CUSTOM_RSA_E
[AUTHEN] rsa.N length = 1024 bytes
[AUTHEN] rsa.E length = 20 bytes
signed already (0x53535353)
[SignLib] Signed file path is 'out/target/product/ckt72_w_kk/signed_bin/cache-sign.img'
[SignLib] FB SIG path is 'out/target/product/ckt72_w_kk/signed_bin/cache-sign.img.sig'
[SignLib] empty customer name 'NULL'
[SignLib] VERIFY_COUNT=1
[SignLib] VERIFY_OFFSET[0]=0
[SignLib] VERIFY_LENGTH[0]=10240
[SignLib] CHUNK_SIZE=1048576
[SignLib] size of 'out/target/product/ckt72_w_kk/cache.img' is '0x61a0d0'
[SignLib] size of 'out/target/product/ckt72_w_kk/signed_bin/cache-sign.img' is '0x61a328'
[SignLib] sec.magic_num              = 0x46424642
[SignLib] sec.cust_name              = 
[SignLib] sec.img_ver                = 1 (0x1)
[SignLib] sec.img_len                = 6398760 (0x61a328)
[SignLib] fb_hdr.magic_num     = 1178748482 (0x46424642)
[SignLib] fb_hdr.hdr_ver       = 1 (0x1)
[SignLib] fb_hdr.hash_count    = 1 (0x1)
[SignLib] fb_hdr.chunk_size    = 16777216 (0x1000000)
[SignLib] fb_hdr.part_name     = 'cache' 
[SignLib] fb_hdr.orig_img_size = 6398160 (0x61a0d0)
[SignLib] chunk[0], read size 6398760 (0x61a328) 
[AUTHEN] RSA padding : RAW 
[AUTHEN] sign image ... pass

[AUTHEN] output signature: 
 ------------------------------------
0x77,0xb8,0xb6,0x93,0x42,0x88,0x48,0x61,0xc7,0x72,0x79,0x21,0x2c,0xf7,0x1c,0x4a,0x16,0x00,0xc5,0x67,0xc3,0x2a,0x1e,0xda,0x95,0xb5,0x8e,0xf0,0xc8,0x64,0xcc,0x17,0x51,0x93,0x8f,0xe1,0xff,0x4c,0x85,0x1a,0x5d,0x53,0x7f,0xd0,0x55,0x6d,0x89,0xa4,0x93,0x6d,0x51,0xab,0xae,0x8d,0x04,0x34,0x52,0xb4,0xde,0xc2,0xb1,0xd2,0x34,0x69,0xf1,0x26,0xe2,0xef,0x76,0xe2,0xaf,0x36,0x5b,0xc2,0x11,0xb0,0x80,0x25,0x24,0x09,0x5b,0x86,0xec,0x57,0xd2,0x0b,0xfc,0xe5,0xc1,0xe9,0xeb,0x3c,0x99,0x84,0x70,0x9e,0xe4,0xa8,0x6b,0x6a,0xaa,0x00,0xa5,0x48,0x12,0xc1,0x62,0xe8,0xfb,0x8d,0xcc,0x83,0xac,0xcb,0x8d,0xc5,0x18,0x54,0x00,0x69,0x88,0x9a,0x0f,0xcc,0x80,0x07,0x70,0x5a

[AUTHEN] verify signature... pass
SIGN PASS !!!!!!!!!!!!!!!!!!!!!!!!!!!!!!!!!!!!!!!!!!!(FB SIG)


********************************************
 Sign SECRO Images 
********************************************
Sign Image 'out/target/product/ckt72_w_kk/sro-lock.img' with cfg 'mediatek/custom/ckt72_w_kk/security/image_auth/sro-lock.img.ini'...
[Dependency] mediatek/build/tools/SignTool/SignTool.sh

=========================================
[Android SignTool v4.0 (FB)]

Built at Mon Nov 11 12:04:42 CST 2013
=========================================

[SignTool] sign image (normal)... 
[SignLib] import CUSTOM_RSA_N
[SignLib] import CUSTOM_RSA_D
[SignLib] import CUSTOM_RSA_E
[AUTHEN] rsa.N length = 1024 bytes
[AUTHEN] rsa.E length = 20 bytes
[SignLib] empty customer name 'NULL'
[SignLib] VERIFY_COUNT=1
[SignLib] VERIFY_OFFSET[0]=0
[SignLib] VERIFY_LENGTH[0]=0
[SignLib] CHUNK_SIZE=1048576
[SignLib] size of 'out/target/product/ckt72_w_kk/sro-lock.img' is '0x21000'
[SignUtil] sec_hdr->img_len = 135168
[SignUtil] The sign length is zero, and sign offset is : 0 (0x0)
[SignUtil] Set the sign length to rest whole image length : 135168 (0x21000)
[0] min_pos is 0
p_ext_cfg->verify_offset[0] is 0
[0] region_end is 135168
[0] next region start is 135168
[SignUtil] Sign region (0->135167) ok(v3)
[SignLib] hdr.magic_num     = 0x53535353
[SignLib] hdr.cust_name     = 
[SignLib] hdr.img_ver       = 1 (0x1)
[SignLib] hdr.img_len       = 135168 (0x21000)
[SignLib] hdr.img_off       = 64 (0x40)
[SignLib] hdr.s_off         = 2054781561 (0x7a797a79)
[SignLib] hdr.s_len         = 2054781561 (0x7a797a79)
[SignLib] hdr.sig_off       = 135232 (0x21040)
[SignLib] hdr.sig_len       = 148 (0x94)
[AUTHEN] RSA padding : RAW 
[AUTHEN] sign image ... pass

[AUTHEN] output signature: 
 ------------------------------------
0x3a,0xfb,0xa3,0x73,0xea,0xe7,0x90,0xf0,0xf2,0x23,0x90,0x95,0xf3,0x83,0x1a,0x9d,0x5b,0xd6,0xb2,0x4f,0xe3,0xde,0x47,0xc4,0x1e,0x8e,0x05,0x6c,0xf2,0xb9,0x16,0xc7,0xf7,0xf5,0xb8,0x45,0x4d,0x0c,0x14,0x33,0x75,0x50,0xbb,0x55,0x16,0xe4,0x0d,0x28,0x76,0x8c,0x93,0xce,0x97,0xd8,0xca,0xdf,0xc3,0x6a,0x90,0x63,0xe7,0x85,0xcc,0xd2,0x45,0x69,0x6d,0x85,0xe1,0x2b,0x57,0xa0,0xf4,0x38,0x3f,0x5e,0xd4,0x8e,0xe0,0x04,0x50,0x46,0xd1,0x8b,0x11,0xcf,0x23,0xbb,0x01,0xed,0xd2,0x21,0xd6,0xcf,0xab,0xc5,0xad,0xc9,0x3c,0x39,0x3a,0x73,0x25,0x79,0x09,0xbd,0x3f,0x28,0x52,0x2f,0xa3,0x9c,0x18,0xb3,0x22,0x3c,0x1a,0x18,0x00,0x32,0x70,0x82,0xce,0x0b,0x4e,0x78,0x41,0x75

[AUTHEN] verify signature... pass
[SignLib] Hash value : 
0x32,0x88,0x80,0x55,0xd9,0xef,0x7d,0xe8,0x74,0x59,0x5c,0x26,0x7f,0x9b,0x6c,0x53,0xf5,0x3b,0x24,0xa,

SIGN PASS !!!!!!!!!!!!!!!!!!!!!!!!!!!!!!!!!!!!!!!!!!!(Normal IMG)

=========================================
[Android SignTool v4.0 (FB)]

Built at Mon Nov 11 12:04:42 CST 2013
=========================================

[SignTool] sign image (fb signature)...
[SignLib] import CUSTOM_RSA_N
[SignLib] import CUSTOM_RSA_D
[SignLib] import CUSTOM_RSA_E
[AUTHEN] rsa.N length = 1024 bytes
[AUTHEN] rsa.E length = 20 bytes
signed already (0x53535353)
[SignLib] Signed file path is 'out/target/product/ckt72_w_kk/signed_bin/sro-lock-sign.img'
[SignLib] FB SIG path is 'out/target/product/ckt72_w_kk/signed_bin/sro-lock-sign.img.sig'
[SignLib] empty customer name 'NULL'
[SignLib] VERIFY_COUNT=1
[SignLib] VERIFY_OFFSET[0]=0
[SignLib] VERIFY_LENGTH[0]=0
[SignLib] CHUNK_SIZE=1048576
[SignLib] size of 'out/target/product/ckt72_w_kk/sro-lock.img' is '0x21000'
[SignLib] size of 'out/target/product/ckt72_w_kk/signed_bin/sro-lock-sign.img' is '0x21120'
[SignLib] sec.magic_num              = 0x46424642
[SignLib] sec.cust_name              = 
[SignLib] sec.img_ver                = 1 (0x1)
[SignLib] sec.img_len                = 135456 (0x21120)
[SignLib] fb_hdr.magic_num     = 1178748482 (0x46424642)
[SignLib] fb_hdr.hdr_ver       = 1 (0x1)
[SignLib] fb_hdr.hash_count    = 1 (0x1)
[SignLib] fb_hdr.chunk_size    = 16777216 (0x1000000)
[SignLib] fb_hdr.part_name     = 'sro-lock' 
[SignLib] fb_hdr.orig_img_size = 135168 (0x21000)
[SignLib] chunk[0], read size 135456 (0x21120) 
[AUTHEN] RSA padding : RAW 
[AUTHEN] sign image ... pass

[AUTHEN] output signature: 
 ------------------------------------
0xa6,0x02,0xb4,0x74,0x97,0x67,0x46,0xe2,0x0d,0xbb,0xad,0x8b,0x2e,0x17,0x4b,0x47,0xba,0xe2,0x92,0xde,0xc2,0x10,0x5a,0x89,0x4c,0xa7,0x21,0xfa,0xb0,0x6d,0x81,0x22,0x17,0x1e,0x89,0x3b,0x9f,0x9a,0x35,0x4d,0x89,0x81,0x38,0xc7,0xe2,0x52,0x04,0xf4,0x49,0x2b,0xa0,0xaf,0xda,0xb4,0xa2,0xd5,0x28,0xcc,0xf7,0xd4,0x1c,0x71,0x5c,0x79,0xb0,0x09,0x86,0x7e,0xfa,0xe1,0x61,0x29,0x2f,0x0f,0x92,0x89,0x7e,0x98,0xf4,0x94,0xd3,0x64,0x3b,0x3b,0x03,0x01,0x2d,0xb8,0x60,0x02,0x28,0x46,0x66,0xb3,0xa0,0x99,0x2f,0xe3,0xa7,0xae,0xc5,0xda,0x81,0x91,0x23,0x5f,0xca,0xe8,0xc3,0x66,0xa4,0x2e,0xb3,0xc4,0xd9,0x8a,0x4a,0x9e,0xa5,0x7d,0x78,0xea,0x8c,0x31,0x52,0xbf,0x53,0x64

[AUTHEN] verify signature... pass
SIGN PASS !!!!!!!!!!!!!!!!!!!!!!!!!!!!!!!!!!!!!!!!!!!(FB SIG)
Sign Image 'out/target/product/ckt72_w_kk/sro-unlock.img' with cfg 'mediatek/custom/ckt72_w_kk/security/image_auth/sro-unlock.img.ini'...
[Dependency] mediatek/build/tools/SignTool/SignTool.sh

=========================================
[Android SignTool v4.0 (FB)]

Built at Mon Nov 11 12:04:42 CST 2013
=========================================

[SignTool] sign image (normal)... 
[SignLib] import CUSTOM_RSA_N
[SignLib] import CUSTOM_RSA_D
[SignLib] import CUSTOM_RSA_E
[AUTHEN] rsa.N length = 1024 bytes
[AUTHEN] rsa.E length = 20 bytes
[SignLib] empty customer name 'NULL'
[SignLib] VERIFY_COUNT=1
[SignLib] VERIFY_OFFSET[0]=0
[SignLib] VERIFY_LENGTH[0]=0
[SignLib] CHUNK_SIZE=1048576
[SignLib] size of 'out/target/product/ckt72_w_kk/sro-unlock.img' is '0x21000'
[SignUtil] sec_hdr->img_len = 135168
[SignUtil] The sign length is zero, and sign offset is : 0 (0x0)
[SignUtil] Set the sign length to rest whole image length : 135168 (0x21000)
[0] min_pos is 0
p_ext_cfg->verify_offset[0] is 0
[0] region_end is 135168
[0] next region start is 135168
[SignUtil] Sign region (0->135167) ok(v3)
[SignLib] hdr.magic_num     = 0x53535353
[SignLib] hdr.cust_name     = 
[SignLib] hdr.img_ver       = 1 (0x1)
[SignLib] hdr.img_len       = 135168 (0x21000)
[SignLib] hdr.img_off       = 64 (0x40)
[SignLib] hdr.s_off         = 2054781561 (0x7a797a79)
[SignLib] hdr.s_len         = 2054781561 (0x7a797a79)
[SignLib] hdr.sig_off       = 135232 (0x21040)
[SignLib] hdr.sig_len       = 148 (0x94)
[AUTHEN] RSA padding : RAW 
[AUTHEN] sign image ... pass

[AUTHEN] output signature: 
 ------------------------------------
0x1b,0xc2,0x05,0xab,0x28,0xd9,0xa4,0x92,0x54,0x19,0xf2,0xc1,0xe7,0xc3,0x1a,0xe3,0x56,0xa0,0xc9,0x81,0x48,0xa5,0xaf,0x50,0x52,0x70,0xd3,0xac,0xd8,0x9f,0x38,0x74,0x09,0x76,0xf2,0x53,0x52,0x3a,0xad,0xb2,0x47,0x78,0xb4,0xa6,0x0b,0x58,0x6a,0x2f,0x36,0x4d,0x44,0xd9,0xef,0x17,0x97,0x2f,0x79,0x0d,0x9c,0xfb,0xbc,0xb2,0xcc,0xb6,0xf8,0x5b,0x16,0xf9,0x0b,0x50,0x2a,0x86,0x84,0x7b,0xe7,0x97,0xbc,0xfe,0x5f,0x5a,0x77,0x43,0x47,0xae,0xdf,0x5f,0x0b,0xaf,0x94,0xac,0x4f,0xbb,0x05,0xec,0x26,0xd2,0x4c,0x77,0xd9,0x39,0x0d,0xbb,0xb8,0x7e,0x5f,0xc3,0xbc,0x96,0x4a,0x58,0x04,0x4c,0x74,0x40,0x88,0x06,0x8b,0xb6,0x88,0x82,0xe7,0xbe,0xd3,0xb8,0x62,0x7d,0x12,0x61

[AUTHEN] verify signature... pass
[SignLib] Hash value : 
0x1b,0xbf,0xba,0x4c,0x86,0x2a,0xd7,0x62,0x22,0x1c,0xb9,0x5f,0x4c,0xdd,0x45,0x90,0x3,0x27,0xc5,0x59,

SIGN PASS !!!!!!!!!!!!!!!!!!!!!!!!!!!!!!!!!!!!!!!!!!!(Normal IMG)

=========================================
[Android SignTool v4.0 (FB)]

Built at Mon Nov 11 12:04:42 CST 2013
=========================================

[SignTool] sign image (fb signature)...
[SignLib] import CUSTOM_RSA_N
[SignLib] import CUSTOM_RSA_D
[SignLib] import CUSTOM_RSA_E
[AUTHEN] rsa.N length = 1024 bytes
[AUTHEN] rsa.E length = 20 bytes
signed already (0x53535353)
[SignLib] Signed file path is 'out/target/product/ckt72_w_kk/signed_bin/sro-unlock-sign.img'
[SignLib] FB SIG path is 'out/target/product/ckt72_w_kk/signed_bin/sro-unlock-sign.img.sig'
[SignLib] empty customer name 'NULL'
[SignLib] VERIFY_COUNT=1
[SignLib] VERIFY_OFFSET[0]=0
[SignLib] VERIFY_LENGTH[0]=0
[SignLib] CHUNK_SIZE=1048576
[SignLib] size of 'out/target/product/ckt72_w_kk/sro-unlock.img' is '0x21000'
[SignLib] size of 'out/target/product/ckt72_w_kk/signed_bin/sro-unlock-sign.img' is '0x21120'
[SignLib] sec.magic_num              = 0x46424642
[SignLib] sec.cust_name              = 
[SignLib] sec.img_ver                = 1 (0x1)
[SignLib] sec.img_len                = 135456 (0x21120)
[SignLib] fb_hdr.magic_num     = 1178748482 (0x46424642)
[SignLib] fb_hdr.hdr_ver       = 1 (0x1)
[SignLib] fb_hdr.hash_count    = 1 (0x1)
[SignLib] fb_hdr.chunk_size    = 16777216 (0x1000000)
[SignLib] fb_hdr.part_name     = 'sro-unlock' 
[SignLib] fb_hdr.orig_img_size = 135168 (0x21000)
[SignLib] chunk[0], read size 135456 (0x21120) 
[AUTHEN] RSA padding : RAW 
[AUTHEN] sign image ... pass

[AUTHEN] output signature: 
 ------------------------------------
0x89,0xa1,0xf0,0xd3,0xb6,0x0c,0x32,0x2a,0x24,0x8e,0xe1,0xba,0xa0,0x4c,0xd9,0x59,0x43,0xa6,0xe9,0xc2,0x1f,0x0e,0x11,0xd5,0x76,0x8b,0xdf,0x41,0x7b,0xc4,0xdc,0xed,0xaa,0x50,0xdd,0x99,0x53,0x88,0x80,0xfa,0xc8,0xd7,0x8b,0x0e,0xb9,0xce,0xaa,0xeb,0x48,0x6c,0x7c,0x54,0x37,0x6c,0xc1,0x54,0xb7,0x5a,0x0d,0x27,0x73,0x55,0xa8,0x63,0x66,0xed,0x71,0x6b,0xbd,0x08,0xbb,0x60,0xd7,0x95,0x16,0x34,0xa9,0x15,0x3f,0xcc,0x03,0xbf,0x63,0x30,0x18,0x1c,0xbf,0xad,0xd6,0x93,0x94,0x62,0x9b,0x97,0x6d,0x2e,0x74,0x54,0xec,0x11,0x74,0xb5,0xa4,0xd0,0xa4,0xd1,0x76,0x7e,0x80,0x92,0x16,0x3e,0x5b,0xac,0x25,0xe0,0xca,0x20,0x96,0xb8,0xdf,0x34,0x26,0x46,0xbe,0x68,0xf7,0x5f

[AUTHEN] verify signature... pass
SIGN PASS !!!!!!!!!!!!!!!!!!!!!!!!!!!!!!!!!!!!!!!!!!!(FB SIG)
