[Dependency] /home/epicuser/lkdcompilation_ckt72_w_kk-mt6572/mediatek/build/tools/emigen/MT6572/emigen.pl
[Dependency] /home/epicuser/lkdcompilation_ckt72_w_kk-mt6572/mediatek/build/tools/Spreadsheet/ParseExcel/Font.pm
[Dependency] /home/epicuser/lkdcompilation_ckt72_w_kk-mt6572/mediatek/build/tools/Spreadsheet/ParseExcel/Workbook.pm
[Dependency] /home/epicuser/lkdcompilation_ckt72_w_kk-mt6572/mediatek/build/tools/Spreadsheet/ParseExcel/Format.pm
[Dependency] /home/epicuser/lkdcompilation_ckt72_w_kk-mt6572/mediatek/build/tools/Spreadsheet/ParseExcel/Worksheet.pm
[Dependency] /home/epicuser/lkdcompilation_ckt72_w_kk-mt6572/mediatek/build/tools/pack_dep_gen.pm
[Dependency] /home/epicuser/lkdcompilation_ckt72_w_kk-mt6572/mediatek/build/tools/Spreadsheet/ParseExcel/Cell.pm
[Dependency] /home/epicuser/lkdcompilation_ckt72_w_kk-mt6572/mediatek/build/tools/Spreadsheet/OLE/Storage_Lite.pm
[Dependency] /home/epicuser/lkdcompilation_ckt72_w_kk-mt6572/mediatek/build/tools/Spreadsheet/ParseExcel/FmtDefault.pm
[Dependency] /home/epicuser/lkdcompilation_ckt72_w_kk-mt6572/mediatek/build/tools/Spreadsheet/ParseExcel/Utility.pm
[Dependency] /home/epicuser/lkdcompilation_ckt72_w_kk-mt6572/mediatek/build/tools/Spreadsheet/ParseExcel.pm
[Dependency] /home/epicuser/lkdcompilation_ckt72_w_kk-mt6572/mediatek/custom/ckt72_w_kk/preloader/inc/custom_MemoryDevice.h
[Dependency] /home/epicuser/lkdcompilation_ckt72_w_kk-mt6572/mediatek/build/tools/emigen/MT6572/MemoryDeviceList_MT6572.xls
[Dependency] /home/epicuser/lkdcompilation_ckt72_w_kk-mt6572/mediatek/build/tools/emigen/MT6572/MemoryDeviceList_MT6572.xls
[Dependency] /home/epicuser/lkdcompilation_ckt72_w_kk-mt6572/mediatek/build/tools/emigen/MT6572/MemoryDeviceList_MT6572.xls
[Dependency] /home/epicuser/lkdcompilation_ckt72_w_kk-mt6572/mediatek/build/tools/emigen/MT6572/MemoryDeviceList_MT6572.xls
Os = linux
mediatek/custom/ckt72_w_kk/preloader/inc/custom_MemoryDevice.h
mediatek/build/tools/emigen/MT6572/MemoryDeviceList_MT6572.xls
MT6572
out/target/product/ckt72_w_kk/obj/EMIGEN/inc/custom_emi.h
out/target/product/ckt72_w_kk/obj/PRELOADER_OBJ/custom_emi.c
out/target/product/ckt72_w_kk/obj/EMIGEN/MTK_Loader_Info.tag


custom_EMI.c are existed!!!


EMI_CLK[0] = 266
EMI_CLK[1] = 266
EMI_CLK[2] = 266
EMI_CLK[3] = 266
EMI_CLK[1-1]= 266flash length: 9, {0x11,0x01,0x00,0x30,0x30,0x34,0x47,0x39,0x30}
emi setting 0xAAAAAAAA, 0x00AA0000
dram vendor ID:0x06
EMI_CLK[2-1]= 266flash length: 9, { 0x90,0x01,0x4A,0x48,0x34,0x47,0x31,0x64,0x04}
emi setting 0xAAAAAAAA, 0x00AA0000
dram vendor ID:0x06
EMI_CLK[3-1]= 266flash length: 9, { 0x11,0x01,0x00,0x30,0x30,0x34,0x47,0x45,0x30}
emi setting 0xAAAAAAAA, 0x00AA0000
dram vendor ID:0x06
EMI_CLK[4-1]= 266flash length: 9, { 0x90,0x01,0x4A,0x48,0x34,0x47,0x32,0x61,0x11}
emi setting 0xAAAAAAAA, 0x00AA0000
dram vendor ID:0x06

out/target/product/ckt72_w_kk/obj/PRELOADER_OBJ/custom_emi.c is generated

out/target/product/ckt72_w_kk/obj/EMIGEN/inc/custom_emi.h is generated
PROJECT = ckt72_w_kk, pre_bin = preloader_ckt72_w_kk.bin
write tag : ckt72_w_kk, 0, 266, 0x10A
EMI_CLK[1-1]= 266DRAM vendor ID:0x06mem size:4096
write tag : ckt72_w_kk, 0, 266, 0x10A
EMI_CLK[2-1]= 266DRAM vendor ID:0x06mem size:4096
write tag : ckt72_w_kk, 0, 266, 0x10A
EMI_CLK[3-1]= 266DRAM vendor ID:0x06mem size:4096
write tag : ckt72_w_kk, 0, 266, 0x10A
EMI_CLK[4-1]= 266DRAM vendor ID:0x06mem size:4096
out/target/product/ckt72_w_kk/obj/EMIGEN/MTK_Loader_Info.tag is generated!
