libshowlogo new path ------- platform/mediatek/mt6572/lk/../../../../bootable/bootloader/lk/lib/libshowlogo
including app/mt_boot app/shell dev/keys dev/video lib/debug lib/heap lib/libc lib/libshowlogo lib/openssl lib/ptable lib/zlib out/lk
BMP_TO_RAW=out/lk/logo/../logo_tool/bmp_to_raw
ZPIPE=out/lk/logo/../logo_tool/zpipe
CUSTOM_LK_LOGO=cu_wvga
BOOT_LOGO_DIR =out/lk/logo
including lib/console
generating ../../../out/target/product/ckt72_w_kk/obj/BOOTLOADER_OBJ/build-ckt72_w_kk/config.h
generating ../../../out/target/product/ckt72_w_kk/obj/BOOTLOADER_OBJ/build-ckt72_w_kk/system-onesegment.ld
gcc -DMEMBASE=0x80020000  target/mediatek/tools/mkheader.c -o ../../../out/target/product/ckt72_w_kk/obj/BOOTLOADER_OBJ/build-ckt72_w_kk/mkheader
compiling arch/arm/crt0.S
compiling platform/mediatek/mt6572/lk/bitops.c
compiling platform/mediatek/mt6572/lk/platform.c
In file included from platform/mediatek/mt6572/lk/include/platform/mt_gpio.h:6:0,
                 from platform/mediatek/mt6572/lk/platform.c:46:
out/kernel/dct/cust_gpio_usage.h:37:0: warning: "GPIO_KPD_KCOL7_PIN_M_DBG_OUT" redefined [enabled by default]
out/kernel/dct/cust_gpio_usage.h:36:0: note: this is the location of the previous definition
platform/mediatek/mt6572/lk/platform.c: In function 'dram_init':
platform/mediatek/mt6572/lk/platform.c:593:5: warning: passing argument 2 of 'memcpy' makes pointer from integer without a cast [enabled by default]
In file included from platform/mediatek/mt6572/lk/platform.c:43:0:
include/string.h:35:7: note: expected 'const void *' but argument is of type 'unsigned int'
platform/mediatek/mt6572/lk/platform.c: In function 'platform_init':
platform/mediatek/mt6572/lk/platform.c:1029:6: warning: implicit declaration of function 'sec_usbdl_verify_da' [-Wimplicit-function-declaration]
platform/mediatek/mt6572/lk/platform.c: In function 'clk_init':
platform/mediatek/mt6572/lk/platform.c:581:1: warning: control reaches end of non-void function [-Wreturn-type]
compiling platform/mediatek/mt6572/lk/pwm.c
compiling platform/mediatek/mt6572/lk/uart.c
compiling platform/mediatek/mt6572/lk/interrupts.c
In file included from platform/mediatek/mt6572/lk/include/platform/mt_gpio.h:6:0,
                 from platform/mediatek/mt6572/lk/uart.c:32:
out/kernel/dct/cust_gpio_usage.h:37:0: warning: "GPIO_KPD_KCOL7_PIN_M_DBG_OUT" redefined [enabled by default]
out/kernel/dct/cust_gpio_usage.h:36:0: note: this is the location of the previous definition
compiling platform/mediatek/mt6572/lk/timer.c
compiling platform/mediatek/mt6572/lk/debug.c
compiling platform/mediatek/mt6572/lk/mt_i2c.c
In file included from platform/mediatek/mt6572/lk/include/platform/mt_gpio.h:6:0,
                 from platform/mediatek/mt6572/lk/mt_i2c.c:31:
out/kernel/dct/cust_gpio_usage.h:37:0: warning: "GPIO_KPD_KCOL7_PIN_M_DBG_OUT" redefined [enabled by default]
out/kernel/dct/cust_gpio_usage.h:36:0: note: this is the location of the previous definition
compiling platform/mediatek/mt6572/lk/boot_mode.c
compiling platform/mediatek/mt6572/lk/load_image.c
compiling platform/mediatek/mt6572/lk/atags.c
platform/mediatek/mt6572/lk/atags.c: In function 'target_atag_dfo':
platform/mediatek/mt6572/lk/atags.c:221:10: warning: pointer targets in assignment differ in signedness [-Wpointer-sign]
platform/mediatek/mt6572/lk/atags.c:249:10: warning: implicit declaration of function 'atoi' [-Wimplicit-function-declaration]
compiling platform/mediatek/mt6572/lk/mt_partition.c
compiling platform/mediatek/mt6572/lk/addr_trans.c
compiling platform/mediatek/mt6572/lk/mmc_common_inter.c
compiling platform/mediatek/mt6572/lk/mmc_core.c
compiling platform/mediatek/mt6572/lk/mmc_test.c
compiling platform/mediatek/mt6572/lk/mmc_dbg.c
compiling platform/mediatek/mt6572/lk/msdc.c
compiling platform/mediatek/mt6572/lk/msdc_dma.c
compiling platform/mediatek/mt6572/lk/msdc_irq.c
compiling platform/mediatek/mt6572/lk/msdc_utils.c
compiling platform/mediatek/mt6572/lk/pll.c
compiling platform/mediatek/mt6572/lk/factory.c
platform/mediatek/mt6572/lk/factory.c: In function 'factory_check_key_trigger':
platform/mediatek/mt6572/lk/factory.c:21:2: warning: implicit declaration of function 'get_timer' [-Wimplicit-function-declaration]
platform/mediatek/mt6572/lk/factory.c: In function 'factory_detection':
platform/mediatek/mt6572/lk/factory.c:48:9: warning: variable 'forbid_mode' set but not used [-Wunused-but-set-variable]
compiling platform/mediatek/mt6572/lk/mt_pmic.c
compiling platform/mediatek/mt6572/lk/upmu_common.c
compiling platform/mediatek/mt6572/lk/mt_gpt.c
compiling platform/mediatek/mt6572/lk/mtk_sleep.c
compiling platform/mediatek/mt6572/lk/mt_rtc.c
compiling platform/mediatek/mt6572/lk/mt_usb.c
compiling platform/mediatek/mt6572/lk/mtk_auxadc.c
platform/mediatek/mt6572/lk/mtk_auxadc.c: In function 'IMM_GetOneChannelValue':
platform/mediatek/mt6572/lk/mtk_auxadc.c:154:8: warning: implicit declaration of function 'printf' [-Wimplicit-function-declaration]
platform/mediatek/mt6572/lk/mtk_auxadc.c:155:8: warning: implicit declaration of function 'udelay' [-Wimplicit-function-declaration]
platform/mediatek/mt6572/lk/mtk_auxadc.c: In function 'IMM_auxadc_get_evrage_data':
platform/mediatek/mt6572/lk/mtk_auxadc.c:270:27: warning: variable 'ret_value' set but not used [-Wunused-but-set-variable]
platform/mediatek/mt6572/lk/mtk_auxadc.c: At top level:
platform/mediatek/mt6572/lk/mtk_auxadc.c:67:12: warning: 'g_o_vts' defined but not used [-Wunused-variable]
platform/mediatek/mt6572/lk/mtk_auxadc.c:69:12: warning: 'g_degc_cali' defined but not used [-Wunused-variable]
platform/mediatek/mt6572/lk/mtk_auxadc.c:70:12: warning: 'g_adc_cali_en' defined but not used [-Wunused-variable]
platform/mediatek/mt6572/lk/mtk_auxadc.c:71:12: warning: 'g_o_vts_abb' defined but not used [-Wunused-variable]
platform/mediatek/mt6572/lk/mtk_auxadc.c:72:12: warning: 'g_o_slope' defined but not used [-Wunused-variable]
platform/mediatek/mt6572/lk/mtk_auxadc.c:73:12: warning: 'g_o_slope_sign' defined but not used [-Wunused-variable]
platform/mediatek/mt6572/lk/mtk_auxadc.c:74:12: warning: 'g_id' defined but not used [-Wunused-variable]
compiling platform/mediatek/mt6572/lk/mtk_key.c
In file included from platform/mediatek/mt6572/lk/include/platform/mt_gpio.h:6:0,
                 from platform/mediatek/mt6572/lk/mtk_key.c:27:
out/kernel/dct/cust_gpio_usage.h:37:0: warning: "GPIO_KPD_KCOL7_PIN_M_DBG_OUT" redefined [enabled by default]
out/kernel/dct/cust_gpio_usage.h:36:0: note: this is the location of the previous definition
compiling platform/mediatek/mt6572/lk/mt_disp_drv.c
compiling platform/mediatek/mt6572/lk/disp_drv.c
In file included from platform/mediatek/mt6572/lk/include/platform/mt_gpio.h:6:0,
                 from platform/mediatek/mt6572/lk/include/platform/disp_drv_platform.h:40,
                 from platform/mediatek/mt6572/lk/mt_disp_drv.c:34:
out/kernel/dct/cust_gpio_usage.h:37:0: warning: "GPIO_KPD_KCOL7_PIN_M_DBG_OUT" redefined [enabled by default]
out/kernel/dct/cust_gpio_usage.h:36:0: note: this is the location of the previous definition
In file included from platform/mediatek/mt6572/lk/include/platform/mt_gpio.h:6:0,
                 from platform/mediatek/mt6572/lk/include/platform/disp_drv_platform.h:40,
                 from platform/mediatek/mt6572/lk/disp_drv.c:11:
out/kernel/dct/cust_gpio_usage.h:37:0: warning: "GPIO_KPD_KCOL7_PIN_M_DBG_OUT" redefined [enabled by default]
out/kernel/dct/cust_gpio_usage.h:36:0: note: this is the location of the previous definition
compiling platform/mediatek/mt6572/lk/disp_assert_layer.c
compiling platform/mediatek/mt6572/lk/disp_drv_dbi.c
In file included from platform/mediatek/mt6572/lk/include/platform/mt_gpio.h:6:0,
                 from platform/mediatek/mt6572/lk/include/platform/disp_drv_platform.h:40,
                 from platform/mediatek/mt6572/lk/disp_assert_layer.c:37:
out/kernel/dct/cust_gpio_usage.h:37:0: warning: "GPIO_KPD_KCOL7_PIN_M_DBG_OUT" redefined [enabled by default]
out/kernel/dct/cust_gpio_usage.h:36:0: note: this is the location of the previous definition
In file included from platform/mediatek/mt6572/lk/include/platform/mt_gpio.h:6:0,
                 from platform/mediatek/mt6572/lk/include/platform/disp_drv_platform.h:40,
                 from platform/mediatek/mt6572/lk/disp_drv_dbi.c:39:
out/kernel/dct/cust_gpio_usage.h:37:0: warning: "GPIO_KPD_KCOL7_PIN_M_DBG_OUT" redefined [enabled by default]
out/kernel/dct/cust_gpio_usage.h:36:0: note: this is the location of the previous definition
platform/mediatek/mt6572/lk/disp_assert_layer.c:513:1: warning: data definition has no type or storage class [enabled by default]
platform/mediatek/mt6572/lk/disp_assert_layer.c:513:1: warning: type defaults to 'int' in declaration of 'EXPORT_SYMBOL' [enabled by default]
platform/mediatek/mt6572/lk/disp_assert_layer.c:513:1: warning: parameter names (without types) in function declaration [enabled by default]
platform/mediatek/mt6572/lk/disp_assert_layer.c:514:1: warning: data definition has no type or storage class [enabled by default]
platform/mediatek/mt6572/lk/disp_assert_layer.c:514:1: warning: type defaults to 'int' in declaration of 'EXPORT_SYMBOL' [enabled by default]
platform/mediatek/mt6572/lk/disp_assert_layer.c:514:1: warning: parameter names (without types) in function declaration [enabled by default]
platform/mediatek/mt6572/lk/disp_assert_layer.c:515:1: warning: data definition has no type or storage class [enabled by default]
platform/mediatek/mt6572/lk/disp_assert_layer.c:515:1: warning: type defaults to 'int' in declaration of 'EXPORT_SYMBOL' [enabled by default]
platform/mediatek/mt6572/lk/disp_assert_layer.c:515:1: warning: parameter names (without types) in function declaration [enabled by default]
compiling platform/mediatek/mt6572/lk/disp_drv_dpi.c
In file included from platform/mediatek/mt6572/lk/include/platform/mt_gpio.h:6:0,
                 from platform/mediatek/mt6572/lk/include/platform/disp_drv_platform.h:40,
                 from platform/mediatek/mt6572/lk/disp_drv_dpi.c:37:
out/kernel/dct/cust_gpio_usage.h:37:0: warning: "GPIO_KPD_KCOL7_PIN_M_DBG_OUT" redefined [enabled by default]
out/kernel/dct/cust_gpio_usage.h:36:0: note: this is the location of the previous definition
compiling platform/mediatek/mt6572/lk/disp_drv_dsi.c
In file included from platform/mediatek/mt6572/lk/include/platform/mt_gpio.h:6:0,
                 from platform/mediatek/mt6572/lk/include/platform/disp_drv_platform.h:40,
                 from platform/mediatek/mt6572/lk/disp_drv_dsi.c:4:
out/kernel/dct/cust_gpio_usage.h:37:0: warning: "GPIO_KPD_KCOL7_PIN_M_DBG_OUT" redefined [enabled by default]
out/kernel/dct/cust_gpio_usage.h:36:0: note: this is the location of the previous definition
compiling platform/mediatek/mt6572/lk/lcd_drv.c
In file included from platform/mediatek/mt6572/lk/include/platform/mt_gpio.h:6:0,
                 from platform/mediatek/mt6572/lk/include/platform/disp_drv_platform.h:40,
                 from platform/mediatek/mt6572/lk/lcd_drv.c:75:
out/kernel/dct/cust_gpio_usage.h:37:0: warning: "GPIO_KPD_KCOL7_PIN_M_DBG_OUT" redefined [enabled by default]
out/kernel/dct/cust_gpio_usage.h:36:0: note: this is the location of the previous definition
compiling platform/mediatek/mt6572/lk/dpi_drv.c
In file included from platform/mediatek/mt6572/lk/include/platform/mt_gpio.h:6:0,
                 from platform/mediatek/mt6572/lk/include/platform/disp_drv_platform.h:40,
                 from platform/mediatek/mt6572/lk/dpi_drv.c:77:
out/kernel/dct/cust_gpio_usage.h:37:0: warning: "GPIO_KPD_KCOL7_PIN_M_DBG_OUT" redefined [enabled by default]
out/kernel/dct/cust_gpio_usage.h:36:0: note: this is the location of the previous definition
compiling platform/mediatek/mt6572/lk/dsi_drv.c
In file included from platform/mediatek/mt6572/lk/include/platform/mt_gpio.h:6:0,
                 from platform/mediatek/mt6572/lk/include/platform/disp_drv_platform.h:40,
                 from platform/mediatek/mt6572/lk/dsi_drv.c:77:
out/kernel/dct/cust_gpio_usage.h:37:0: warning: "GPIO_KPD_KCOL7_PIN_M_DBG_OUT" redefined [enabled by default]
out/kernel/dct/cust_gpio_usage.h:36:0: note: this is the location of the previous definition
compiling platform/mediatek/mt6572/lk/partition_mt.c
compiling platform/mediatek/mt6572/lk/mt_get_dl_info.c
compiling platform/mediatek/mt6572/lk/mtk_wdt.c
compiling platform/mediatek/mt6572/lk/mt_leds.c
In file included from platform/mediatek/mt6572/lk/include/platform/mt_gpio.h:6:0,
                 from platform/mediatek/mt6572/lk/mt_leds.c:19:
out/kernel/dct/cust_gpio_usage.h:37:0: warning: "GPIO_KPD_KCOL7_PIN_M_DBG_OUT" redefined [enabled by default]
out/kernel/dct/cust_gpio_usage.h:36:0: note: this is the location of the previous definition
compiling platform/mediatek/mt6572/lk/recovery.c
compiling platform/mediatek/mt6572/lk/meta.c
compiling platform/mediatek/mt6572/lk/mt_logo.c
In file included from platform/mediatek/mt6572/lk/include/platform/mt_gpio.h:6:0,
                 from platform/mediatek/mt6572/lk/include/platform/disp_drv_platform.h:40,
                 from platform/mediatek/mt6572/lk/mt_logo.c:35:
out/kernel/dct/cust_gpio_usage.h:37:0: warning: "GPIO_KPD_KCOL7_PIN_M_DBG_OUT" redefined [enabled by default]
out/kernel/dct/cust_gpio_usage.h:36:0: note: this is the location of the previous definition
compiling platform/mediatek/mt6572/lk/mt_gpio.c
In file included from platform/mediatek/mt6572/lk/include/platform/mt_gpio.h:6:0,
                 from platform/mediatek/mt6572/lk/mt_gpio.c:14:
out/kernel/dct/cust_gpio_usage.h:37:0: warning: "GPIO_KPD_KCOL7_PIN_M_DBG_OUT" redefined [enabled by default]
out/kernel/dct/cust_gpio_usage.h:36:0: note: this is the location of the previous definition
compiling platform/mediatek/mt6572/lk/mt_gpio_init.c
In file included from platform/mediatek/mt6572/lk/include/platform/mt_gpio.h:6:0,
                 from platform/mediatek/mt6572/lk/mt_gpio_init.c:11:
out/kernel/dct/cust_gpio_usage.h:37:0: warning: "GPIO_KPD_KCOL7_PIN_M_DBG_OUT" redefined [enabled by default]
out/kernel/dct/cust_gpio_usage.h:36:0: note: this is the location of the previous definition
compiling platform/mediatek/mt6572/lk/boot_mode_menu.c
compiling platform/mediatek/mt6572/lk/mt_pmic_wrap_init.c
compiling platform/mediatek/mt6572/lk/ddp_rdma.c
compiling platform/mediatek/mt6572/lk/ddp_wdma.c
compiling platform/mediatek/mt6572/lk/ddp_ovl.c
compiling platform/mediatek/mt6572/lk/ddp_bls.c
compiling platform/mediatek/mt6572/lk/ddp_path.c
In file included from platform/mediatek/mt6572/lk/include/platform/mt_gpio.h:6:0,
                 from platform/mediatek/mt6572/lk/include/platform/disp_drv_platform.h:40,
                 from platform/mediatek/mt6572/lk/ddp_path.c:3:
out/kernel/dct/cust_gpio_usage.h:37:0: warning: "GPIO_KPD_KCOL7_PIN_M_DBG_OUT" redefined [enabled by default]
out/kernel/dct/cust_gpio_usage.h:36:0: note: this is the location of the previous definition
compiling platform/mediatek/mt6572/lk/env.c
platform/mediatek/mt6572/lk/env.c: In function 'env_init':
platform/mediatek/mt6572/lk/env.c:23:2: warning: implicit declaration of function 'malloc' [-Wimplicit-function-declaration]
platform/mediatek/mt6572/lk/env.c:24:2: warning: implicit declaration of function 'memset' [-Wimplicit-function-declaration]
platform/mediatek/mt6572/lk/env.c:30:3: warning: implicit declaration of function 'printf' [-Wimplicit-function-declaration]
platform/mediatek/mt6572/lk/env.c:35:2: warning: implicit declaration of function 'memcpy' [-Wimplicit-function-declaration]
platform/mediatek/mt6572/lk/env.c:38:2: warning: implicit declaration of function 'strcmp' [-Wimplicit-function-declaration]
platform/mediatek/mt6572/lk/env.c:40:12: warning: comparison between signed and unsigned integer expressions [-Wsign-compare]
platform/mediatek/mt6572/lk/env.c:21:8: warning: unused variable 'env_buf' [-Wunused-variable]
platform/mediatek/mt6572/lk/env.c: In function 'set_env':
platform/mediatek/mt6572/lk/env.c:115:20: warning: pointer targets in initialization differ in signedness [-Wpointer-sign]
platform/mediatek/mt6572/lk/env.c:161:2: warning: implicit declaration of function 'strlen' [-Wimplicit-function-declaration]
platform/mediatek/mt6572/lk/env.c:110:8: warning: unused variable 'i' [-Wunused-variable]
platform/mediatek/mt6572/lk/env.c: In function 'print_env':
platform/mediatek/mt6572/lk/env.c:195:15: warning: pointer targets in initialization differ in signedness [-Wpointer-sign]
platform/mediatek/mt6572/lk/env.c:203:12: warning: comparison between signed and unsigned integer expressions [-Wsign-compare]
platform/mediatek/mt6572/lk/env.c: In function 'write_env_area':
platform/mediatek/mt6572/lk/env.c:245:11: warning: comparison between signed and unsigned integer expressions [-Wsign-compare]
compiling platform/mediatek/mt6572/lk/mt_battery.c
compiling platform/mediatek/mt6572/lk/mt_kernel_power_off_charging.c
In file included from include/debug.h:26:0,
                 from include/printf.h:28,
                 from platform/mediatek/mt6572/lk/mt_battery.c:18:
include/assert.h:29:0: warning: "ASSERT" redefined [enabled by default]
In file included from platform/mediatek/mt6572/lk/mt_battery.c:13:0:
platform/mediatek/mt6572/lk/include/platform/mt_disp_drv.h:59:0: note: this is the location of the previous definition
compiling arch/arm/arch.c
compiling arch/arm/asm.S
compiling arch/arm/cache.c
compiling arch/arm/cache-ops.S
compiling arch/arm/ops.S
compiling arch/arm/exceptions.S
compiling arch/arm/faults.c
compiling arch/arm/mmu.c
compiling arch/arm/thread.c
compiling arch/arm/dcc.S
compiling platform/debug.c
compiling platform/init.c
compiling target/init.c
compiling target/target_display.c
compiling kernel/debug.c
compiling kernel/dpc.c
compiling kernel/event.c
compiling kernel/main.c
compiling kernel/mutex.c
compiling kernel/thread.c
compiling kernel/timer.c
compiling dev/dev.c
compiling app/app.c
compiling app/mt_boot/mt_boot.c
compiling app/mt_boot/fastboot.c
compiling app/mt_boot/sys_commands.c
compiling app/mt_boot/download_commands.c
In file included from platform/mediatek/mt6572/lk/include/platform/mt_gpio.h:6:0,
                 from platform/mediatek/mt6572/lk/include/platform/disp_drv_platform.h:40,
                 from app/mt_boot/sys_commands.c:19:
out/kernel/dct/cust_gpio_usage.h:37:0: warning: "GPIO_KPD_KCOL7_PIN_M_DBG_OUT" redefined [enabled by default]
out/kernel/dct/cust_gpio_usage.h:36:0: note: this is the location of the previous definition
app/mt_boot/sys_commands.c: In function 'cmd_boot':
app/mt_boot/sys_commands.c:212:8: warning: unused variable 'strlen' [-Wunused-variable]
compiling app/mt_boot/sparse_state_machine.c
compiling app/mt_boot/sec_wrapper.c
compiling app/mt_boot/aee/aee.c
compiling app/mt_boot/aee/kdump_elf.c
compiling app/mt_boot/aee/kdump_card_dump.c
compiling app/mt_boot/aee/kdump_sd.c
compiling app/mt_boot/aee/kdump_null.c
compiling app/mt_boot/aee/kdump_zip.c
compiling app/mt_boot/aee/deflate.c
compiling app/mt_boot/aee/deftree.c
compiling app/mt_boot/aee/mrdump_sddev.c
compiling app/mt_boot/aee/reboot_record.c
compiling app/shell/shell.c
compiling dev/keys/keys.c
compiling dev/video/cfb_console.c
compiling lib/debug/debug.c
compiling lib/heap/heap.c
compiling lib/libc/atoi.c
compiling lib/libc/ctype.c
compiling lib/libc/printf.c
compiling lib/libc/malloc.c
compiling lib/libc/rand.c
compiling lib/libc/eabi.c
compiling lib/libc/string/arch/arm/memcpy.S
compiling lib/libc/string/arch/arm/memset.S
compiling lib/libc/string/memchr.c
compiling lib/libc/string/memcmp.c
compiling lib/libc/string/strcat.c
compiling lib/libc/string/strchr.c
compiling lib/libc/string/strcmp.c
compiling lib/libc/string/strcoll.c
compiling lib/libc/string/strcpy.c
compiling lib/libc/string/strdup.c
compiling lib/libc/string/strerror.c
compiling lib/libc/string/strlcat.c
compiling lib/libc/string/strlcpy.c
compiling lib/libc/string/strlen.c
compiling lib/libc/string/strncat.c
compiling lib/libc/string/strncpy.c
compiling lib/libc/string/strncmp.c
compiling lib/libc/string/strnicmp.c
compiling lib/libc/string/strnlen.c
compiling lib/libc/string/strpbrk.c
compiling lib/libc/string/strrchr.c
compiling lib/libc/string/strspn.c
compiling lib/libc/string/strstr.c
compiling lib/libc/string/strtok.c
compiling lib/libc/string/strxfrm.c
compiling lib/libshowlogo/decompress_common.c
compiling lib/libshowlogo/show_logo_common.c
compiling lib/libshowlogo/show_animation_common.c
lib/libshowlogo/show_logo_common.c: In function 'fill_rect_with_content_by_32bit':
lib/libshowlogo/show_logo_common.c:138:32: warning: assignment from incompatible pointer type [enabled by default]
lib/libshowlogo/show_logo_common.c:142:32: warning: assignment from incompatible pointer type [enabled by default]
lib/libshowlogo/show_logo_common.c:147:32: warning: assignment from incompatible pointer type [enabled by default]
compiling lib/ptable/ptable.c
compiling lib/zlib/zlib.c
compiling lib/zlib/crc32.c
compiling out/lk/lcm/ili9806e_dsi_cmd_txd.c
compiling out/lk/lcm/mt65xx_lcm_list.c
In file included from platform/mediatek/mt6572/lk/include/platform/mt_gpio.h:6:0,
                 from out/lk/lcm/ili9806e_dsi_cmd_txd.c:37:
out/kernel/dct/cust_gpio_usage.h:37:0: warning: "GPIO_KPD_KCOL7_PIN_M_DBG_OUT" redefined [enabled by default]
out/kernel/dct/cust_gpio_usage.h:36:0: note: this is the location of the previous definition
In file included from platform/mediatek/mt6572/lk/include/platform/mt_gpio.h:6:0,
                 from platform/mediatek/mt6572/lk/include/platform/disp_drv_platform.h:40,
                 from out/lk/lcm/mt65xx_lcm_list.c:3:
out/kernel/dct/cust_gpio_usage.h:37:0: warning: "GPIO_KPD_KCOL7_PIN_M_DBG_OUT" redefined [enabled by default]
out/kernel/dct/cust_gpio_usage.h:36:0: note: this is the location of the previous definition
out/lk/lcm/ili9806e_dsi_cmd_txd.c: In function 'lcm_set_util_funcs':
out/lk/lcm/ili9806e_dsi_cmd_txd.c:369:5: warning: implicit declaration of function 'memcpy' [-Wimplicit-function-declaration]
out/lk/lcm/ili9806e_dsi_cmd_txd.c: In function 'lcm_get_params':
out/lk/lcm/ili9806e_dsi_cmd_txd.c:375:3: warning: implicit declaration of function 'memset' [-Wimplicit-function-declaration]
out/lk/lcm/ili9806e_dsi_cmd_txd.c: In function 'lcm_init':
out/lk/lcm/ili9806e_dsi_cmd_txd.c:451:15: warning: unused variable 'data_array' [-Wunused-variable]
out/lk/lcm/ili9806e_dsi_cmd_txd.c: In function 'lcm_esd_check':
out/lk/lcm/ili9806e_dsi_cmd_txd.c:527:22: warning: unused variable 'buffer_vcom' [-Wunused-variable]
out/lk/lcm/ili9806e_dsi_cmd_txd.c: In function 'lcm_compare_id':
out/lk/lcm/ili9806e_dsi_cmd_txd.c:578:20: warning: unused variable 'id1' [-Wunused-variable]
out/lk/lcm/ili9806e_dsi_cmd_txd.c:577:20: warning: unused variable 'id' [-Wunused-variable]
out/lk/lcm/ili9806e_dsi_cmd_txd.c: At top level:
out/lk/lcm/ili9806e_dsi_cmd_txd.c:99:21: warning: 'lcm_esd_test' defined but not used [-Wunused-variable]
out/lk/lcm/ili9806e_dsi_cmd_txd.c:310:33: warning: 'lcm_sleep_out_setting' defined but not used [-Wunused-variable]
compiling out/lk/lcm/otm8019a_dsi_vdo_djn.c
compiling out/lk/partition.c
In file included from platform/mediatek/mt6572/lk/include/platform/mt_gpio.h:6:0,
                 from out/lk/lcm/otm8019a_dsi_vdo_djn.c:7:
out/kernel/dct/cust_gpio_usage.h:37:0: warning: "GPIO_KPD_KCOL7_PIN_M_DBG_OUT" redefined [enabled by default]
out/kernel/dct/cust_gpio_usage.h:36:0: note: this is the location of the previous definition
out/lk/lcm/otm8019a_dsi_vdo_djn.c:62:1: warning: useless storage class specifier in empty declaration [enabled by default]
out/lk/lcm/otm8019a_dsi_vdo_djn.c: In function 'lcm_set_util_funcs':
out/lk/lcm/otm8019a_dsi_vdo_djn.c:96:5: warning: implicit declaration of function 'memcpy' [-Wimplicit-function-declaration]
out/lk/lcm/otm8019a_dsi_vdo_djn.c: In function 'lcm_get_params':
out/lk/lcm/otm8019a_dsi_vdo_djn.c:102:3: warning: implicit declaration of function 'memset' [-Wimplicit-function-declaration]
out/lk/lcm/otm8019a_dsi_vdo_djn.c: In function 'lcm_suspend':
out/lk/lcm/otm8019a_dsi_vdo_djn.c:407:5: warning: passing argument 1 of 'lcm_util.dsi_set_cmdq' from incompatible pointer type [enabled by default]
out/lk/lcm/otm8019a_dsi_vdo_djn.c:407:5: note: expected 'unsigned int *' but argument is of type 'unsigned int (*)[16]'
out/lk/lcm/otm8019a_dsi_vdo_djn.c:411:5: warning: passing argument 1 of 'lcm_util.dsi_set_cmdq' from incompatible pointer type [enabled by default]
out/lk/lcm/otm8019a_dsi_vdo_djn.c:411:5: note: expected 'unsigned int *' but argument is of type 'unsigned int (*)[16]'
out/lk/lcm/otm8019a_dsi_vdo_djn.c: In function 'lcm_resume':
out/lk/lcm/otm8019a_dsi_vdo_djn.c:426:5: warning: passing argument 1 of 'lcm_util.dsi_set_cmdq' from incompatible pointer type [enabled by default]
out/lk/lcm/otm8019a_dsi_vdo_djn.c:426:5: note: expected 'unsigned int *' but argument is of type 'unsigned int (*)[16]'
out/lk/lcm/otm8019a_dsi_vdo_djn.c:430:5: warning: passing argument 1 of 'lcm_util.dsi_set_cmdq' from incompatible pointer type [enabled by default]
out/lk/lcm/otm8019a_dsi_vdo_djn.c:430:5: note: expected 'unsigned int *' but argument is of type 'unsigned int (*)[16]'
out/lk/partition.c:38:2: warning: pointer targets in initialization differ in signedness [-Wpointer-sign]
out/lk/partition.c:38:2: warning: (near initialization for 'partition_layout[0].name') [-Wpointer-sign]
out/lk/partition.c:39:2: warning: pointer targets in initialization differ in signedness [-Wpointer-sign]
out/lk/partition.c:39:2: warning: (near initialization for 'partition_layout[1].name') [-Wpointer-sign]
out/lk/partition.c:40:2: warning: pointer targets in initialization differ in signedness [-Wpointer-sign]
out/lk/partition.c:40:2: warning: (near initialization for 'partition_layout[2].name') [-Wpointer-sign]
out/lk/partition.c:41:2: warning: pointer targets in initialization differ in signedness [-Wpointer-sign]
out/lk/partition.c:41:2: warning: (near initialization for 'partition_layout[3].name') [-Wpointer-sign]
out/lk/partition.c:42:2: warning: pointer targets in initialization differ in signedness [-Wpointer-sign]
out/lk/partition.c:42:2: warning: (near initialization for 'partition_layout[4].name') [-Wpointer-sign]
out/lk/partition.c:43:2: warning: pointer targets in initialization differ in signedness [-Wpointer-sign]
out/lk/partition.c:43:2: warning: (near initialization for 'partition_layout[5].name') [-Wpointer-sign]
out/lk/partition.c:44:2: warning: pointer targets in initialization differ in signedness [-Wpointer-sign]
out/lk/partition.c:44:2: warning: (near initialization for 'partition_layout[6].name') [-Wpointer-sign]
out/lk/partition.c:45:2: warning: pointer targets in initialization differ in signedness [-Wpointer-sign]
out/lk/partition.c:45:2: warning: (near initialization for 'partition_layout[7].name') [-Wpointer-sign]
out/lk/partition.c:46:2: warning: pointer targets in initialization differ in signedness [-Wpointer-sign]
out/lk/partition.c:46:2: warning: (near initialization for 'partition_layout[8].name') [-Wpointer-sign]
out/lk/partition.c:47:2: warning: pointer targets in initialization differ in signedness [-Wpointer-sign]
out/lk/partition.c:47:2: warning: (near initialization for 'partition_layout[9].name') [-Wpointer-sign]
out/lk/partition.c:48:2: warning: pointer targets in initialization differ in signedness [-Wpointer-sign]
out/lk/partition.c:48:2: warning: (near initialization for 'partition_layout[10].name') [-Wpointer-sign]
out/lk/partition.c:49:2: warning: pointer targets in initialization differ in signedness [-Wpointer-sign]
out/lk/partition.c:49:2: warning: (near initialization for 'partition_layout[11].name') [-Wpointer-sign]
out/lk/partition.c:50:2: warning: pointer targets in initialization differ in signedness [-Wpointer-sign]
out/lk/partition.c:50:2: warning: (near initialization for 'partition_layout[12].name') [-Wpointer-sign]
out/lk/partition.c:51:2: warning: pointer targets in initialization differ in signedness [-Wpointer-sign]
out/lk/partition.c:51:2: warning: (near initialization for 'partition_layout[13].name') [-Wpointer-sign]
out/lk/partition.c:52:2: warning: pointer targets in initialization differ in signedness [-Wpointer-sign]
out/lk/partition.c:52:2: warning: (near initialization for 'partition_layout[14].name') [-Wpointer-sign]
out/lk/partition.c:53:2: warning: pointer targets in initialization differ in signedness [-Wpointer-sign]
out/lk/partition.c:53:2: warning: (near initialization for 'partition_layout[15].name') [-Wpointer-sign]
out/lk/partition.c:54:2: warning: pointer targets in initialization differ in signedness [-Wpointer-sign]
out/lk/partition.c:54:2: warning: (near initialization for 'partition_layout[16].name') [-Wpointer-sign]
out/lk/partition.c:55:2: warning: pointer targets in initialization differ in signedness [-Wpointer-sign]
out/lk/partition.c:55:2: warning: (near initialization for 'partition_layout[17].name') [-Wpointer-sign]
compiling out/lk/init.c
compiling out/lk/cust_msdc.c
compiling out/lk/cust_display.c
compiling out/lk/cust_leds.c
compiling out/lk/power_off.c
compiling out/lk/fastboot_oem_commands.c
compiling lib/console/console.c
linking ../../../out/target/product/ckt72_w_kk/obj/BOOTLOADER_OBJ/build-ckt72_w_kk/lk
generating image: ../../../out/target/product/ckt72_w_kk/obj/BOOTLOADER_OBJ/build-ckt72_w_kk/lk.bin
generating listing: ../../../out/target/product/ckt72_w_kk/obj/BOOTLOADER_OBJ/build-ckt72_w_kk/lk.lst
   text	   data	    bss	    dec	    hex	filename
 184052	 101412	 108276	 393740	  6020c	../../../out/target/product/ckt72_w_kk/obj/BOOTLOADER_OBJ/build-ckt72_w_kk/lk
arm-linux-androideabi-objcopy -O binary ../../../out/target/product/ckt72_w_kk/obj/BOOTLOADER_OBJ/build-ckt72_w_kk/lk ../../../out/target/product/ckt72_w_kk/obj/BOOTLOADER_OBJ/build-ckt72_w_kk/lk.bin
generating listing: ../../../out/target/product/ckt72_w_kk/obj/BOOTLOADER_OBJ/build-ckt72_w_kk/lk.debug.lst
generating symbols: ../../../out/target/product/ckt72_w_kk/obj/BOOTLOADER_OBJ/build-ckt72_w_kk/lk.sym
../../../mediatek/build/tools/mkimage ../../../out/target/product/ckt72_w_kk/obj/BOOTLOADER_OBJ/build-ckt72_w_kk/lk.bin LK > ../../../out/target/product/ckt72_w_kk/obj/BOOTLOADER_OBJ/build-ckt72_w_kk/lk_header.bin
generating size map: ../../../out/target/product/ckt72_w_kk/obj/BOOTLOADER_OBJ/build-ckt72_w_kk/lk.size
../../../out/target/product/ckt72_w_kk/obj/BOOTLOADER_OBJ/build-ckt72_w_kk/mkheader ../../../out/target/product/ckt72_w_kk/obj/BOOTLOADER_OBJ/build-ckt72_w_kk/lk.bin ../../../out/target/product/ckt72_w_kk/obj/BOOTLOADER_OBJ/../../appsboothd.mbn
Image Destination Pointer: 0x80020000
Done execution
cp ../../../out/target/product/ckt72_w_kk/obj/BOOTLOADER_OBJ/build-ckt72_w_kk/lk.bin ../../../out/target/product/ckt72_w_kk/obj/BOOTLOADER_OBJ/../../appsboot.raw
cat ../../../out/target/product/ckt72_w_kk/obj/BOOTLOADER_OBJ/../../appsboothd.mbn ../../../out/target/product/ckt72_w_kk/obj/BOOTLOADER_OBJ/build-ckt72_w_kk/lk.bin > ../../../out/target/product/ckt72_w_kk/obj/BOOTLOADER_OBJ/../../appsboot.mbn
rm -f ../../../out/target/product/ckt72_w_kk/obj/BOOTLOADER_OBJ/../../appsboothd.mbn
Compiling_BMP_TO_RAW out/lk/logo/cu_wvga_uboot.bmp
out/lk/logo/../logo_tool/bmp_to_raw ../../../out/target/product/ckt72_w_kk/obj/BOOTLOADER_OBJ/build-ckt72_w_kk/out/lk/logo/cu_wvga_uboot.raw out/lk/logo/cu_wvga_uboot.bmp
Compiling_BMP_TO_RAW out/lk/logo/cu_wvga_battery.bmp
out/lk/logo/../logo_tool/bmp_to_raw ../../../out/target/product/ckt72_w_kk/obj/BOOTLOADER_OBJ/build-ckt72_w_kk/out/lk/logo/cu_wvga_battery.raw out/lk/logo/cu_wvga_battery.bmp
Compiling_BMP_TO_RAW out/lk/logo/cu_wvga_low_battery.bmp
out/lk/logo/../logo_tool/bmp_to_raw ../../../out/target/product/ckt72_w_kk/obj/BOOTLOADER_OBJ/build-ckt72_w_kk/out/lk/logo/cu_wvga_low_battery.raw out/lk/logo/cu_wvga_low_battery.bmp
Compiling_BMP_TO_RAW out/lk/logo/cu_wvga_charger_ov.bmp
out/lk/logo/../logo_tool/bmp_to_raw ../../../out/target/product/ckt72_w_kk/obj/BOOTLOADER_OBJ/build-ckt72_w_kk/out/lk/logo/cu_wvga_charger_ov.raw out/lk/logo/cu_wvga_charger_ov.bmp
Compiling_BMP_TO_RAW out/lk/logo/cu_wvga_num_0.bmp
out/lk/logo/../logo_tool/bmp_to_raw ../../../out/target/product/ckt72_w_kk/obj/BOOTLOADER_OBJ/build-ckt72_w_kk/out/lk/logo/cu_wvga_num_0.raw out/lk/logo/cu_wvga_num_0.bmp
Compiling_BMP_TO_RAW out/lk/logo/cu_wvga_num_1.bmp
out/lk/logo/../logo_tool/bmp_to_raw ../../../out/target/product/ckt72_w_kk/obj/BOOTLOADER_OBJ/build-ckt72_w_kk/out/lk/logo/cu_wvga_num_1.raw out/lk/logo/cu_wvga_num_1.bmp
Compiling_BMP_TO_RAW out/lk/logo/cu_wvga_num_2.bmp
out/lk/logo/../logo_tool/bmp_to_raw ../../../out/target/product/ckt72_w_kk/obj/BOOTLOADER_OBJ/build-ckt72_w_kk/out/lk/logo/cu_wvga_num_2.raw out/lk/logo/cu_wvga_num_2.bmp
Compiling_BMP_TO_RAW out/lk/logo/cu_wvga_num_3.bmp
out/lk/logo/../logo_tool/bmp_to_raw ../../../out/target/product/ckt72_w_kk/obj/BOOTLOADER_OBJ/build-ckt72_w_kk/out/lk/logo/cu_wvga_num_3.raw out/lk/logo/cu_wvga_num_3.bmp
Compiling_BMP_TO_RAW out/lk/logo/cu_wvga_num_4.bmp
out/lk/logo/../logo_tool/bmp_to_raw ../../../out/target/product/ckt72_w_kk/obj/BOOTLOADER_OBJ/build-ckt72_w_kk/out/lk/logo/cu_wvga_num_4.raw out/lk/logo/cu_wvga_num_4.bmp
Compiling_BMP_TO_RAW out/lk/logo/cu_wvga_num_5.bmp
out/lk/logo/../logo_tool/bmp_to_raw ../../../out/target/product/ckt72_w_kk/obj/BOOTLOADER_OBJ/build-ckt72_w_kk/out/lk/logo/cu_wvga_num_5.raw out/lk/logo/cu_wvga_num_5.bmp
Compiling_BMP_TO_RAW out/lk/logo/cu_wvga_num_6.bmp
out/lk/logo/../logo_tool/bmp_to_raw ../../../out/target/product/ckt72_w_kk/obj/BOOTLOADER_OBJ/build-ckt72_w_kk/out/lk/logo/cu_wvga_num_6.raw out/lk/logo/cu_wvga_num_6.bmp
Compiling_BMP_TO_RAW out/lk/logo/cu_wvga_num_7.bmp
out/lk/logo/../logo_tool/bmp_to_raw ../../../out/target/product/ckt72_w_kk/obj/BOOTLOADER_OBJ/build-ckt72_w_kk/out/lk/logo/cu_wvga_num_7.raw out/lk/logo/cu_wvga_num_7.bmp
Compiling_BMP_TO_RAW out/lk/logo/cu_wvga_num_8.bmp
out/lk/logo/../logo_tool/bmp_to_raw ../../../out/target/product/ckt72_w_kk/obj/BOOTLOADER_OBJ/build-ckt72_w_kk/out/lk/logo/cu_wvga_num_8.raw out/lk/logo/cu_wvga_num_8.bmp
Compiling_BMP_TO_RAW out/lk/logo/cu_wvga_num_9.bmp
out/lk/logo/../logo_tool/bmp_to_raw ../../../out/target/product/ckt72_w_kk/obj/BOOTLOADER_OBJ/build-ckt72_w_kk/out/lk/logo/cu_wvga_num_9.raw out/lk/logo/cu_wvga_num_9.bmp
Compiling_BMP_TO_RAW out/lk/logo/cu_wvga_num_percent.bmp
out/lk/logo/../logo_tool/bmp_to_raw ../../../out/target/product/ckt72_w_kk/obj/BOOTLOADER_OBJ/build-ckt72_w_kk/out/lk/logo/cu_wvga_num_percent.raw out/lk/logo/cu_wvga_num_percent.bmp
Compiling_BMP_TO_RAW out/lk/logo/cu_wvga_bat_animation_01.bmp
out/lk/logo/../logo_tool/bmp_to_raw ../../../out/target/product/ckt72_w_kk/obj/BOOTLOADER_OBJ/build-ckt72_w_kk/out/lk/logo/cu_wvga_bat_animation_01.raw out/lk/logo/cu_wvga_bat_animation_01.bmp
Compiling_BMP_TO_RAW out/lk/logo/cu_wvga_bat_animation_02.bmp
out/lk/logo/../logo_tool/bmp_to_raw ../../../out/target/product/ckt72_w_kk/obj/BOOTLOADER_OBJ/build-ckt72_w_kk/out/lk/logo/cu_wvga_bat_animation_02.raw out/lk/logo/cu_wvga_bat_animation_02.bmp
Compiling_BMP_TO_RAW out/lk/logo/cu_wvga_bat_animation_03.bmp
out/lk/logo/../logo_tool/bmp_to_raw ../../../out/target/product/ckt72_w_kk/obj/BOOTLOADER_OBJ/build-ckt72_w_kk/out/lk/logo/cu_wvga_bat_animation_03.raw out/lk/logo/cu_wvga_bat_animation_03.bmp
Compiling_BMP_TO_RAW out/lk/logo/cu_wvga_bat_animation_04.bmp
out/lk/logo/../logo_tool/bmp_to_raw ../../../out/target/product/ckt72_w_kk/obj/BOOTLOADER_OBJ/build-ckt72_w_kk/out/lk/logo/cu_wvga_bat_animation_04.raw out/lk/logo/cu_wvga_bat_animation_04.bmp
Compiling_BMP_TO_RAW out/lk/logo/cu_wvga_bat_animation_05.bmp
out/lk/logo/../logo_tool/bmp_to_raw ../../../out/target/product/ckt72_w_kk/obj/BOOTLOADER_OBJ/build-ckt72_w_kk/out/lk/logo/cu_wvga_bat_animation_05.raw out/lk/logo/cu_wvga_bat_animation_05.bmp
Compiling_BMP_TO_RAW out/lk/logo/cu_wvga_bat_animation_06.bmp
out/lk/logo/../logo_tool/bmp_to_raw ../../../out/target/product/ckt72_w_kk/obj/BOOTLOADER_OBJ/build-ckt72_w_kk/out/lk/logo/cu_wvga_bat_animation_06.raw out/lk/logo/cu_wvga_bat_animation_06.bmp
Compiling_BMP_TO_RAW out/lk/logo/cu_wvga_bat_animation_07.bmp
out/lk/logo/../logo_tool/bmp_to_raw ../../../out/target/product/ckt72_w_kk/obj/BOOTLOADER_OBJ/build-ckt72_w_kk/out/lk/logo/cu_wvga_bat_animation_07.raw out/lk/logo/cu_wvga_bat_animation_07.bmp
Compiling_BMP_TO_RAW out/lk/logo/cu_wvga_bat_animation_08.bmp
out/lk/logo/../logo_tool/bmp_to_raw ../../../out/target/product/ckt72_w_kk/obj/BOOTLOADER_OBJ/build-ckt72_w_kk/out/lk/logo/cu_wvga_bat_animation_08.raw out/lk/logo/cu_wvga_bat_animation_08.bmp
Compiling_BMP_TO_RAW out/lk/logo/cu_wvga_bat_animation_09.bmp
out/lk/logo/../logo_tool/bmp_to_raw ../../../out/target/product/ckt72_w_kk/obj/BOOTLOADER_OBJ/build-ckt72_w_kk/out/lk/logo/cu_wvga_bat_animation_09.raw out/lk/logo/cu_wvga_bat_animation_09.bmp
Compiling_BMP_TO_RAW out/lk/logo/cu_wvga_bat_animation_10.bmp
out/lk/logo/../logo_tool/bmp_to_raw ../../../out/target/product/ckt72_w_kk/obj/BOOTLOADER_OBJ/build-ckt72_w_kk/out/lk/logo/cu_wvga_bat_animation_10.raw out/lk/logo/cu_wvga_bat_animation_10.bmp
Compiling_BMP_TO_RAW out/lk/logo/cu_wvga_bat_10_01.bmp
out/lk/logo/../logo_tool/bmp_to_raw ../../../out/target/product/ckt72_w_kk/obj/BOOTLOADER_OBJ/build-ckt72_w_kk/out/lk/logo/cu_wvga_bat_10_01.raw out/lk/logo/cu_wvga_bat_10_01.bmp
Compiling_BMP_TO_RAW out/lk/logo/cu_wvga_bat_10_02.bmp
out/lk/logo/../logo_tool/bmp_to_raw ../../../out/target/product/ckt72_w_kk/obj/BOOTLOADER_OBJ/build-ckt72_w_kk/out/lk/logo/cu_wvga_bat_10_02.raw out/lk/logo/cu_wvga_bat_10_02.bmp
Compiling_BMP_TO_RAW out/lk/logo/cu_wvga_bat_10_03.bmp
out/lk/logo/../logo_tool/bmp_to_raw ../../../out/target/product/ckt72_w_kk/obj/BOOTLOADER_OBJ/build-ckt72_w_kk/out/lk/logo/cu_wvga_bat_10_03.raw out/lk/logo/cu_wvga_bat_10_03.bmp
Compiling_BMP_TO_RAW out/lk/logo/cu_wvga_bat_10_04.bmp
out/lk/logo/../logo_tool/bmp_to_raw ../../../out/target/product/ckt72_w_kk/obj/BOOTLOADER_OBJ/build-ckt72_w_kk/out/lk/logo/cu_wvga_bat_10_04.raw out/lk/logo/cu_wvga_bat_10_04.bmp
Compiling_BMP_TO_RAW out/lk/logo/cu_wvga_bat_10_05.bmp
out/lk/logo/../logo_tool/bmp_to_raw ../../../out/target/product/ckt72_w_kk/obj/BOOTLOADER_OBJ/build-ckt72_w_kk/out/lk/logo/cu_wvga_bat_10_05.raw out/lk/logo/cu_wvga_bat_10_05.bmp
Compiling_BMP_TO_RAW out/lk/logo/cu_wvga_bat_10_06.bmp
out/lk/logo/../logo_tool/bmp_to_raw ../../../out/target/product/ckt72_w_kk/obj/BOOTLOADER_OBJ/build-ckt72_w_kk/out/lk/logo/cu_wvga_bat_10_06.raw out/lk/logo/cu_wvga_bat_10_06.bmp
Compiling_BMP_TO_RAW out/lk/logo/cu_wvga_bat_10_07.bmp
out/lk/logo/../logo_tool/bmp_to_raw ../../../out/target/product/ckt72_w_kk/obj/BOOTLOADER_OBJ/build-ckt72_w_kk/out/lk/logo/cu_wvga_bat_10_07.raw out/lk/logo/cu_wvga_bat_10_07.bmp
Compiling_BMP_TO_RAW out/lk/logo/cu_wvga_bat_10_08.bmp
out/lk/logo/../logo_tool/bmp_to_raw ../../../out/target/product/ckt72_w_kk/obj/BOOTLOADER_OBJ/build-ckt72_w_kk/out/lk/logo/cu_wvga_bat_10_08.raw out/lk/logo/cu_wvga_bat_10_08.bmp
Compiling_BMP_TO_RAW out/lk/logo/cu_wvga_bat_10_09.bmp
out/lk/logo/../logo_tool/bmp_to_raw ../../../out/target/product/ckt72_w_kk/obj/BOOTLOADER_OBJ/build-ckt72_w_kk/out/lk/logo/cu_wvga_bat_10_09.raw out/lk/logo/cu_wvga_bat_10_09.bmp
Compiling_BMP_TO_RAW out/lk/logo/cu_wvga_bat_10_10.bmp
out/lk/logo/../logo_tool/bmp_to_raw ../../../out/target/product/ckt72_w_kk/obj/BOOTLOADER_OBJ/build-ckt72_w_kk/out/lk/logo/cu_wvga_bat_10_10.raw out/lk/logo/cu_wvga_bat_10_10.bmp
Compiling_BMP_TO_RAW out/lk/logo/cu_wvga_bat_bg.bmp
out/lk/logo/../logo_tool/bmp_to_raw ../../../out/target/product/ckt72_w_kk/obj/BOOTLOADER_OBJ/build-ckt72_w_kk/out/lk/logo/cu_wvga_bat_bg.raw out/lk/logo/cu_wvga_bat_bg.bmp
Compiling_BMP_TO_RAW out/lk/logo/cu_wvga_bat_img.bmp
out/lk/logo/../logo_tool/bmp_to_raw ../../../out/target/product/ckt72_w_kk/obj/BOOTLOADER_OBJ/build-ckt72_w_kk/out/lk/logo/cu_wvga_bat_img.raw out/lk/logo/cu_wvga_bat_img.bmp
Compiling_BMP_TO_RAW out/lk/logo/cu_wvga_bat_100.bmp
out/lk/logo/../logo_tool/bmp_to_raw ../../../out/target/product/ckt72_w_kk/obj/BOOTLOADER_OBJ/build-ckt72_w_kk/out/lk/logo/cu_wvga_bat_100.raw out/lk/logo/cu_wvga_bat_100.bmp
Compiling_BMP_TO_RAW out/lk/logo/cu_wvga_kernel.bmp
out/lk/logo/../logo_tool/bmp_to_raw ../../../out/target/product/ckt72_w_kk/obj/BOOTLOADER_OBJ/build-ckt72_w_kk/out/lk/logo/cu_wvga_kernel.raw out/lk/logo/cu_wvga_kernel.bmp
Compiling_BMP_TO_RAW out/lk/logo/cu_wvga_kernel_secUnlock.bmp
out/lk/logo/../logo_tool/bmp_to_raw ../../../out/target/product/ckt72_w_kk/obj/BOOTLOADER_OBJ/build-ckt72_w_kk/out/lk/logo/cu_wvga_kernel_secUnlock.raw out/lk/logo/cu_wvga_kernel_secUnlock.bmp
zpiping 
out/lk/logo/../logo_tool/zpipe -l 9 ../../../out/target/product/ckt72_w_kk/obj/BOOTLOADER_OBJ/build-ckt72_w_kk/out/lk/logo/cu_wvga.raw ../../../out/target/product/ckt72_w_kk/obj/BOOTLOADER_OBJ/build-ckt72_w_kk/out/lk/logo/cu_wvga_uboot.raw ../../../out/target/product/ckt72_w_kk/obj/BOOTLOADER_OBJ/build-ckt72_w_kk/out/lk/logo/cu_wvga_battery.raw ../../../out/target/product/ckt72_w_kk/obj/BOOTLOADER_OBJ/build-ckt72_w_kk/out/lk/logo/cu_wvga_low_battery.raw ../../../out/target/product/ckt72_w_kk/obj/BOOTLOADER_OBJ/build-ckt72_w_kk/out/lk/logo/cu_wvga_charger_ov.raw ../../../out/target/product/ckt72_w_kk/obj/BOOTLOADER_OBJ/build-ckt72_w_kk/out/lk/logo/cu_wvga_num_0.raw ../../../out/target/product/ckt72_w_kk/obj/BOOTLOADER_OBJ/build-ckt72_w_kk/out/lk/logo/cu_wvga_num_1.raw ../../../out/target/product/ckt72_w_kk/obj/BOOTLOADER_OBJ/build-ckt72_w_kk/out/lk/logo/cu_wvga_num_2.raw ../../../out/target/product/ckt72_w_kk/obj/BOOTLOADER_OBJ/build-ckt72_w_kk/out/lk/logo/cu_wvga_num_3.raw ../../../out/target/product/ckt72_w_kk/obj/BOOTLOADER_OBJ/build-ckt72_w_kk/out/lk/logo/cu_wvga_num_4.raw ../../../out/target/product/ckt72_w_kk/obj/BOOTLOADER_OBJ/build-ckt72_w_kk/out/lk/logo/cu_wvga_num_5.raw ../../../out/target/product/ckt72_w_kk/obj/BOOTLOADER_OBJ/build-ckt72_w_kk/out/lk/logo/cu_wvga_num_6.raw ../../../out/target/product/ckt72_w_kk/obj/BOOTLOADER_OBJ/build-ckt72_w_kk/out/lk/logo/cu_wvga_num_7.raw ../../../out/target/product/ckt72_w_kk/obj/BOOTLOADER_OBJ/build-ckt72_w_kk/out/lk/logo/cu_wvga_num_8.raw ../../../out/target/product/ckt72_w_kk/obj/BOOTLOADER_OBJ/build-ckt72_w_kk/out/lk/logo/cu_wvga_num_9.raw ../../../out/target/product/ckt72_w_kk/obj/BOOTLOADER_OBJ/build-ckt72_w_kk/out/lk/logo/cu_wvga_num_percent.raw ../../../out/target/product/ckt72_w_kk/obj/BOOTLOADER_OBJ/build-ckt72_w_kk/out/lk/logo/cu_wvga_bat_animation_01.raw ../../../out/target/product/ckt72_w_kk/obj/BOOTLOADER_OBJ/build-ckt72_w_kk/out/lk/logo/cu_wvga_bat_animation_02.raw ../../../out/target/product/ckt72_w_kk/obj/BOOTLOADER_OBJ/build-ckt72_w_kk/out/lk/logo/cu_wvga_bat_animation_03.raw ../../../out/target/product/ckt72_w_kk/obj/BOOTLOADER_OBJ/build-ckt72_w_kk/out/lk/logo/cu_wvga_bat_animation_04.raw ../../../out/target/product/ckt72_w_kk/obj/BOOTLOADER_OBJ/build-ckt72_w_kk/out/lk/logo/cu_wvga_bat_animation_05.raw ../../../out/target/product/ckt72_w_kk/obj/BOOTLOADER_OBJ/build-ckt72_w_kk/out/lk/logo/cu_wvga_bat_animation_06.raw ../../../out/target/product/ckt72_w_kk/obj/BOOTLOADER_OBJ/build-ckt72_w_kk/out/lk/logo/cu_wvga_bat_animation_07.raw ../../../out/target/product/ckt72_w_kk/obj/BOOTLOADER_OBJ/build-ckt72_w_kk/out/lk/logo/cu_wvga_bat_animation_08.raw ../../../out/target/product/ckt72_w_kk/obj/BOOTLOADER_OBJ/build-ckt72_w_kk/out/lk/logo/cu_wvga_bat_animation_09.raw ../../../out/target/product/ckt72_w_kk/obj/BOOTLOADER_OBJ/build-ckt72_w_kk/out/lk/logo/cu_wvga_bat_animation_10.raw ../../../out/target/product/ckt72_w_kk/obj/BOOTLOADER_OBJ/build-ckt72_w_kk/out/lk/logo/cu_wvga_bat_10_01.raw ../../../out/target/product/ckt72_w_kk/obj/BOOTLOADER_OBJ/build-ckt72_w_kk/out/lk/logo/cu_wvga_bat_10_02.raw ../../../out/target/product/ckt72_w_kk/obj/BOOTLOADER_OBJ/build-ckt72_w_kk/out/lk/logo/cu_wvga_bat_10_03.raw ../../../out/target/product/ckt72_w_kk/obj/BOOTLOADER_OBJ/build-ckt72_w_kk/out/lk/logo/cu_wvga_bat_10_04.raw ../../../out/target/product/ckt72_w_kk/obj/BOOTLOADER_OBJ/build-ckt72_w_kk/out/lk/logo/cu_wvga_bat_10_05.raw ../../../out/target/product/ckt72_w_kk/obj/BOOTLOADER_OBJ/build-ckt72_w_kk/out/lk/logo/cu_wvga_bat_10_06.raw ../../../out/target/product/ckt72_w_kk/obj/BOOTLOADER_OBJ/build-ckt72_w_kk/out/lk/logo/cu_wvga_bat_10_07.raw ../../../out/target/product/ckt72_w_kk/obj/BOOTLOADER_OBJ/build-ckt72_w_kk/out/lk/logo/cu_wvga_bat_10_08.raw ../../../out/target/product/ckt72_w_kk/obj/BOOTLOADER_OBJ/build-ckt72_w_kk/out/lk/logo/cu_wvga_bat_10_09.raw ../../../out/target/product/ckt72_w_kk/obj/BOOTLOADER_OBJ/build-ckt72_w_kk/out/lk/logo/cu_wvga_bat_10_10.raw ../../../out/target/product/ckt72_w_kk/obj/BOOTLOADER_OBJ/build-ckt72_w_kk/out/lk/logo/cu_wvga_bat_bg.raw ../../../out/target/product/ckt72_w_kk/obj/BOOTLOADER_OBJ/build-ckt72_w_kk/out/lk/logo/cu_wvga_bat_img.raw ../../../out/target/product/ckt72_w_kk/obj/BOOTLOADER_OBJ/build-ckt72_w_kk/out/lk/logo/cu_wvga_bat_100.raw ../../../out/target/product/ckt72_w_kk/obj/BOOTLOADER_OBJ/build-ckt72_w_kk/out/lk/logo/cu_wvga_kernel.raw ../../../out/target/product/ckt72_w_kk/obj/BOOTLOADER_OBJ/build-ckt72_w_kk/out/lk/logo/cu_wvga_kernel_secUnlock.raw
MKING ../../../out/target/product/ckt72_w_kk/obj/BOOTLOADER_OBJ/build-ckt72_w_kk/logo.bin
../../../mediatek/build/tools/mkimage ../../../out/target/product/ckt72_w_kk/obj/BOOTLOADER_OBJ/build-ckt72_w_kk/out/lk/logo/cu_wvga.raw LOGO > ../../../out/target/product/ckt72_w_kk/obj/BOOTLOADER_OBJ/build-ckt72_w_kk/logo.bin
[PARTITION_CHECK_RESULT] UBOOT have used %72.73 QUOTA
Checking memory usage DONE!
