Name "main::OPERATOR_SPEC" used only once: possible typo at mediatek/build/tools/ptgen/MT6572/ptgen.pl line 91.
Name "main::platform" used only once: possible typo at mediatek/build/tools/ptgen/MT6572/ptgen.pl line 85.
Name "main::START_ADDR_PHY_Byte_DEC" used only once: possible typo at mediatek/build/tools/ptgen/MT6572/ptgen.pl line 848.
Use of uninitialized value $LDVT_SUPPORT in string eq at mediatek/build/tools/ptgen/MT6572/ptgen.pl line 199.
[Dependency] /home/epicuser/lkdcompilation_ckt72_w_kk-mt6572/mediatek/build/tools/ptgen/MT6572/ptgen.pl
[Dependency] /home/epicuser/lkdcompilation_ckt72_w_kk-mt6572/mediatek/build/tools/Spreadsheet/ParseExcel/Cell.pm
[Dependency] /home/epicuser/lkdcompilation_ckt72_w_kk-mt6572/mediatek/build/tools/Spreadsheet/ParseExcel/Workbook.pm
[Dependency] /home/epicuser/lkdcompilation_ckt72_w_kk-mt6572/mediatek/build/tools/Spreadsheet/OLE/Storage_Lite.pm
[Dependency] /home/epicuser/lkdcompilation_ckt72_w_kk-mt6572/mediatek/build/tools/Spreadsheet/ParseExcel/FmtDefault.pm
[Dependency] /home/epicuser/lkdcompilation_ckt72_w_kk-mt6572/mediatek/build/tools/Spreadsheet/ParseExcel.pm
[Dependency] /home/epicuser/lkdcompilation_ckt72_w_kk-mt6572/mediatek/build/tools/Spreadsheet/ParseExcel/Font.pm
[Dependency] /home/epicuser/lkdcompilation_ckt72_w_kk-mt6572/mediatek/build/tools/Spreadsheet/ParseExcel/Utility.pm
[Dependency] /home/epicuser/lkdcompilation_ckt72_w_kk-mt6572/mediatek/build/tools/Spreadsheet/ParseExcel/Format.pm
[Dependency] /home/epicuser/lkdcompilation_ckt72_w_kk-mt6572/mediatek/build/tools/Spreadsheet/ParseExcel/Worksheet.pm
[Dependency] /home/epicuser/lkdcompilation_ckt72_w_kk-mt6572/mediatek/build/tools/pack_dep_gen.pm
Use of uninitialized value in concatenation (.) or string at mediatek/build/tools/ptgen/MT6572/ptgen.pl line 211.
Use of uninitialized value in concatenation (.) or string at mediatek/build/tools/ptgen/MT6572/ptgen.pl line 211.
Use of uninitialized value in concatenation (.) or string at mediatek/build/tools/ptgen/MT6572/ptgen.pl line 211.
Use of uninitialized value in concatenation (.) or string at mediatek/build/tools/ptgen/MT6572/ptgen.pl line 211.
readdir() attempted on invalid dirhandle DIR at mediatek/build/tools/ptgen/MT6572/ptgen.pl line 1873.
[Dependency] /home/epicuser/lkdcompilation_ckt72_w_kk-mt6572/mediatek/build/tools/emigen/MT6572/MemoryDeviceList_MT6572.xls
*******************Arguments*********************
Version=3.6 ChangeHistory:3.6 change output file path

PLATFORM = MT6572;
PROJECT = ckt72_w_kk;
PAGE_SIZE = 4K;
EMMC_SUPPORT= yes;
LDVT_SUPPORT= ;
TARGET_BUILD_VARIANT= ;
MTK_EMMC_OTP_SUPPORT= ;
OPERATOR_SPEC = NONE;
MTK_SHARED_SDCARD=yes;
MTK_CIP_SUPPORT=;
MTK_NAND_UBIFS_SUPPORT=no;
MTK_YAML_SCATTER_FILE_SUPPORT=yes;
COMBO_NAND_SUPPORT=no

SHEET_NAME=emmc otp eng
SCAT_NAME=out/target/product/ckt72_w_kk/MT6572_Android_scatter.txt
*******************Arguments*********************



In KMN5U000ZM_B203,2048,2048,128,3813248
In H9TP32A4GDMCPR_KDM,2048,2048,2048,3778560
In KE4CN2L2HA5A2A,2048,2048,128,3710848
In TYC0FH121597RA,2048,2048,512,3866624
In MT29PZZZ4D4WKETF_18_W_6E4,1024,1024,1024,3817472
In SD7DP24F_4G,2048,2048,2048,3866624
In KMNJS000ZM_B205,1024,1024,128,3817472
In H9TP32A4GDBCPR_KGM,2048,2048,2048,3778560
In KMN5W000ZM_B207,2048,2048,512,3817472
In KMN9W000RM_B205,2048,2048,128,1835008
In H9TP32A8JDACPR_KGM,2048,2048,2048,3778560
In KMK5U000VM_B309,2048,2048,128,3817472
In H9TP32A4GDDCPR_KGM,4096,4096,4096,3817472
In H9TP32A4GDCCPR_KGM,4096,4096,4096,3817472
In KE4CN2L2SA5H2A,2048,2048,128,3715072
In MT29PZZZ8D4WKFEW_18W_6D4,1024,1024,1024,3817472
In TYC0FH121626RA,2048,2048,512,3866624
In KMKUS000VM_B410,2048,2048,128,7634944
In SD7DP28C_4G,2048,2048,2048,3866624
In KMK5W000VM_B312,2048,2048,512,3817472
In SD7DP24C_4G,2048,2048,2048,3866624
In KMKJS000VM_B309,1024,1024,128,3817472
In TYD0FH221618RA,2048,2048,512,3866624
In H9TP32A8JDBCPR_KGM,4096,4096,4096,3817472
In NLN04D04G,2048,2048,2048,3710976
In KMN5X000ZM_B209,4096,4096,512,3817472
In KMK5X000VM_B314,4096,4096,512,3817472
In H9TP18A8JDMCPR_KGM,4096,4096,4096,15392768
In SD5D28B_4G,1024,1024,128,3866624
In KE4CN2L2HA8A2A,2048,2048,128,3776512
In KMK7X000VM_B314,4096,4096,512,7634944
In KMN9X000RM_B209,2048,2048,128,1835008
In BWMA24B_4GC,2048,2048,128,3891200
In MT29PZZZ4D4BKESK_18W_94H,1024,1024,1024,3825664
In MT29PZZZ8D4BKFSK_18W_94L,1024,1024,1024,3825664
In MT29PZZZ8D5BKFTF_18W_95L,2048,2048,2048,7651328
In TYD0FH221627RA,2048,2048,512,3866624
In KMK8X000VM_B412,4096,4096,4096,15267840
In KEP04GSC_MABDMKAM2C32,4096,4096,4096,3817472
In TYC0FH121638RA,2048,2048,512,3866624
[Dependency] /home/epicuser/lkdcompilation_ckt72_w_kk-mt6572/mediatek/custom/ckt72_w_kk/preloader/inc/custom_MemoryDevice.h
Chose region layout: TYC0FH121626RA, 2048 + 2048 + 512=4608 $REGION_TABLE{$part_num}{USER}=3866624
Chose region layout: H9TP32A4GDCCPR_KGM, 4096 + 4096 + 4096=12288 $REGION_TABLE{$part_num}{USER}=3817472
Chose region layout: TYC0FH121638RA, 2048 + 2048 + 512=4608 $REGION_TABLE{$part_num}{USER}=3866624
Chose region layout: H9TP32A4GDDCPR_KGM, 4096 + 4096 + 4096=12288 $REGION_TABLE{$part_num}{USER}=3817472
The MAX BOOT1+BOOT2+RPMB=12288  $Min_user_region=3817472 in mediatek/custom/ckt72_w_kk/preloader/inc/custom_MemoryDevice.h
do "mediatek/config/ckt72_w_kk/mbr_addr.pl" failed, '.' is no longer in @INC; did you mean do "./mediatek/config/ckt72_w_kk/mbr_addr.pl"? at mediatek/build/tools/ptgen/MT6572/ptgen.pl line 371, <CUSTOM_MEMORYDEVICE_H_NAME> line 28.
[Dependency] /home/epicuser/lkdcompilation_ckt72_w_kk-mt6572/mediatek/config/ckt72_w_kk/mbr_addr.pl
Use of uninitialized value $combo_start_address in numeric lt (<) at mediatek/build/tools/ptgen/MT6572/ptgen.pl line 379, <CUSTOM_MEMORYDEVICE_H_NAME> line 28.
[Dependency] /home/epicuser/lkdcompilation_ckt72_w_kk-mt6572/mediatek/build/tools/ptgen/MT6572/partition_table_MT6572.xls
Use of uninitialized value $MTK_CIP_SUPPORT in string ne at mediatek/build/tools/ptgen/MT6572/ptgen.pl line 436.
Use of uninitialized value $TARGET_BUILD_VARIANT in string eq at mediatek/build/tools/ptgen/MT6572/ptgen.pl line 503.
Use of uninitialized value $MTK_CIP_SUPPORT in string ne at mediatek/build/tools/ptgen/MT6572/ptgen.pl line 466.
Use of uninitialized value in string ne at mediatek/build/tools/ptgen/MT6572/ptgen.pl line 660.
Reference found where even-sized list expected at mediatek/build/tools/ptgen/MT6572/ptgen.pl line 846.
Use of uninitialized value within @START_ADDR_PHY_Byte_DEC in sprintf at mediatek/build/tools/ptgen/MT6572/ptgen.pl line 848.
Use of uninitialized value within @START_ADDR_PHY_Byte_DEC in sprintf at mediatek/build/tools/ptgen/MT6572/ptgen.pl line 848.
Use of uninitialized value within @START_ADDR_PHY_Byte_DEC in sprintf at mediatek/build/tools/ptgen/MT6572/ptgen.pl line 848.
Use of uninitialized value within @START_ADDR_PHY_Byte_DEC in sprintf at mediatek/build/tools/ptgen/MT6572/ptgen.pl line 848.
Use of uninitialized value within @START_ADDR_PHY_Byte_DEC in sprintf at mediatek/build/tools/ptgen/MT6572/ptgen.pl line 848.
Use of uninitialized value within @START_ADDR_PHY_Byte_DEC in sprintf at mediatek/build/tools/ptgen/MT6572/ptgen.pl line 848.
Use of uninitialized value within @START_ADDR_PHY_Byte_DEC in sprintf at mediatek/build/tools/ptgen/MT6572/ptgen.pl line 848.
Use of uninitialized value within @START_ADDR_PHY_Byte_DEC in sprintf at mediatek/build/tools/ptgen/MT6572/ptgen.pl line 848.
Use of uninitialized value within @START_ADDR_PHY_Byte_DEC in sprintf at mediatek/build/tools/ptgen/MT6572/ptgen.pl line 848.
Use of uninitialized value within @START_ADDR_PHY_Byte_DEC in sprintf at mediatek/build/tools/ptgen/MT6572/ptgen.pl line 848.
Use of uninitialized value within @START_ADDR_PHY_Byte_DEC in sprintf at mediatek/build/tools/ptgen/MT6572/ptgen.pl line 848.
Use of uninitialized value within @START_ADDR_PHY_Byte_DEC in sprintf at mediatek/build/tools/ptgen/MT6572/ptgen.pl line 848.
Use of uninitialized value within @START_ADDR_PHY_Byte_DEC in sprintf at mediatek/build/tools/ptgen/MT6572/ptgen.pl line 848.
Use of uninitialized value within @START_ADDR_PHY_Byte_DEC in sprintf at mediatek/build/tools/ptgen/MT6572/ptgen.pl line 848.
Use of uninitialized value within @START_ADDR_PHY_Byte_DEC in sprintf at mediatek/build/tools/ptgen/MT6572/ptgen.pl line 848.
Use of uninitialized value within @START_ADDR_PHY_Byte_DEC in sprintf at mediatek/build/tools/ptgen/MT6572/ptgen.pl line 848.
Use of uninitialized value within @START_ADDR_PHY_Byte_DEC in sprintf at mediatek/build/tools/ptgen/MT6572/ptgen.pl line 848.
Use of uninitialized value within @START_ADDR_PHY_Byte_DEC in sprintf at mediatek/build/tools/ptgen/MT6572/ptgen.pl line 848.
Use of uninitialized value within @START_ADDR_PHY_Byte_DEC in sprintf at mediatek/build/tools/ptgen/MT6572/ptgen.pl line 848.
Use of uninitialized value within @START_ADDR_PHY_Byte_DEC in sprintf at mediatek/build/tools/ptgen/MT6572/ptgen.pl line 848.
Use of uninitialized value $PEB in multiplication (*) at mediatek/build/tools/ptgen/MT6572/ptgen.pl line 1182.
Get MBR_Start_Address_KB from mediatek/custom/ckt72_w_kk/preloader/inc/custom_MemoryDevice.h = 12288
get workbook from mediatek/config/ckt72_w_kk/partition_table_MT6572.xls failed, error: File not found.
get partition sheet from mediatek/config/ckt72_w_kk/partition_table_MT6572.xls failed, try mediatek/config/ckt72_w_kk/partition_table_MT6572.xls...
get workbook from mediatek/config/ckt72_w_kk/partition_table_MT6572.xls failed, error: File not found.
get partition sheet from mediatek/config/ckt72_w_kk/partition_table_MT6572.xls failed, try mediatek/build/tools/ptgen/MT6572/partition_table_MT6572.xls...
Skip CUSTOM because of MTK_CIP_SUPPORT off
Skip FAT because of MTK_SHARED_SDCARD On
ebr 1 1
Skip CUSTOM because of MTK_CIP_SUPPORT off
Skip FAT because of MTK_SHARED_SDCARD or MTK_FAT_ON_NAND
START=0x0,		Partition=PRELOADER,		SIZE=12288,	DL_=1, 	Partition_Index=0,	REGION =BOOT_1,RESERVE = 0
START=0xc00000,		Partition=MBR,		SIZE=512,	DL_=1, 	Partition_Index=0,	REGION =USER,RESERVE = 0
START=0xc80000,		Partition=EBR1,		SIZE=512,	DL_=1, 	Partition_Index=1,	REGION =USER,RESERVE = 0
START=0xd00000,		Partition=PRO_INFO,		SIZE=3072,	DL_=0, 	Partition_Index=0,	REGION =USER,RESERVE = 0
START=0x1000000,		Partition=NVRAM,		SIZE=5120,	DL_=0, 	Partition_Index=0,	REGION =USER,RESERVE = 0
START=0x1500000,		Partition=PROTECT_F,		SIZE=10240,	DL_=0, 	Partition_Index=2,	REGION =USER,RESERVE = 0
START=0x1f00000,		Partition=PROTECT_S,		SIZE=10240,	DL_=0, 	Partition_Index=3,	REGION =USER,RESERVE = 0
START=0x2900000,		Partition=SECCFG,		SIZE=128,	DL_=0, 	Partition_Index=0,	REGION =USER,RESERVE = 0
START=0x2920000,		Partition=UBOOT,		SIZE=384,	DL_=1, 	Partition_Index=0,	REGION =USER,RESERVE = 0
START=0x2980000,		Partition=BOOTIMG,		SIZE=6144,	DL_=1, 	Partition_Index=0,	REGION =USER,RESERVE = 0
START=0x2f80000,		Partition=RECOVERY,		SIZE=6144,	DL_=1, 	Partition_Index=0,	REGION =USER,RESERVE = 0
START=0x3580000,		Partition=SEC_RO,		SIZE=256,	DL_=1, 	Partition_Index=0,	REGION =USER,RESERVE = 0
START=0x35c0000,		Partition=MISC,		SIZE=512,	DL_=0, 	Partition_Index=0,	REGION =USER,RESERVE = 0
START=0x3640000,		Partition=LOGO,		SIZE=3072,	DL_=1, 	Partition_Index=0,	REGION =USER,RESERVE = 0
START=0x3940000,		Partition=EXPDB,		SIZE=10240,	DL_=0, 	Partition_Index=0,	REGION =USER,RESERVE = 0
START=0x4340000,		Partition=ANDROID,		SIZE=1150976,	DL_=1, 	Partition_Index=4,	REGION =USER,RESERVE = 0
START=0x4a740000,		Partition=CACHE,		SIZE=262144,	DL_=1, 	Partition_Index=5,	REGION =USER,RESERVE = 0
START=0x5a740000,		Partition=USRDATA,		SIZE=1433600,	DL_=1, 	Partition_Index=6,	REGION =USER,RESERVE = 0
START=0xFFFF0200,		Partition=OTP,		SIZE=44032,	DL_=0, 	Partition_Index=0,	REGION =USER,RESERVE = 1
START=0xFFFF00a8,		Partition=BMTPOOL,		SIZE=21504,	DL_=0, 	Partition_Index=0,	REGION =USER,RESERVE = 1
There are 20 Partition totally!.
BR COUNT is 7 1
out/target/product/ckt72_w_kk/EBR1 1 400
mbr_0 p_2 0 index_1
mbr_0 p_3 0 index_2
mbr_0 p_4 0 index_3
mbr_1 p_5 1 index_0
mbr_1 p_6 1 index_1
p2 start_block 4800 size_block 5000
p3 start_block 9800 size_block 5000
p4 start_block 1ba00 size_block 232000
p5 start_block 24da00 size_block 80000
p6 start_block 2cda00 size_block 2bc000

out/target/product/ckt72_w_kk/MBR 5 400 ffffffff 83 4800 5000 83 9800 5000 83 1ba00 232000 
out/target/product/ckt72_w_kk/EBR1 83 24d600 80000 83 2cd600 ffd329ff 0 0 0 0 0 0 
Generate out/target/product/ckt72_w_kk/MBR bin file
Generate out/target/product/ckt72_w_kk/EBR1 bin file
**********Ptgen Done********** ^_^


Ptgen modified or Generated files list:
out/target/product/ckt72_w_kk/obj/PTGEN/common/partition_define.h
out/target/product/ckt72_w_kk/obj/PTGEN/kernel/partition_define_private.h
out/target/product/ckt72_w_kk/MT6572_Android_scatter.txt
out/target/product/ckt72_w_kk/MBR
out/target/product/ckt72_w_kk/EBR1
out/target/product/ckt72_w_kk/obj/PTGEN/configs/partition_size.mk
out/target/product/ckt72_w_kk/obj/PRELOADER_OBJ/cust_part.c
out/target/product/ckt72_w_kk/obj/PTGEN/common/pmt.h
out/target/product/ckt72_w_kk/obj/PTGEN/lk/partition.c
out/target/product/ckt72_w_kk/obj/PTGEN/lk/inc/mt_partition.h
