[Dependency] /home/epicuser/lkdcompilation_ckt72_w_kk-mt6572/mediatek/build/tools/emigen/MT6572/nandgen.pl
[Dependency] /home/epicuser/lkdcompilation_ckt72_w_kk-mt6572/mediatek/build/tools/Spreadsheet/ParseExcel/Worksheet.pm
[Dependency] /home/epicuser/lkdcompilation_ckt72_w_kk-mt6572/mediatek/build/tools/Spreadsheet/ParseExcel/Utility.pm
[Dependency] /home/epicuser/lkdcompilation_ckt72_w_kk-mt6572/mediatek/build/tools/Spreadsheet/ParseExcel/Font.pm
[Dependency] /home/epicuser/lkdcompilation_ckt72_w_kk-mt6572/mediatek/build/tools/pack_dep_gen.pm
[Dependency] /home/epicuser/lkdcompilation_ckt72_w_kk-mt6572/mediatek/build/tools/Spreadsheet/ParseExcel/Workbook.pm
[Dependency] /home/epicuser/lkdcompilation_ckt72_w_kk-mt6572/mediatek/build/tools/Spreadsheet/ParseExcel/Cell.pm
[Dependency] /home/epicuser/lkdcompilation_ckt72_w_kk-mt6572/mediatek/build/tools/Spreadsheet/ParseExcel/FmtDefault.pm
[Dependency] /home/epicuser/lkdcompilation_ckt72_w_kk-mt6572/mediatek/build/tools/Spreadsheet/ParseExcel/Format.pm
[Dependency] /home/epicuser/lkdcompilation_ckt72_w_kk-mt6572/mediatek/build/tools/Spreadsheet/ParseExcel.pm
[Dependency] /home/epicuser/lkdcompilation_ckt72_w_kk-mt6572/mediatek/build/tools/Spreadsheet/OLE/Storage_Lite.pm
$PLATFORM=MT6572,$PROJECT=ckt72_w_kk,$FULL_PROJECT=ckt72_w_kk,$PAGE_SIZE=4K
[Dependency] /home/epicuser/lkdcompilation_ckt72_w_kk-mt6572/mediatek/custom/ckt72_w_kk/preloader/inc/custom_MemoryDevice.h
[Dependency] /home/epicuser/lkdcompilation_ckt72_w_kk-mt6572/mediatek/build/tools/emigen/MT6572/MemoryDeviceList_MT6572.xls
Spreadsheet::ParseExcel::Worksheet=HASH(0x56291924d210): row=0, col=12 undefined
AddrCycle BlockSize_KB CacheRead IOWidth Nand_ID PageSize_B Part_Number RandomRead SpareSize_B Timing TotalSize_MB Vendor
Spreadsheet::ParseExcel::Worksheet=HASH(0x56291924d210): row=34, col=1 undefined
~~~~~~~~~EXCEL INFO~~~~~~~~~~~
index:0
AddrCycle      :5                    BlockSize_KB   :256                  CacheRead      :NO                   IOWidth        :16                   Nand_ID        :0xECBC006A56         PageSize_B     :4096                 Part_Number    :K524G2GACH_B050      RandomRead     :YES                  SpareSize_B    :128                  Timing         :0x10C08123           TotalSize_MB   :512                  Vendor         :Samsung              
index:1
AddrCycle      :5                    BlockSize_KB   :256                  CacheRead      :NO                   IOWidth        :16                   Nand_ID        :0xADBC801620         PageSize_B     :4096                 Part_Number    :H9DA4VH2GJAMCR_4EM   RandomRead     :NO                   SpareSize_B    :128                  Timing         :0x21014133           TotalSize_MB   :512                  Vendor         :Hynix                
index:2
AddrCycle      :5                    BlockSize_KB   :128                  CacheRead      :NO                   IOWidth        :16                   Nand_ID        :0xADBC905556         PageSize_B     :2048                 Part_Number    :H9TA4GH2GDMCPR_4GM   RandomRead     :NO                   SpareSize_B    :64                   Timing         :0x21014133           TotalSize_MB   :512                  Vendor         :Hynix                
index:3
AddrCycle      :5                    BlockSize_KB   :256                  CacheRead      :NO                   IOWidth        :16                   Nand_ID        :0x98BC9066           PageSize_B     :4096                 Part_Number    :TYBC0A111557KC       RandomRead     :NO                   SpareSize_B    :128                  Timing         :0x10814114           TotalSize_MB   :512                  Vendor         :Toshiba              
index:4
AddrCycle      :5                    BlockSize_KB   :256                  CacheRead      :NO                   IOWidth        :16                   Nand_ID        :0x2CBC906654         PageSize_B     :4096                 Part_Number    :MT29C4G48MAAHBAAKS_5WT RandomRead     :NO                   SpareSize_B    :224                  Timing         :0x10805113           TotalSize_MB   :512                  Vendor         :Micron               
index:5
AddrCycle      :5                    BlockSize_KB   :256                  CacheRead      :NO                   IOWidth        :16                   Nand_ID        :0x98BC9066           PageSize_B     :4096                 Part_Number    :KSLCCBL1FB2G3A       RandomRead     :NO                   SpareSize_B    :128                  Timing         :0x10814114           TotalSize_MB   :512                  Vendor         :Kingston             
index:6
AddrCycle      :5                    BlockSize_KB   :128                  CacheRead      :NO                   IOWidth        :16                   Nand_ID        :0xADBC905556         PageSize_B     :2048                 Part_Number    :H9DA4GH2GJBMCR_4EM   RandomRead     :NO                   SpareSize_B    :64                   Timing         :0x21014133           TotalSize_MB   :512                  Vendor         :Hynix                
index:7
AddrCycle      :5                    BlockSize_KB   :256                  CacheRead      :NO                   IOWidth        :16                   Nand_ID        :0x98BC9066           PageSize_B     :4096                 Part_Number    :KSLCCBL2GA2H2A       RandomRead     :NO                   SpareSize_B    :128                  Timing         :0x10814114           TotalSize_MB   :512                  Vendor         :kingston             
index:8
AddrCycle      :5                    BlockSize_KB   :256                  CacheRead      :NO                   IOWidth        :16                   Nand_ID        :0x2CBC906654         PageSize_B     :4096                 Part_Number    :MT29RZ4C2DZZHGSK_18_W_80E RandomRead     :NO                   SpareSize_B    :224                  Timing         :0x10805113           TotalSize_MB   :512                  Vendor         :Micron               
index:9
AddrCycle      :5                    BlockSize_KB   :128                  CacheRead      :NO                   IOWidth        :16                   Nand_ID        :0xECBC005554         PageSize_B     :2048                 Part_Number    :K524G2GACI_B050      RandomRead     :NO                   SpareSize_B    :64                   Timing         :0x10C04113           TotalSize_MB   :512                  Vendor         :Samsung              
index:10
AddrCycle      :5                    BlockSize_KB   :128                  CacheRead      :NO                   IOWidth        :16                   Nand_ID        :0x2CBC905556         PageSize_B     :2048                 Part_Number    :KEM51200_MADHSBXN2C12 RandomRead     :NO                   SpareSize_B    :64                   Timing         :0x10815113           TotalSize_MB   :512                  Vendor         :Kingmax              
index:11
AddrCycle      :5                    BlockSize_KB   :128                  CacheRead      :NO                   IOWidth        :16                   Nand_ID        :0x2CBC905556         PageSize_B     :2048                 Part_Number    :MT29C4G48MAZBAAKS_5WT RandomRead     :NO                   SpareSize_B    :64                   Timing         :0x10815113           TotalSize_MB   :512                  Vendor         :Micron               
index:12
AddrCycle      :5                    BlockSize_KB   :256                  CacheRead      :NO                   IOWidth        :16                   Nand_ID        :0x98BC9066           PageSize_B     :4096                 Part_Number    :KSLCCBL2RA2H2A       RandomRead     :NO                   SpareSize_B    :128                  Timing         :0x10814114           TotalSize_MB   :512                  Vendor         :kingston             
index:13
AddrCycle      :5                    BlockSize_KB   :256                  CacheRead      :NO                   IOWidth        :16                   Nand_ID        :0xADBC901100         PageSize_B     :4096                 Part_Number    :H9DA4VH2GJMMCR_4EM   RandomRead     :NO                   SpareSize_B    :128                  Timing         :0x21015133           TotalSize_MB   :512                  Vendor         :Hynix                
index:14
AddrCycle      :5                    BlockSize_KB   :128                  CacheRead      :NO                   IOWidth        :16                   Nand_ID        :0xC8BC905554         PageSize_B     :2048                 Part_Number    :NCPPS4N2A            RandomRead     :NO                   SpareSize_B    :64                   Timing         :0x21015134           TotalSize_MB   :512                  Vendor         :AcSip                
index:15
AddrCycle      :5                    BlockSize_KB   :256                  CacheRead      :NO                   IOWidth        :16                   Nand_ID        :0x98BC9066           PageSize_B     :4096                 Part_Number    :KTN0403AS_TCR1       RandomRead     :NO                   SpareSize_B    :128                  Timing         :0x10814114           TotalSize_MB   :512                  Vendor         :Leahkinn             
index:16
AddrCycle      :5                    BlockSize_KB   :256                  CacheRead      :NO                   IOWidth        :16                   Nand_ID        :0x2CBC906654         PageSize_B     :4096                 Part_Number    :MT29RZ4C4DZZHGPL_18W_80U RandomRead     :NO                   SpareSize_B    :224                  Timing         :0x10805113           TotalSize_MB   :512                  Vendor         :Micron               
index:17
AddrCycle      :5                    BlockSize_KB   :256                  CacheRead      :NO                   IOWidth        :16                   Nand_ID        :0x98BC9066           PageSize_B     :4096                 Part_Number    :KTN0405AS_TFR1       RandomRead     :NO                   SpareSize_B    :128                  Timing         :0x10814114           TotalSize_MB   :512                  Vendor         :Leahkinn             
index:18
AddrCycle      :5                    BlockSize_KB   :128                  CacheRead      :NO                   IOWidth        :16                   Nand_ID        :0xADBC905554         PageSize_B     :2048                 Part_Number    :H9DA4GH4JJAMCR_4EM   RandomRead     :NO                   SpareSize_B    :64                   Timing         :0x21014133           TotalSize_MB   :512                  Vendor         :Hynix                
index:19
AddrCycle      :5                    BlockSize_KB   :128                  CacheRead      :NO                   IOWidth        :16                   Nand_ID        :0x2CBC905556         PageSize_B     :2048                 Part_Number    :MT29C4G96MAZBACKD_5WT RandomRead     :NO                   SpareSize_B    :64                   Timing         :0x10815113           TotalSize_MB   :512                  Vendor         :Micron               
index:20
AddrCycle      :5                    BlockSize_KB   :128                  CacheRead      :NO                   IOWidth        :16                   Nand_ID        :0xADBC905556         PageSize_B     :2048                 Part_Number    :H9DA4GH4JJBMCR_4EM   RandomRead     :NO                   SpareSize_B    :64                   Timing         :0x21014133           TotalSize_MB   :512                  Vendor         :Hynix                
index:21
AddrCycle      :5                    BlockSize_KB   :128                  CacheRead      :YES                  IOWidth        :16                   Nand_ID        :0x01BC9055           PageSize_B     :2048                 Part_Number    :KEM51200_NADGSBXM2C32 RandomRead     :YES                  SpareSize_B    :64                   Timing         :0x21014133           TotalSize_MB   :512                  Vendor         :Kingmax              
index:22
AddrCycle      :5                    BlockSize_KB   :256                  CacheRead      :NO                   IOWidth        :16                   Nand_ID        :0x98BC9066           PageSize_B     :4096                 Part_Number    :KSLCGBL2GA2H2A       RandomRead     :NO                   SpareSize_B    :128                  Timing         :0x10814114           TotalSize_MB   :512                  Vendor         :kingston             
index:23
AddrCycle      :5                    BlockSize_KB   :256                  CacheRead      :NO                   IOWidth        :16                   Nand_ID        :0x98BC9066           PageSize_B     :4096                 Part_Number    :KSLCGBL2RA2H2A       RandomRead     :NO                   SpareSize_B    :128                  Timing         :0x10814114           TotalSize_MB   :512                  Vendor         :kingston             
index:24
AddrCycle      :5                    BlockSize_KB   :128                  CacheRead      :NO                   IOWidth        :16                   Nand_ID        :0xADBC905556         PageSize_B     :2048                 Part_Number    :H9TA4GH2GDACPR_4GM   RandomRead     :NO                   SpareSize_B    :64                   Timing         :0x21014133           TotalSize_MB   :512                  Vendor         :Hynix                
index:25
AddrCycle      :5                    BlockSize_KB   :256                  CacheRead      :NO                   IOWidth        :16                   Nand_ID        :0xADBC901100         PageSize_B     :4096                 Part_Number    :H9DA4VH4JJMMCR_4EM   RandomRead     :NO                   SpareSize_B    :128                  Timing         :0x21014133           TotalSize_MB   :512                  Vendor         :Hynix                
index:26
AddrCycle      :5                    BlockSize_KB   :256                  CacheRead      :YES                  IOWidth        :16                   Nand_ID        :0xECBC0066           PageSize_B     :4096                 Part_Number    :K524G2GACJ_B050      RandomRead     :YES                  SpareSize_B    :128                  Timing         :0x10C04133           TotalSize_MB   :512                  Vendor         :Samsung              
index:27
AddrCycle      :5                    BlockSize_KB   :256                  CacheRead      :YES                  IOWidth        :16                   Nand_ID        :0x98BC9066           PageSize_B     :4096                 Part_Number    :KSLCCBL1FB4G3A       RandomRead     :YES                  SpareSize_B    :128                  Timing         :0x10814114           TotalSize_MB   :512                  Vendor         :kingston             
index:28
AddrCycle      :5                    BlockSize_KB   :256                  CacheRead      :NO                   IOWidth        :16                   Nand_ID        :0x98BC9066           PageSize_B     :4096                 Part_Number    :KSLCCBL2HA5H2A       RandomRead     :NO                   SpareSize_B    :128                  Timing         :0x10814114           TotalSize_MB   :512                  Vendor         :kingston             
index:29
AddrCycle      :5                    BlockSize_KB   :128                  CacheRead      :YES                  IOWidth        :16                   Nand_ID        :0x01BC905556         PageSize_B     :2048                 Part_Number    :NCSPN4N2A            RandomRead     :YES                  SpareSize_B    :64                   Timing         :0x21015134           TotalSize_MB   :512                  Vendor         :Acsip                
index:30
AddrCycle      :5                    BlockSize_KB   :256                  CacheRead      :NO                   IOWidth        :16                   Nand_ID        :0x98BC9066           PageSize_B     :4096                 Part_Number    :KTN0405CS_THT1       RandomRead     :NO                   SpareSize_B    :128                  Timing         :0x10804112           TotalSize_MB   :512                  Vendor         :leahkinn             
index:31
AddrCycle      :5                    BlockSize_KB   :256                  CacheRead      :NO                   IOWidth        :16                   Nand_ID        :0x98BC9066           PageSize_B     :4096                 Part_Number    :KTN0403CS_TCR1       RandomRead     :NO                   SpareSize_B    :128                  Timing         :0x10804112           TotalSize_MB   :512                  Vendor         :Leahkinn             
index:32
AddrCycle      :5                    BlockSize_KB   :256                  CacheRead      :NO                   IOWidth        :16                   Nand_ID        :0x98BC9066761608     PageSize_B     :4096                 Part_Number    :MD5N04G02GSD2CRK     RandomRead     :NO                   SpareSize_B    :256                  Timing         :0x10804112           TotalSize_MB   :512                  Vendor         :GigaDevice           
~~~~~~~~~There are 33 Nand Chips~~~~~~~~~~~
Argument "0xECBC006A56" isn't numeric in numeric comparison (<=>) at mediatek/build/tools/emigen/MT6572/nandgen.pl line 399.
Argument "0x2CBC906654" isn't numeric in numeric comparison (<=>) at mediatek/build/tools/emigen/MT6572/nandgen.pl line 399.
Argument "0xADBC801620" isn't numeric in numeric comparison (<=>) at mediatek/build/tools/emigen/MT6572/nandgen.pl line 399.
Argument "0xADBC901100" isn't numeric in numeric comparison (<=>) at mediatek/build/tools/emigen/MT6572/nandgen.pl line 399.
Argument "0x98BC9066" isn't numeric in numeric comparison (<=>) at mediatek/build/tools/emigen/MT6572/nandgen.pl line 399.
Argument "0xECBC0066" isn't numeric in numeric comparison (<=>) at mediatek/build/tools/emigen/MT6572/nandgen.pl line 399.
There more than 1 chip have the ID:0x98BC9066,you should modify the excel
There more than 1 chip have the ID:0x98BC9066,you should modify the excel
There more than 1 chip have the ID:0x2CBC906654,you should modify the excel
There more than 1 chip have the ID:0x98BC9066,you should modify the excel
There more than 1 chip have the ID:0x98BC9066,you should modify the excel
There more than 1 chip have the ID:0x2CBC906654,you should modify the excel
There more than 1 chip have the ID:0x98BC9066,you should modify the excel
There more than 1 chip have the ID:0x98BC9066,you should modify the excel
There more than 1 chip have the ID:0x98BC9066,you should modify the excel
There more than 1 chip have the ID:0xADBC901100,you should modify the excel
There more than 1 chip have the ID:0x98BC9066,you should modify the excel
There more than 1 chip have the ID:0x98BC9066,you should modify the excel
There more than 1 chip have the ID:0x98BC9066,you should modify the excel
There more than 1 chip have the ID:0x98BC9066,you should modify the excel
ID={0x98,0xBC,0x90,0x66,0x76,0x16,0x08}
ID={0x2C,0xBC,0x90,0x66,0x54,0x00,0x00}
ID={0xAD,0xBC,0x80,0x16,0x20,0x00,0x00}
ID={0xAD,0xBC,0x90,0x11,0x00,0x00,0x00}
ID={0xEC,0xBC,0x00,0x6A,0x56,0x00,0x00}
ID={0x98,0xBC,0x90,0x66,0x00,0x00,0x00}
ID={0xEC,0xBC,0x00,0x66,0x00,0x00,0x00}
nandgen done
