=================================================================
Building Configuration:
Project = ckt72_w_kk
Platform = MT6572
Buildspec = buildspec.mak
Create SecLib = FALSE
Image Auth key exist = TRUE
SML Encode key exist = TRUE
SML Auth key exist = TRUE
Preloader EXT exist = FALSE
SECRO AC support = yes
=================================================================
=================================================================
Internal Feature:
HW_INIT_ONLY =
CFG_MDJTAG_SWITCH=
CFG_MDMETA_DETECT=
CFG_HW_WATCHDOG=
CFG_APWDT_DISABLE=
CFG_MDWDT_DISABLE=
CFG_SYS_STACK_SZ=
CFG_MMC_ADDR_TRANS=
CFG_BOOT_ARGUMENT=
CFG_RAM_CONSOLE=
=================================================================

=========================================
[Android SignTool]

Built at Thu Feb 9 21:19:50 CST 2012
=========================================

[SignTool] generate hdr file ...
[SignLib] import CUSTOM_RSA_N
[SignLib] import CUSTOM_RSA_D
[SignLib] import CUSTOM_RSA_E
[AUTHEN] rsa.N length = 1024 bytes
[AUTHEN] rsa.E length = 20 bytes


=========================================
[Android Cipher (Enc/Dec) Tool]

Built at Thu May 16 19:35:42 CST 2013
=========================================

[CipherTool] generate hdr file ...
[CipherTool] /home/epicuser/kernel_ckt72_w_kk-mt6572/mediatek/custom/ckt72_w_kk/security/sml_auth/SML_ENCODE_KEY.ini found
[CipherTool] import CUSTOM_AES_128 (SO)
[AES_EXPORT] SO
[AES_SO] Key Len : 16
0x2b3112a3
[AES_SO] IV
0x6c8d3259
[CipherTool] /home/epicuser/kernel_ckt72_w_kk-mt6572/mediatek/custom/ckt72_w_kk/security/sml_auth/SML_ENCODE_CFG.ini found
[CipherTool] cfg.enc   = 0
[CipherTool] cfg.off   = 0
[CipherTool] cfg.len   = 102400

=========================================
[Android SignTool]

Built at Thu Feb 9 21:19:50 CST 2012
=========================================

[SignTool] generate hdr file ...
[SignLib] import CUSTOM_RSA_N
[SignLib] import CUSTOM_RSA_D
[SignLib] import CUSTOM_RSA_E
[AUTHEN] rsa.N length = 1024 bytes
[AUTHEN] rsa.E length = 20 bytes

.......... Complete .........
sec.c: In function 'sec_lib_init':
sec.c:223:10: warning: assignment makes pointer from integer without a cast [enabled by default]
sec_key.c: In function 'sec_key_init':
sec_key.c:113:10: warning: assignment makes integer from pointer without a cast [enabled by default]
sec_secroimg.c: In function 'sec_lib_read_secro':
sec_secroimg.c:113:15: warning: initialization makes pointer from integer without a cast [enabled by default]
sec_util.c: In function 'sec_util_read_image':
sec_util.c:213:22: warning: assignment makes pointer from integer without a cast [enabled by default]
sec_util.c: In function 'sec_util_write_image':
sec_util.c:266:22: warning: assignment makes pointer from integer without a cast [enabled by default]
.......... Complete .........
sec_auth.c:47:1: warning: parameter names (without types) in function declaration [enabled by default]
sec_auth.c: In function 'sec_auth':
sec_auth.c:67:9: warning: passing argument 1 of 'memcpy' makes pointer from integer without a cast [enabled by default]
In file included from /home/epicuser/kernel_ckt72_w_kk-mt6572/mediatek/platform/mt6572/preloader/src/drivers/inc/platform.h:42:0,
                 from /home/epicuser/kernel_ckt72_w_kk-mt6572/mediatek/platform/mt6572/preloader/src/security/inc/sec_platform.h:43,
                 from sec_auth.c:38:
/home/epicuser/kernel_ckt72_w_kk-mt6572/mediatek/platform/mt6572/preloader/src/core/inc/string.h:49:14: note: expected 'void *' but argument is of type 'unsigned int'
sec_auth.c:68:9: warning: passing argument 1 of 'memcpy' makes pointer from integer without a cast [enabled by default]
In file included from /home/epicuser/kernel_ckt72_w_kk-mt6572/mediatek/platform/mt6572/preloader/src/drivers/inc/platform.h:42:0,
                 from /home/epicuser/kernel_ckt72_w_kk-mt6572/mediatek/platform/mt6572/preloader/src/security/inc/sec_platform.h:43,
                 from sec_auth.c:38:
/home/epicuser/kernel_ckt72_w_kk-mt6572/mediatek/platform/mt6572/preloader/src/core/inc/string.h:49:14: note: expected 'void *' but argument is of type 'unsigned int'
.......... Complete .........
part.c: In function 'part_get':
part.c:112:13: warning: return makes pointer from integer without a cast [enabled by default]
.......... Complete .........
In file included from circbuf.c:41:0:
/home/epicuser/kernel_ckt72_w_kk-mt6572/mediatek/platform/mt6572/preloader/src/drivers/inc/mtk_pll.h:111:0: warning: "CLK_SWCG_5" redefined [enabled by default]
/home/epicuser/kernel_ckt72_w_kk-mt6572/mediatek/platform/mt6572/preloader/src/drivers/inc/mtk_pll.h:110:0: note: this is the location of the previous definition
In file included from /home/epicuser/kernel_ckt72_w_kk-mt6572/mediatek/platform/mt6572/preloader/src/drivers/inc/gpio.h:55:0,
                 from mt_i2c.c:31:
/home/epicuser/kernel_ckt72_w_kk-mt6572/out/target/product/ckt72_w_kk/obj/CUSTGEN/custom/kernel/dct/cust_gpio_usage.h:37:0: warning: "GPIO_KPD_KCOL7_PIN_M_DBG_OUT" redefined [enabled by default]
/home/epicuser/kernel_ckt72_w_kk-mt6572/out/target/product/ckt72_w_kk/obj/CUSTGEN/custom/kernel/dct/cust_gpio_usage.h:36:0: note: this is the location of the previous definition
In file included from /home/epicuser/kernel_ckt72_w_kk-mt6572/mediatek/platform/mt6572/preloader/src/drivers/inc/gpio.h:55:0,
                 from mtk_key.c:42:
/home/epicuser/kernel_ckt72_w_kk-mt6572/out/target/product/ckt72_w_kk/obj/CUSTGEN/custom/kernel/dct/cust_gpio_usage.h:37:0: warning: "GPIO_KPD_KCOL7_PIN_M_DBG_OUT" redefined [enabled by default]
/home/epicuser/kernel_ckt72_w_kk-mt6572/out/target/product/ckt72_w_kk/obj/CUSTGEN/custom/kernel/dct/cust_gpio_usage.h:36:0: note: this is the location of the previous definition
mt_usbphy.c:357:6: warning: function declaration isn't a prototype [-Wstrict-prototypes]
mt_usbphy.c:377:6: warning: conflicting types for 'mt_usb_phy_calibraion' [enabled by default]
mt_usbphy.c:370:13: note: previous implicit declaration of 'mt_usb_phy_calibraion' was here
In file included from mt_emi.c:47:0:
/home/epicuser/kernel_ckt72_w_kk-mt6572/mediatek/platform/mt6572/preloader/src/drivers/inc/mtk_pll.h:111:0: warning: "CLK_SWCG_5" redefined [enabled by default]
/home/epicuser/kernel_ckt72_w_kk-mt6572/mediatek/platform/mt6572/preloader/src/drivers/inc/mtk_pll.h:110:0: note: this is the location of the previous definition
In file included from platform.c:46:0:
/home/epicuser/kernel_ckt72_w_kk-mt6572/mediatek/platform/mt6572/preloader/src/drivers/inc/mtk_pll.h:111:0: warning: "CLK_SWCG_5" redefined [enabled by default]
/home/epicuser/kernel_ckt72_w_kk-mt6572/mediatek/platform/mt6572/preloader/src/drivers/inc/mtk_pll.h:110:0: note: this is the location of the previous definition
In file included from /home/epicuser/kernel_ckt72_w_kk-mt6572/mediatek/platform/mt6572/preloader/src/drivers/inc/gpio.h:55:0,
                 from platform.c:55:
/home/epicuser/kernel_ckt72_w_kk-mt6572/out/target/product/ckt72_w_kk/obj/CUSTGEN/custom/kernel/dct/cust_gpio_usage.h:37:0: warning: "GPIO_KPD_KCOL7_PIN_M_DBG_OUT" redefined [enabled by default]
/home/epicuser/kernel_ckt72_w_kk-mt6572/out/target/product/ckt72_w_kk/obj/CUSTGEN/custom/kernel/dct/cust_gpio_usage.h:36:0: note: this is the location of the previous definition
In file included from /home/epicuser/kernel_ckt72_w_kk-mt6572/mediatek/platform/mt6572/preloader/src/drivers/inc/mt_pmic_wrap_init.h:6:0,
                 from platform.c:56:
/home/epicuser/kernel_ckt72_w_kk-mt6572/mediatek/platform/mt6572/preloader/src/drivers/inc/sync_write.h:4:0: warning: "dsb" redefined [enabled by default]
In file included from platform.c:38:0:
/home/epicuser/kernel_ckt72_w_kk-mt6572/mediatek/platform/mt6572/preloader/src/core/inc/typedefs.h:258:0: note: this is the location of the previous definition
platform.c:211:6: warning: function declaration isn't a prototype [-Wstrict-prototypes]
platform.c:380:6: warning: conflicting types for 'platform_set_chrg_cur' [enabled by default]
platform.c:144:9: note: previous implicit declaration of 'platform_set_chrg_cur' was here
platform.c: In function 'platform_boot_status':
platform.c:1058:12: error: invalid storage class for function 'gic_init'
platform.c:1123:13: error: invalid storage class for function '__bootup_slave_cpu'
platform.c: In function 'bootup_slave_cpu':
platform.c:1145:50: warning: assignment makes integer from pointer without a cast [enabled by default]
platform.c: In function 'platform_boot_status':
platform.c:1168:1: error: expected declaration or statement at end of input
make[4]: *** [/home/epicuser/kernel_ckt72_w_kk-mt6572/mediatek/preloader/build/common.mak:97: /home/epicuser/kernel_ckt72_w_kk-mt6572/out/target/product/ckt72_w_kk/obj/PRELOADER_OBJ/obj/platform.o] Error 1
make[3]: *** [/home/epicuser/kernel_ckt72_w_kk-mt6572/mediatek/preloader/build/common-dir.mak:47: drivers] Error 2
make[2]: *** [Makefile:342: /home/epicuser/kernel_ckt72_w_kk-mt6572/mediatek/platform/mt6572/preloader/src/] Error 2
BUILD FAIL.
